<?xml version="1.0" encoding="UTF-8"?>
<coverage generated="1777143397341" clover="3.2.0">
  <project timestamp="1777143397341" name="All files">
    <metrics statements="431" coveredstatements="414" conditionals="217" coveredconditionals="181" methods="79" coveredmethods="76" elements="727" coveredelements="671" complexity="0" loc="431" ncloc="431" packages="2" files="10" classes="10"/>
    <package name="Routers">
      <metrics statements="206" coveredstatements="191" conditionals="60" coveredconditionals="46" methods="26" coveredmethods="23"/>
      <file name="AmenitiesRouter.ts" path="C:\Users\coley\OneDrive\Desktop\ReactStuff\SE6387_BE\System_BE\src\Routers\AmenitiesRouter.ts">
        <metrics statements="77" coveredstatements="77" conditionals="18" coveredconditionals="16" methods="6" coveredmethods="6"/>
        <line num="21" count="6" type="stmt"/>
        <line num="23" count="6" type="stmt"/>
        <line num="24" count="6" type="stmt"/>
        <line num="25" count="6" type="stmt"/>
        <line num="26" count="6" type="stmt"/>
        <line num="33" count="6" type="stmt"/>
        <line num="35" count="2" type="stmt"/>
        <line num="36" count="2" type="stmt"/>
        <line num="38" count="2" type="cond" truecount="2" falsecount="0"/>
        <line num="39" count="1" type="stmt"/>
        <line num="40" count="1" type="stmt"/>
        <line num="41" count="1" type="stmt"/>
        <line num="45" count="1" type="stmt"/>
        <line num="46" count="1" type="stmt"/>
        <line num="47" count="1" type="stmt"/>
        <line num="48" count="1" type="stmt"/>
        <line num="57" count="6" type="stmt"/>
        <line num="60" count="2" type="stmt"/>
        <line num="61" count="2" type="stmt"/>
        <line num="63" count="2" type="cond" truecount="2" falsecount="0"/>
        <line num="64" count="1" type="stmt"/>
        <line num="65" count="1" type="stmt"/>
        <line num="66" count="1" type="stmt"/>
        <line num="70" count="1" type="stmt"/>
        <line num="71" count="1" type="stmt"/>
        <line num="72" count="1" type="stmt"/>
        <line num="73" count="1" type="stmt"/>
        <line num="74" count="1" type="stmt"/>
        <line num="84" count="6" type="stmt"/>
        <line num="88" count="2" type="stmt"/>
        <line num="89" count="2" type="stmt"/>
        <line num="91" count="2" type="cond" truecount="2" falsecount="0"/>
        <line num="92" count="1" type="stmt"/>
        <line num="93" count="1" type="stmt"/>
        <line num="94" count="1" type="stmt"/>
        <line num="98" count="1" type="stmt"/>
        <line num="99" count="1" type="stmt"/>
        <line num="100" count="1" type="stmt"/>
        <line num="101" count="1" type="stmt"/>
        <line num="103" count="1" type="stmt"/>
        <line num="104" count="1" type="stmt"/>
        <line num="112" count="6" type="stmt"/>
        <line num="114" count="2" type="stmt"/>
        <line num="115" count="2" type="stmt"/>
        <line num="117" count="2" type="cond" truecount="2" falsecount="0"/>
        <line num="118" count="1" type="stmt"/>
        <line num="119" count="1" type="stmt"/>
        <line num="120" count="1" type="stmt"/>
        <line num="124" count="1" type="stmt"/>
        <line num="125" count="1" type="stmt"/>
        <line num="126" count="1" type="stmt"/>
        <line num="134" count="6" type="stmt"/>
        <line num="136" count="2" type="stmt"/>
        <line num="137" count="2" type="stmt"/>
        <line num="139" count="2" type="cond" truecount="2" falsecount="0"/>
        <line num="140" count="1" type="stmt"/>
        <line num="141" count="1" type="stmt"/>
        <line num="142" count="1" type="stmt"/>
        <line num="146" count="1" type="stmt"/>
        <line num="147" count="1" type="stmt"/>
        <line num="148" count="1" type="stmt"/>
        <line num="156" count="6" type="stmt"/>
        <line num="159" count="3" type="stmt"/>
        <line num="160" count="3" type="stmt"/>
        <line num="162" count="3" type="cond" truecount="2" falsecount="0"/>
        <line num="163" count="1" type="stmt"/>
        <line num="164" count="1" type="stmt"/>
        <line num="165" count="1" type="stmt"/>
        <line num="169" count="2" type="stmt"/>
        <line num="170" count="2" type="stmt"/>
        <line num="171" count="2" type="stmt"/>
        <line num="173" count="2" type="stmt"/>
        <line num="175" count="2" type="cond" truecount="1" falsecount="1"/>
        <line num="195" count="2" type="cond" truecount="2" falsecount="0"/>
        <line num="196" count="1" type="stmt"/>
        <line num="199" count="1" type="stmt"/>
        <line num="204" count="6" type="stmt"/>
      </file>
      <file name="InfrastructureRouter.ts" path="C:\Users\coley\OneDrive\Desktop\ReactStuff\SE6387_BE\System_BE\src\Routers\InfrastructureRouter.ts">
        <metrics statements="15" coveredstatements="15" conditionals="8" coveredconditionals="6" methods="1" coveredmethods="1"/>
        <line num="6" count="6" type="stmt"/>
        <line num="13" count="6" type="stmt"/>
        <line num="16" count="3" type="stmt"/>
        <line num="17" count="3" type="stmt"/>
        <line num="19" count="3" type="cond" truecount="2" falsecount="0"/>
        <line num="20" count="1" type="stmt"/>
        <line num="21" count="1" type="stmt"/>
        <line num="22" count="1" type="stmt"/>
        <line num="26" count="2" type="stmt"/>
        <line num="27" count="2" type="stmt"/>
        <line num="28" count="2" type="stmt"/>
        <line num="30" count="2" type="cond" truecount="1" falsecount="1"/>
        <line num="41" count="2" type="cond" truecount="2" falsecount="0"/>
        <line num="42" count="1" type="stmt"/>
        <line num="45" count="1" type="stmt"/>
      </file>
      <file name="NavRouter.ts" path="C:\Users\coley\OneDrive\Desktop\ReactStuff\SE6387_BE\System_BE\src\Routers\NavRouter.ts">
        <metrics statements="111" coveredstatements="96" conditionals="34" coveredconditionals="24" methods="18" coveredmethods="15"/>
        <line num="16" count="6" type="stmt"/>
        <line num="17" count="6" type="stmt"/>
        <line num="19" count="6" type="stmt"/>
        <line num="20" count="6" type="stmt"/>
        <line num="21" count="6" type="stmt"/>
        <line num="23" count="6" type="stmt"/>
        <line num="24" count="6" type="stmt"/>
        <line num="36" count="12" type="stmt"/>
        <line num="37" count="6" type="stmt"/>
        <line num="38" count="6" type="stmt"/>
        <line num="39" count="6" type="stmt"/>
        <line num="44" count="6" type="stmt"/>
        <line num="45" count="21" type="cond" truecount="4" falsecount="0"/>
        <line num="46" count="18" type="stmt"/>
        <line num="47" count="36" type="stmt"/>
        <line num="48" count="36" type="cond" truecount="3" falsecount="1"/>
        <line num="49" count="36" type="cond" truecount="2" falsecount="0"/>
        <line num="50" count="12" type="stmt"/>
        <line num="51" count="12" type="stmt"/>
        <line num="58" count="12" type="cond" truecount="1" falsecount="1"/>
        <line num="59" count="12" type="stmt"/>
        <line num="60" count="12" type="stmt"/>
        <line num="63" count="0" type="stmt"/>
        <line num="67" count="0" type="stmt"/>
        <line num="72" count="18" type="stmt"/>
        <line num="73" count="18" type="stmt"/>
        <line num="74" count="9" type="stmt"/>
        <line num="79" count="6" type="stmt"/>
        <line num="80" count="6" type="stmt"/>
        <line num="81" count="6" type="cond" truecount="2" falsecount="0"/>
        <line num="82" count="1" type="stmt"/>
        <line num="83" count="1" type="stmt"/>
        <line num="117" count="6" type="stmt"/>
        <line num="122" count="2" type="stmt"/>
        <line num="123" count="2" type="stmt"/>
        <line num="125" count="2" type="cond" truecount="2" falsecount="0"/>
        <line num="126" count="1" type="stmt"/>
        <line num="127" count="1" type="stmt"/>
        <line num="128" count="1" type="stmt"/>
        <line num="132" count="1" type="stmt"/>
        <line num="134" count="1" type="stmt"/>
        <line num="135" count="1" type="stmt"/>
        <line num="137" count="1" type="stmt"/>
        <line num="138" count="1" type="stmt"/>
        <line num="141" count="1" type="stmt"/>
        <line num="142" count="1" type="stmt"/>
        <line num="144" count="1" type="stmt"/>
        <line num="145" count="1" type="stmt"/>
        <line num="153" count="1" type="stmt"/>
        <line num="155" count="1" type="stmt"/>
        <line num="156" count="1" type="cond" truecount="1" falsecount="1"/>
        <line num="160" count="1" type="cond" truecount="1" falsecount="1"/>
        <line num="162" count="0" type="stmt"/>
        <line num="163" count="0" type="stmt"/>
        <line num="165" count="1" type="stmt"/>
        <line num="166" count="1" type="stmt"/>
        <line num="167" count="0" type="stmt"/>
        <line num="168" count="0" type="cond" truecount="0" falsecount="2"/>
        <line num="169" count="0" type="stmt"/>
        <line num="171" count="1" type="stmt"/>
        <line num="173" count="0" type="stmt"/>
        <line num="174" count="0" type="stmt"/>
        <line num="191" count="6" type="stmt"/>
        <line num="202" count="9" type="stmt"/>
        <line num="203" count="9" type="stmt"/>
        <line num="205" count="9" type="stmt"/>
        <line num="206" count="13" type="stmt"/>
        <line num="207" count="13" type="stmt"/>
        <line num="208" count="13" type="stmt"/>
        <line num="209" count="13" type="stmt"/>
        <line num="210" count="12" type="cond" truecount="4" falsecount="0"/>
        <line num="212" count="2" type="stmt"/>
        <line num="213" count="1" type="stmt"/>
        <line num="215" count="2" type="stmt"/>
        <line num="216" count="2" type="stmt"/>
        <line num="219" count="7" type="stmt"/>
        <line num="220" count="7" type="stmt"/>
        <line num="221" count="7" type="stmt"/>
        <line num="224" count="1" type="stmt"/>
        <line num="225" count="1" type="stmt"/>
        <line num="226" count="1" type="stmt"/>
        <line num="230" count="2" type="stmt"/>
        <line num="234" count="9" type="stmt"/>
        <line num="235" count="9" type="stmt"/>
        <line num="236" count="9" type="stmt"/>
        <line num="247" count="6" type="stmt"/>
        <line num="248" count="3" type="stmt"/>
        <line num="249" count="3" type="stmt"/>
        <line num="250" count="3" type="stmt"/>
        <line num="251" count="3" type="stmt"/>
        <line num="252" count="3" type="stmt"/>
        <line num="255" count="0" type="stmt"/>
        <line num="256" count="0" type="stmt"/>
        <line num="257" count="0" type="stmt"/>
        <line num="261" count="3" type="stmt"/>
        <line num="267" count="6" type="stmt"/>
        <line num="268" count="2" type="stmt"/>
        <line num="269" count="2" type="stmt"/>
        <line num="270" count="2" type="stmt"/>
        <line num="271" count="2" type="stmt"/>
        <line num="272" count="2" type="stmt"/>
        <line num="275" count="0" type="stmt"/>
        <line num="276" count="0" type="stmt"/>
        <line num="277" count="0" type="stmt"/>
        <line num="281" count="2" type="stmt"/>
        <line num="287" count="6" type="stmt"/>
        <line num="288" count="22" type="stmt"/>
        <line num="289" count="11" type="stmt"/>
        <line num="290" count="11" type="stmt"/>
        <line num="291" count="11" type="stmt"/>
        <line num="293" count="11" type="stmt"/>
      </file>
      <file name="TestRouter.ts" path="C:\Users\coley\OneDrive\Desktop\ReactStuff\SE6387_BE\System_BE\src\Routers\TestRouter.ts">
        <metrics statements="3" coveredstatements="3" conditionals="0" coveredconditionals="0" methods="1" coveredmethods="1"/>
        <line num="3" count="6" type="stmt"/>
        <line num="6" count="6" type="stmt"/>
        <line num="7" count="5" type="stmt"/>
      </file>
    </package>
    <package name="TSObjects">
      <metrics statements="225" coveredstatements="223" conditionals="157" coveredconditionals="135" methods="53" coveredmethods="53"/>
      <file name="AmenityManager.ts" path="C:\Users\coley\OneDrive\Desktop\ReactStuff\SE6387_BE\System_BE\src\TSObjects\AmenityManager.ts">
        <metrics statements="18" coveredstatements="18" conditionals="12" coveredconditionals="12" methods="6" coveredmethods="6"/>
        <line num="10" count="24" type="stmt"/>
        <line num="11" count="7" type="cond" truecount="4" falsecount="0"/>
        <line num="12" count="6" type="stmt"/>
        <line num="14" count="6" type="stmt"/>
        <line num="15" count="6" type="stmt"/>
        <line num="17" count="1" type="stmt"/>
        <line num="25" count="24" type="stmt"/>
        <line num="26" count="5" type="cond" truecount="4" falsecount="0"/>
        <line num="27" count="4" type="stmt"/>
        <line num="33" count="4" type="stmt"/>
        <line num="34" count="4" type="stmt"/>
        <line num="36" count="1" type="stmt"/>
        <line num="43" count="24" type="stmt"/>
        <line num="44" count="13" type="cond" truecount="4" falsecount="0"/>
        <line num="45" count="12" type="stmt"/>
        <line num="47" count="12" type="stmt"/>
        <line num="48" count="12" type="stmt"/>
        <line num="50" count="1" type="stmt"/>
      </file>
      <file name="FilteringSystem.ts" path="C:\Users\coley\OneDrive\Desktop\ReactStuff\SE6387_BE\System_BE\src\TSObjects\FilteringSystem.ts">
        <metrics statements="38" coveredstatements="37" conditionals="29" coveredconditionals="28" methods="9" coveredmethods="9"/>
        <line num="11" count="18" type="stmt"/>
        <line num="19" count="18" type="stmt"/>
        <line num="20" count="30" type="stmt"/>
        <line num="21" count="30" type="stmt"/>
        <line num="29" count="18" type="stmt"/>
        <line num="30" count="11" type="stmt"/>
        <line num="31" count="11" type="stmt"/>
        <line num="40" count="18" type="stmt"/>
        <line num="41" count="4" type="stmt"/>
        <line num="42" count="5" type="stmt"/>
        <line num="43" count="4" type="stmt"/>
        <line num="52" count="18" type="stmt"/>
        <line num="53" count="135" type="stmt"/>
        <line num="54" count="255" type="stmt"/>
        <line num="55" count="255" type="stmt"/>
        <line num="56" count="255" type="stmt"/>
        <line num="57" count="102" type="stmt"/>
        <line num="58" count="102" type="stmt"/>
        <line num="59" count="102" type="cond" truecount="1" falsecount="1"/>
        <line num="60" count="102" type="stmt"/>
        <line num="61" count="102" type="stmt"/>
        <line num="65" count="0" type="stmt"/>
        <line num="68" count="255" type="cond" truecount="2" falsecount="0"/>
        <line num="69" count="192" type="stmt"/>
        <line num="74" count="63" type="cond" truecount="4" falsecount="0"/>
        <line num="76" count="57" type="stmt"/>
        <line num="77" count="57" type="cond" truecount="2" falsecount="0"/>
        <line num="78" count="3" type="cond" truecount="2" falsecount="0"/>
        <line num="80" count="57" type="cond" truecount="2" falsecount="0"/>
        <line num="81" count="45" type="cond" truecount="2" falsecount="0"/>
        <line num="83" count="57" type="cond" truecount="2" falsecount="0"/>
        <line num="84" count="3" type="cond" truecount="2" falsecount="0"/>
        <line num="86" count="57" type="cond" truecount="2" falsecount="0"/>
        <line num="87" count="6" type="cond" truecount="2" falsecount="0"/>
        <line num="89" count="57" type="cond" truecount="2" falsecount="0"/>
        <line num="92" count="6" type="stmt"/>
        <line num="104" count="18" type="stmt"/>
        <line num="106" count="30" type="stmt"/>
      </file>
      <file name="InfrastructuralResourcesManager.ts" path="C:\Users\coley\OneDrive\Desktop\ReactStuff\SE6387_BE\System_BE\src\TSObjects\InfrastructuralResourcesManager.ts">
        <metrics statements="0" coveredstatements="0" conditionals="0" coveredconditionals="0" methods="0" coveredmethods="0"/>
      </file>
      <file name="NavigationSystem.ts" path="C:\Users\coley\OneDrive\Desktop\ReactStuff\SE6387_BE\System_BE\src\TSObjects\NavigationSystem.ts">
        <metrics statements="133" coveredstatements="132" conditionals="71" coveredconditionals="61" methods="25" coveredmethods="25"/>
        <line num="17" count="12" type="stmt"/>
        <line num="18" count="6" type="stmt"/>
        <line num="19" count="12" type="stmt"/>
        <line num="26" count="12" type="stmt"/>
        <line num="27" count="12" type="stmt"/>
        <line num="28" count="12" type="stmt"/>
        <line num="36" count="12" type="stmt"/>
        <line num="38" count="2" type="stmt"/>
        <line num="39" count="2" type="cond" truecount="1" falsecount="1"/>
        <line num="41" count="2" type="stmt"/>
        <line num="45" count="2" type="stmt"/>
        <line num="46" count="2" type="stmt"/>
        <line num="55" count="12" type="stmt"/>
        <line num="56" count="17" type="stmt"/>
        <line num="65" count="17" type="stmt"/>
        <line num="66" count="17" type="stmt"/>
        <line num="67" count="17" type="stmt"/>
        <line num="71" count="17" type="stmt"/>
        <line num="72" count="17" type="stmt"/>
        <line num="84" count="12" type="stmt"/>
        <line num="85" count="17" type="stmt"/>
        <line num="86" count="15" type="cond" truecount="2" falsecount="0"/>
        <line num="87" count="14" type="stmt"/>
        <line num="88" count="14" type="cond" truecount="2" falsecount="0"/>
        <line num="89" count="13" type="stmt"/>
        <line num="90" count="13" type="stmt"/>
        <line num="91" count="13" type="stmt"/>
        <line num="92" count="13" type="stmt"/>
        <line num="93" count="13" type="stmt"/>
        <line num="97" count="13" type="stmt"/>
        <line num="98" count="13" type="stmt"/>
        <line num="101" count="1" type="stmt"/>
        <line num="105" count="1" type="stmt"/>
        <line num="106" count="1" type="stmt"/>
        <line num="110" count="1" type="stmt"/>
        <line num="121" count="12" type="stmt"/>
        <line num="122" count="21" type="stmt"/>
        <line num="123" count="21" type="stmt"/>
        <line num="124" count="21" type="cond" truecount="1" falsecount="1"/>
        <line num="131" count="21" type="stmt"/>
        <line num="132" count="21" type="stmt"/>
        <line num="133" count="21" type="stmt"/>
        <line num="137" count="140" type="stmt"/>
        <line num="140" count="71" type="cond" truecount="4" falsecount="0"/>
        <line num="146" count="0" type="stmt"/>
        <line num="156" count="12" type="stmt"/>
        <line num="157" count="5" type="stmt"/>
        <line num="158" count="5" type="cond" truecount="2" falsecount="0"/>
        <line num="159" count="4" type="cond" truecount="2" falsecount="0"/>
        <line num="160" count="2" type="cond" truecount="2" falsecount="0"/>
        <line num="161" count="1" type="stmt"/>
        <line num="164" count="1" type="stmt"/>
        <line num="165" count="1" type="stmt"/>
        <line num="169" count="2" type="stmt"/>
        <line num="170" count="2" type="stmt"/>
        <line num="172" count="3" type="stmt"/>
        <line num="173" count="3" type="stmt"/>
        <line num="177" count="3" type="stmt"/>
        <line num="180" count="1" type="stmt"/>
        <line num="190" count="12" type="stmt"/>
        <line num="191" count="20" type="stmt"/>
        <line num="192" count="15" type="cond" truecount="2" falsecount="0"/>
        <line num="194" count="14" type="cond" truecount="5" falsecount="0"/>
        <line num="215" count="10" type="stmt"/>
        <line num="216" count="10" type="stmt"/>
        <line num="217" count="10" type="stmt"/>
        <line num="219" count="10" type="stmt"/>
        <line num="220" count="10" type="cond" truecount="2" falsecount="0"/>
        <line num="221" count="6" type="stmt"/>
        <line num="223" count="6" type="stmt"/>
        <line num="225" count="6" type="stmt"/>
        <line num="226" count="6" type="cond" truecount="2" falsecount="0"/>
        <line num="228" count="5" type="stmt"/>
        <line num="229" count="5" type="stmt"/>
        <line num="230" count="5" type="cond" truecount="1" falsecount="1"/>
        <line num="232" count="6" type="cond" truecount="4" falsecount="0"/>
        <line num="234" count="1" type="stmt"/>
        <line num="235" count="1" type="stmt"/>
        <line num="239" count="4" type="cond" truecount="1" falsecount="1"/>
        <line num="240" count="4" type="cond" truecount="2" falsecount="0"/>
        <line num="241" count="2" type="stmt"/>
        <line num="244" count="2" type="stmt"/>
        <line num="247" count="2" type="stmt"/>
        <line num="248" count="2" type="cond" truecount="2" falsecount="0"/>
        <line num="250" count="1" type="stmt"/>
        <line num="251" count="1" type="stmt"/>
        <line num="252" count="1" type="cond" truecount="1" falsecount="1"/>
        <line num="254" count="2" type="cond" truecount="3" falsecount="1"/>
        <line num="256" count="2" type="stmt"/>
        <line num="257" count="2" type="stmt"/>
        <line num="262" count="10" type="cond" truecount="4" falsecount="0"/>
        <line num="264" count="6" type="stmt"/>
        <line num="266" count="6" type="cond" truecount="2" falsecount="0"/>
        <line num="267" count="1" type="stmt"/>
        <line num="268" count="1" type="cond" truecount="1" falsecount="1"/>
        <line num="269" count="1" type="stmt"/>
        <line num="273" count="6" type="stmt"/>
        <line num="274" count="6" type="cond" truecount="3" falsecount="1"/>
        <line num="275" count="6" type="stmt"/>
        <line num="276" count="6" type="cond" truecount="2" falsecount="0"/>
        <line num="277" count="2" type="stmt"/>
        <line num="282" count="6" type="stmt"/>
        <line num="287" count="6" type="stmt"/>
        <line num="291" count="6" type="stmt"/>
        <line num="297" count="1" type="stmt"/>
        <line num="306" count="12" type="stmt"/>
        <line num="307" count="5" type="stmt"/>
        <line num="308" count="7" type="stmt"/>
        <line num="318" count="12" type="stmt"/>
        <line num="319" count="3" type="stmt"/>
        <line num="320" count="3" type="cond" truecount="2" falsecount="0"/>
        <line num="321" count="2" type="stmt"/>
        <line num="322" count="2" type="stmt"/>
        <line num="325" count="1" type="stmt"/>
        <line num="334" count="12" type="stmt"/>
        <line num="335" count="24" type="stmt"/>
        <line num="336" count="19" type="cond" truecount="2" falsecount="0"/>
        <line num="337" count="17" type="stmt"/>
        <line num="338" count="17" type="stmt"/>
        <line num="339" count="17" type="stmt"/>
        <line num="342" count="2" type="stmt"/>
        <line num="354" count="6" type="stmt"/>
        <line num="355" count="3" type="stmt"/>
        <line num="356" count="3" type="stmt"/>
        <line num="357" count="3" type="stmt"/>
        <line num="358" count="3" type="stmt"/>
        <line num="359" count="3" type="stmt"/>
        <line num="371" count="6" type="stmt"/>
        <line num="372" count="1" type="stmt"/>
        <line num="373" count="1" type="stmt"/>
        <line num="374" count="1" type="stmt"/>
        <line num="375" count="1" type="stmt"/>
        <line num="376" count="1" type="stmt"/>
      </file>
      <file name="RecommendationSystem.ts" path="C:\Users\coley\OneDrive\Desktop\ReactStuff\SE6387_BE\System_BE\src\TSObjects\RecommendationSystem.ts">
        <metrics statements="22" coveredstatements="22" conditionals="31" coveredconditionals="23" methods="10" coveredmethods="10"/>
        <line num="18" count="18" type="stmt"/>
        <line num="26" count="18" type="stmt"/>
        <line num="27" count="11" type="stmt"/>
        <line num="28" count="11" type="stmt"/>
        <line num="37" count="18" type="stmt"/>
        <line num="38" count="11" type="stmt"/>
        <line num="39" count="11" type="stmt"/>
        <line num="40" count="11" type="cond" truecount="5" falsecount="0"/>
        <line num="44" count="9" type="stmt"/>
        <line num="46" count="21" type="stmt"/>
        <line num="48" count="9" type="stmt"/>
        <line num="51" count="9" type="stmt"/>
        <line num="52" count="9" type="stmt"/>
        <line num="53" count="9" type="stmt"/>
        <line num="55" count="11" type="cond" truecount="4" falsecount="0"/>
        <line num="56" count="21" type="stmt"/>
        <line num="61" count="11" type="stmt"/>
        <line num="69" count="6" type="stmt"/>
        <line num="70" count="11" type="cond" truecount="3" falsecount="1"/>
        <line num="72" count="10" type="cond" truecount="3" falsecount="1"/>
        <line num="78" count="2" type="cond" truecount="3" falsecount="1"/>
        <line num="85" count="3" type="cond" truecount="2" falsecount="0"/>
      </file>
      <file name="ReroutingSystem.ts" path="C:\Users\coley\OneDrive\Desktop\ReactStuff\SE6387_BE\System_BE\src\TSObjects\ReroutingSystem.ts">
        <metrics statements="14" coveredstatements="14" conditionals="14" coveredconditionals="11" methods="3" coveredmethods="3"/>
        <line num="11" count="18" type="stmt"/>
        <line num="12" count="7" type="cond" truecount="2" falsecount="0"/>
        <line num="13" count="1" type="stmt"/>
        <line num="15" count="7" type="cond" truecount="1" falsecount="1"/>
        <line num="16" count="23" type="cond" truecount="1" falsecount="1"/>
        <line num="17" count="6" type="stmt"/>
        <line num="18" count="6" type="cond" truecount="2" falsecount="0"/>
        <line num="19" count="6" type="cond" truecount="1" falsecount="1"/>
        <line num="21" count="6" type="cond" truecount="2" falsecount="0"/>
        <line num="22" count="1" type="stmt"/>
        <line num="24" count="5" type="stmt"/>
        <line num="26" count="9" type="cond" truecount="2" falsecount="0"/>
        <line num="27" count="2" type="stmt"/>
        <line num="31" count="3" type="stmt"/>
      </file>
    </package>
  </project>
</coverage>
