{"C:\\Users\\coley\\OneDrive\\Desktop\\ReactStuff\\SE6387_BE\\System_BE\\src\\Routers\\AmenitiesRouter.ts": {"path":"C:\\Users\\coley\\OneDrive\\Desktop\\ReactStuff\\SE6387_BE\\System_BE\\src\\Routers\\AmenitiesRouter.ts","statementMap":{"0":{"start":{"line":21,"column":24},"end":{"line":21,"column":36}},"1":{"start":{"line":23,"column":39},"end":{"line":23,"column":59}},"2":{"start":{"line":24,"column":63},"end":{"line":24,"column":100}},"3":{"start":{"line":25,"column":41},"end":{"line":25,"column":76}},"4":{"start":{"line":26,"column":51},"end":{"line":26,"column":92}},"5":{"start":{"line":33,"column":0},"end":{"line":49,"column":2}},"6":{"start":{"line":35,"column":2},"end":{"line":35,"column":45}},"7":{"start":{"line":36,"column":16},"end":{"line":36,"column":37}},"8":{"start":{"line":38,"column":2},"end":{"line":42,"column":3}},"9":{"start":{"line":39,"column":4},"end":{"line":39,"column":32}},"10":{"start":{"line":40,"column":4},"end":{"line":40,"column":69}},"11":{"start":{"line":41,"column":4},"end":{"line":41,"column":11}},"12":{"start":{"line":45,"column":20},"end":{"line":45,"column":36}},"13":{"start":{"line":46,"column":30},"end":{"line":46,"column":52}},"14":{"start":{"line":47,"column":32},"end":{"line":47,"column":123}},"15":{"start":{"line":48,"column":2},"end":{"line":48,"column":22}},"16":{"start":{"line":57,"column":0},"end":{"line":75,"column":2}},"17":{"start":{"line":60,"column":2},"end":{"line":60,"column":53}},"18":{"start":{"line":61,"column":16},"end":{"line":61,"column":37}},"19":{"start":{"line":63,"column":2},"end":{"line":67,"column":3}},"20":{"start":{"line":64,"column":4},"end":{"line":64,"column":32}},"21":{"start":{"line":65,"column":4},"end":{"line":65,"column":78}},"22":{"start":{"line":66,"column":4},"end":{"line":66,"column":11}},"23":{"start":{"line":70,"column":20},"end":{"line":70,"column":36}},"24":{"start":{"line":71,"column":30},"end":{"line":71,"column":52}},"25":{"start":{"line":72,"column":36},"end":{"line":72,"column":52}},"26":{"start":{"line":73,"column":32},"end":{"line":73,"column":164}},"27":{"start":{"line":74,"column":2},"end":{"line":74,"column":22}},"28":{"start":{"line":84,"column":0},"end":{"line":105,"column":2}},"29":{"start":{"line":88,"column":2},"end":{"line":88,"column":70}},"30":{"start":{"line":89,"column":16},"end":{"line":89,"column":37}},"31":{"start":{"line":91,"column":2},"end":{"line":95,"column":3}},"32":{"start":{"line":92,"column":4},"end":{"line":92,"column":32}},"33":{"start":{"line":93,"column":4},"end":{"line":93,"column":81}},"34":{"start":{"line":94,"column":4},"end":{"line":94,"column":11}},"35":{"start":{"line":98,"column":20},"end":{"line":98,"column":36}},"36":{"start":{"line":99,"column":30},"end":{"line":99,"column":52}},"37":{"start":{"line":100,"column":29},"end":{"line":100,"column":41}},"38":{"start":{"line":101,"column":43},"end":{"line":101,"column":58}},"39":{"start":{"line":103,"column":38},"end":{"line":103,"column":113}},"40":{"start":{"line":104,"column":2},"end":{"line":104,"column":28}},"41":{"start":{"line":112,"column":0},"end":{"line":127,"column":2}},"42":{"start":{"line":114,"column":2},"end":{"line":114,"column":46}},"43":{"start":{"line":115,"column":16},"end":{"line":115,"column":37}},"44":{"start":{"line":117,"column":2},"end":{"line":121,"column":3}},"45":{"start":{"line":118,"column":4},"end":{"line":118,"column":32}},"46":{"start":{"line":119,"column":4},"end":{"line":119,"column":71}},"47":{"start":{"line":120,"column":4},"end":{"line":120,"column":11}},"48":{"start":{"line":124,"column":28},"end":{"line":124,"column":47}},"49":{"start":{"line":125,"column":35},"end":{"line":125,"column":84}},"50":{"start":{"line":126,"column":2},"end":{"line":126,"column":20}},"51":{"start":{"line":134,"column":0},"end":{"line":149,"column":2}},"52":{"start":{"line":136,"column":2},"end":{"line":136,"column":44}},"53":{"start":{"line":137,"column":16},"end":{"line":137,"column":37}},"54":{"start":{"line":139,"column":2},"end":{"line":143,"column":3}},"55":{"start":{"line":140,"column":4},"end":{"line":140,"column":32}},"56":{"start":{"line":141,"column":4},"end":{"line":141,"column":68}},"57":{"start":{"line":142,"column":4},"end":{"line":142,"column":11}},"58":{"start":{"line":146,"column":29},"end":{"line":146,"column":53}},"59":{"start":{"line":147,"column":40},"end":{"line":147,"column":92}},"60":{"start":{"line":148,"column":2},"end":{"line":148,"column":30}},"61":{"start":{"line":156,"column":0},"end":{"line":201,"column":2}},"62":{"start":{"line":159,"column":2},"end":{"line":159,"column":59}},"63":{"start":{"line":160,"column":16},"end":{"line":160,"column":37}},"64":{"start":{"line":162,"column":2},"end":{"line":166,"column":3}},"65":{"start":{"line":163,"column":4},"end":{"line":163,"column":32}},"66":{"start":{"line":164,"column":4},"end":{"line":164,"column":68}},"67":{"start":{"line":165,"column":4},"end":{"line":165,"column":11}},"68":{"start":{"line":169,"column":20},"end":{"line":169,"column":36}},"69":{"start":{"line":170,"column":21},"end":{"line":170,"column":28}},"70":{"start":{"line":171,"column":46},"end":{"line":171,"column":58}},"71":{"start":{"line":173,"column":35},"end":{"line":173,"column":77}},"72":{"start":{"line":175,"column":17},"end":{"line":193,"column":4}},"73":{"start":{"line":195,"column":2},"end":{"line":200,"column":3}},"74":{"start":{"line":196,"column":4},"end":{"line":196,"column":54}},"75":{"start":{"line":199,"column":4},"end":{"line":199,"column":45}},"76":{"start":{"line":204,"column":39},"end":{"line":212,"column":2}}},"fnMap":{"0":{"name":"(anonymous_0)","decl":{"start":{"line":33,"column":29},"end":{"line":33,"column":30}},"loc":{"start":{"line":33,"column":49},"end":{"line":49,"column":1}},"line":33},"1":{"name":"(anonymous_1)","decl":{"start":{"line":57,"column":32},"end":{"line":57,"column":33}},"loc":{"start":{"line":57,"column":52},"end":{"line":75,"column":1}},"line":57},"2":{"name":"(anonymous_2)","decl":{"start":{"line":84,"column":35},"end":{"line":84,"column":36}},"loc":{"start":{"line":84,"column":55},"end":{"line":105,"column":1}},"line":84},"3":{"name":"(anonymous_3)","decl":{"start":{"line":112,"column":33},"end":{"line":112,"column":34}},"loc":{"start":{"line":112,"column":53},"end":{"line":127,"column":1}},"line":112},"4":{"name":"(anonymous_4)","decl":{"start":{"line":134,"column":32},"end":{"line":134,"column":33}},"loc":{"start":{"line":134,"column":52},"end":{"line":149,"column":1}},"line":134},"5":{"name":"(anonymous_5)","decl":{"start":{"line":156,"column":41},"end":{"line":156,"column":42}},"loc":{"start":{"line":156,"column":61},"end":{"line":201,"column":1}},"line":156}},"branchMap":{"0":{"loc":{"start":{"line":38,"column":2},"end":{"line":42,"column":3}},"type":"if","locations":[{"start":{"line":38,"column":2},"end":{"line":42,"column":3}},{"start":{},"end":{}}],"line":38},"1":{"loc":{"start":{"line":63,"column":2},"end":{"line":67,"column":3}},"type":"if","locations":[{"start":{"line":63,"column":2},"end":{"line":67,"column":3}},{"start":{},"end":{}}],"line":63},"2":{"loc":{"start":{"line":91,"column":2},"end":{"line":95,"column":3}},"type":"if","locations":[{"start":{"line":91,"column":2},"end":{"line":95,"column":3}},{"start":{},"end":{}}],"line":91},"3":{"loc":{"start":{"line":117,"column":2},"end":{"line":121,"column":3}},"type":"if","locations":[{"start":{"line":117,"column":2},"end":{"line":121,"column":3}},{"start":{},"end":{}}],"line":117},"4":{"loc":{"start":{"line":139,"column":2},"end":{"line":143,"column":3}},"type":"if","locations":[{"start":{"line":139,"column":2},"end":{"line":143,"column":3}},{"start":{},"end":{}}],"line":139},"5":{"loc":{"start":{"line":162,"column":2},"end":{"line":166,"column":3}},"type":"if","locations":[{"start":{"line":162,"column":2},"end":{"line":166,"column":3}},{"start":{},"end":{}}],"line":162},"6":{"loc":{"start":{"line":175,"column":29},"end":{"line":175,"column":94}},"type":"binary-expr","locations":[{"start":{"line":175,"column":29},"end":{"line":175,"column":88}},{"start":{"line":175,"column":92},"end":{"line":175,"column":94}}],"line":175},"7":{"loc":{"start":{"line":176,"column":12},"end":{"line":176,"column":88}},"type":"binary-expr","locations":[{"start":{"line":176,"column":12},"end":{"line":176,"column":78}},{"start":{"line":176,"column":82},"end":{"line":176,"column":88}}],"line":176},"8":{"loc":{"start":{"line":195,"column":2},"end":{"line":200,"column":3}},"type":"if","locations":[{"start":{"line":195,"column":2},"end":{"line":200,"column":3}},{"start":{"line":198,"column":7},"end":{"line":200,"column":3}}],"line":195}},"s":{"0":1,"1":1,"2":1,"3":1,"4":1,"5":1,"6":2,"7":2,"8":2,"9":1,"10":1,"11":1,"12":1,"13":1,"14":1,"15":1,"16":1,"17":2,"18":2,"19":2,"20":1,"21":1,"22":1,"23":1,"24":1,"25":1,"26":1,"27":1,"28":1,"29":2,"30":2,"31":2,"32":1,"33":1,"34":1,"35":1,"36":1,"37":1,"38":1,"39":1,"40":1,"41":1,"42":2,"43":2,"44":2,"45":1,"46":1,"47":1,"48":1,"49":1,"50":1,"51":1,"52":2,"53":2,"54":2,"55":1,"56":1,"57":1,"58":1,"59":1,"60":1,"61":1,"62":3,"63":3,"64":3,"65":1,"66":1,"67":1,"68":2,"69":2,"70":2,"71":2,"72":2,"73":2,"74":1,"75":1,"76":1},"f":{"0":2,"1":2,"2":2,"3":2,"4":2,"5":3},"b":{"0":[1,1],"1":[1,1],"2":[1,1],"3":[1,1],"4":[1,1],"5":[1,2],"6":[2,0],"7":[2,0],"8":[1,1]},"_coverageSchema":"1a1c01bbd47fc00a2c39e90264f33305004495a9","hash":"c41dd4e11c5b4eb18c508263ea3a416c89262316"}
,"C:\\Users\\coley\\OneDrive\\Desktop\\ReactStuff\\SE6387_BE\\System_BE\\src\\Routers\\InfrastructureRouter.ts": {"path":"C:\\Users\\coley\\OneDrive\\Desktop\\ReactStuff\\SE6387_BE\\System_BE\\src\\Routers\\InfrastructureRouter.ts","statementMap":{"0":{"start":{"line":6,"column":29},"end":{"line":6,"column":41}},"1":{"start":{"line":13,"column":0},"end":{"line":47,"column":2}},"2":{"start":{"line":16,"column":2},"end":{"line":16,"column":53}},"3":{"start":{"line":17,"column":16},"end":{"line":17,"column":37}},"4":{"start":{"line":19,"column":2},"end":{"line":23,"column":3}},"5":{"start":{"line":20,"column":4},"end":{"line":20,"column":32}},"6":{"start":{"line":21,"column":4},"end":{"line":21,"column":68}},"7":{"start":{"line":22,"column":4},"end":{"line":22,"column":11}},"8":{"start":{"line":26,"column":20},"end":{"line":26,"column":36}},"9":{"start":{"line":27,"column":21},"end":{"line":27,"column":28}},"10":{"start":{"line":28,"column":37},"end":{"line":28,"column":52}},"11":{"start":{"line":30,"column":17},"end":{"line":39,"column":4}},"12":{"start":{"line":41,"column":2},"end":{"line":46,"column":3}},"13":{"start":{"line":42,"column":4},"end":{"line":42,"column":54}},"14":{"start":{"line":45,"column":4},"end":{"line":45,"column":45}}},"fnMap":{"0":{"name":"(anonymous_0)","decl":{"start":{"line":13,"column":42},"end":{"line":13,"column":43}},"loc":{"start":{"line":13,"column":62},"end":{"line":47,"column":1}},"line":13}},"branchMap":{"0":{"loc":{"start":{"line":19,"column":2},"end":{"line":23,"column":3}},"type":"if","locations":[{"start":{"line":19,"column":2},"end":{"line":23,"column":3}},{"start":{},"end":{}}],"line":19},"1":{"loc":{"start":{"line":30,"column":29},"end":{"line":30,"column":97}},"type":"binary-expr","locations":[{"start":{"line":30,"column":29},"end":{"line":30,"column":91}},{"start":{"line":30,"column":95},"end":{"line":30,"column":97}}],"line":30},"2":{"loc":{"start":{"line":31,"column":12},"end":{"line":31,"column":91}},"type":"binary-expr","locations":[{"start":{"line":31,"column":12},"end":{"line":31,"column":81}},{"start":{"line":31,"column":85},"end":{"line":31,"column":91}}],"line":31},"3":{"loc":{"start":{"line":41,"column":2},"end":{"line":46,"column":3}},"type":"if","locations":[{"start":{"line":41,"column":2},"end":{"line":46,"column":3}},{"start":{"line":44,"column":7},"end":{"line":46,"column":3}}],"line":41}},"s":{"0":1,"1":1,"2":3,"3":3,"4":3,"5":1,"6":1,"7":1,"8":2,"9":2,"10":2,"11":2,"12":2,"13":1,"14":1},"f":{"0":3},"b":{"0":[1,2],"1":[2,0],"2":[2,0],"3":[1,1]},"_coverageSchema":"1a1c01bbd47fc00a2c39e90264f33305004495a9","hash":"2e3d4f10b7a0cffe1b9417458d312d23a2938d43"}
,"C:\\Users\\coley\\OneDrive\\Desktop\\ReactStuff\\SE6387_BE\\System_BE\\src\\Routers\\NavRouter.ts": {"path":"C:\\Users\\coley\\OneDrive\\Desktop\\ReactStuff\\SE6387_BE\\System_BE\\src\\Routers\\NavRouter.ts","statementMap":{"0":{"start":{"line":12,"column":18},"end":{"line":12,"column":30}},"1":{"start":{"line":14,"column":43},"end":{"line":14,"column":65}},"2":{"start":{"line":46,"column":0},"end":{"line":114,"column":2}},"3":{"start":{"line":51,"column":2},"end":{"line":51,"column":47}},"4":{"start":{"line":52,"column":16},"end":{"line":52,"column":37}},"5":{"start":{"line":54,"column":2},"end":{"line":58,"column":3}},"6":{"start":{"line":55,"column":4},"end":{"line":55,"column":32}},"7":{"start":{"line":56,"column":4},"end":{"line":56,"column":69}},"8":{"start":{"line":57,"column":4},"end":{"line":57,"column":11}},"9":{"start":{"line":61,"column":27},"end":{"line":61,"column":60}},"10":{"start":{"line":63,"column":50},"end":{"line":63,"column":66}},"11":{"start":{"line":64,"column":30},"end":{"line":64,"column":62}},"12":{"start":{"line":66,"column":23},"end":{"line":66,"column":29}},"13":{"start":{"line":67,"column":2},"end":{"line":67,"column":83}},"14":{"start":{"line":70,"column":31},"end":{"line":70,"column":93}},"15":{"start":{"line":71,"column":2},"end":{"line":71,"column":47}},"16":{"start":{"line":73,"column":2},"end":{"line":104,"column":5}},"17":{"start":{"line":74,"column":19},"end":{"line":78,"column":6}},"18":{"start":{"line":82,"column":4},"end":{"line":82,"column":30}},"19":{"start":{"line":84,"column":15},"end":{"line":84,"column":49}},"20":{"start":{"line":85,"column":4},"end":{"line":85,"column":46}},"21":{"start":{"line":85,"column":12},"end":{"line":85,"column":46}},"22":{"start":{"line":89,"column":4},"end":{"line":93,"column":5}},"23":{"start":{"line":91,"column":18},"end":{"line":91,"column":57}},"24":{"start":{"line":92,"column":6},"end":{"line":92,"column":27}},"25":{"start":{"line":94,"column":23},"end":{"line":94,"column":59}},"26":{"start":{"line":95,"column":6},"end":{"line":99,"column":9}},"27":{"start":{"line":96,"column":8},"end":{"line":96,"column":44}},"28":{"start":{"line":97,"column":8},"end":{"line":98,"column":23}},"29":{"start":{"line":97,"column":30},"end":{"line":97,"column":50}},"30":{"start":{"line":98,"column":13},"end":{"line":98,"column":23}},"31":{"start":{"line":100,"column":6},"end":{"line":100,"column":27}},"32":{"start":{"line":102,"column":6},"end":{"line":102,"column":41}},"33":{"start":{"line":103,"column":6},"end":{"line":103,"column":26}},"34":{"start":{"line":120,"column":0},"end":{"line":169,"column":3}},"35":{"start":{"line":131,"column":13},"end":{"line":131,"column":31}},"36":{"start":{"line":132,"column":24},"end":{"line":132,"column":65}},"37":{"start":{"line":134,"column":2},"end":{"line":159,"column":5}},"38":{"start":{"line":135,"column":4},"end":{"line":158,"column":5}},"39":{"start":{"line":136,"column":36},"end":{"line":136,"column":58}},"40":{"start":{"line":137,"column":6},"end":{"line":137,"column":54}},"41":{"start":{"line":138,"column":34},"end":{"line":138,"column":59}},"42":{"start":{"line":139,"column":6},"end":{"line":154,"column":7}},"43":{"start":{"line":142,"column":10},"end":{"line":142,"column":16}},"44":{"start":{"line":144,"column":10},"end":{"line":144,"column":48}},"45":{"start":{"line":145,"column":10},"end":{"line":145,"column":16}},"46":{"start":{"line":148,"column":54},"end":{"line":148,"column":66}},"47":{"start":{"line":149,"column":10},"end":{"line":149,"column":123}},"48":{"start":{"line":150,"column":10},"end":{"line":150,"column":16}},"49":{"start":{"line":153,"column":10},"end":{"line":153,"column":16}},"50":{"start":{"line":157,"column":6},"end":{"line":157,"column":88}},"51":{"start":{"line":161,"column":2},"end":{"line":168,"column":4}},"52":{"start":{"line":162,"column":4},"end":{"line":167,"column":5}},"53":{"start":{"line":163,"column":6},"end":{"line":163,"column":44}}},"fnMap":{"0":{"name":"(anonymous_0)","decl":{"start":{"line":46,"column":31},"end":{"line":46,"column":32}},"loc":{"start":{"line":46,"column":51},"end":{"line":114,"column":1}},"line":46},"1":{"name":"(anonymous_1)","decl":{"start":{"line":95,"column":29},"end":{"line":95,"column":30}},"loc":{"start":{"line":95,"column":38},"end":{"line":99,"column":7}},"line":95},"2":{"name":"(anonymous_2)","decl":{"start":{"line":120,"column":18},"end":{"line":120,"column":19}},"loc":{"start":{"line":120,"column":38},"end":{"line":169,"column":1}},"line":120},"3":{"name":"(anonymous_3)","decl":{"start":{"line":134,"column":19},"end":{"line":134,"column":20}},"loc":{"start":{"line":134,"column":35},"end":{"line":159,"column":3}},"line":134},"4":{"name":"(anonymous_4)","decl":{"start":{"line":161,"column":17},"end":{"line":161,"column":18}},"loc":{"start":{"line":161,"column":23},"end":{"line":168,"column":3}},"line":161}},"branchMap":{"0":{"loc":{"start":{"line":54,"column":2},"end":{"line":58,"column":3}},"type":"if","locations":[{"start":{"line":54,"column":2},"end":{"line":58,"column":3}},{"start":{},"end":{}}],"line":54},"1":{"loc":{"start":{"line":85,"column":4},"end":{"line":85,"column":46}},"type":"if","locations":[{"start":{"line":85,"column":4},"end":{"line":85,"column":46}},{"start":{},"end":{}}],"line":85},"2":{"loc":{"start":{"line":89,"column":4},"end":{"line":93,"column":5}},"type":"if","locations":[{"start":{"line":89,"column":4},"end":{"line":93,"column":5}},{"start":{},"end":{}}],"line":89},"3":{"loc":{"start":{"line":97,"column":8},"end":{"line":98,"column":23}},"type":"if","locations":[{"start":{"line":97,"column":8},"end":{"line":98,"column":23}},{"start":{"line":98,"column":13},"end":{"line":98,"column":23}}],"line":97},"4":{"loc":{"start":{"line":139,"column":6},"end":{"line":154,"column":7}},"type":"switch","locations":[{"start":{"line":140,"column":8},"end":{"line":142,"column":16}},{"start":{"line":143,"column":8},"end":{"line":145,"column":16}},{"start":{"line":146,"column":8},"end":{"line":150,"column":16}},{"start":{"line":151,"column":8},"end":{"line":153,"column":16}}],"line":139}},"s":{"0":1,"1":1,"2":1,"3":2,"4":2,"5":2,"6":1,"7":1,"8":1,"9":1,"10":1,"11":1,"12":1,"13":1,"14":1,"15":1,"16":1,"17":1,"18":1,"19":1,"20":1,"21":1,"22":1,"23":0,"24":0,"25":1,"26":1,"27":0,"28":0,"29":0,"30":0,"31":1,"32":0,"33":0,"34":1,"35":4,"36":4,"37":4,"38":5,"39":5,"40":5,"41":5,"42":4,"43":0,"44":2,"45":2,"46":2,"47":2,"48":2,"49":0,"50":1,"51":4,"52":4,"53":4},"f":{"0":2,"1":0,"2":4,"3":5,"4":4},"b":{"0":[1,1],"1":[1,0],"2":[0,1],"3":[0,0],"4":[0,2,2,0]},"_coverageSchema":"1a1c01bbd47fc00a2c39e90264f33305004495a9","hash":"0273cf11ac7d8078f96974acb7a23e0d6d5c9bd0"}
,"C:\\Users\\coley\\OneDrive\\Desktop\\ReactStuff\\SE6387_BE\\System_BE\\src\\Routers\\TestRouter.ts": {"path":"C:\\Users\\coley\\OneDrive\\Desktop\\ReactStuff\\SE6387_BE\\System_BE\\src\\Routers\\TestRouter.ts","statementMap":{"0":{"start":{"line":3,"column":19},"end":{"line":3,"column":35}},"1":{"start":{"line":6,"column":0},"end":{"line":8,"column":2}},"2":{"start":{"line":7,"column":2},"end":{"line":7,"column":41}}},"fnMap":{"0":{"name":"(anonymous_0)","decl":{"start":{"line":6,"column":20},"end":{"line":6,"column":21}},"loc":{"start":{"line":6,"column":40},"end":{"line":8,"column":1}},"line":6}},"branchMap":{},"s":{"0":1,"1":1,"2":0},"f":{"0":0},"b":{},"_coverageSchema":"1a1c01bbd47fc00a2c39e90264f33305004495a9","hash":"6e2cd6ea94ccc291d97162cf78b5b297e74fa0ae"}
,"C:\\Users\\coley\\OneDrive\\Desktop\\ReactStuff\\SE6387_BE\\System_BE\\src\\TSObjects\\AmenityManager.ts": {"path":"C:\\Users\\coley\\OneDrive\\Desktop\\ReactStuff\\SE6387_BE\\System_BE\\src\\TSObjects\\AmenityManager.ts","statementMap":{"0":{"start":{"line":10,"column":24},"end":{"line":18,"column":3}},"1":{"start":{"line":11,"column":4},"end":{"line":16,"column":5}},"2":{"start":{"line":12,"column":21},"end":{"line":14,"column":34}},"3":{"start":{"line":14,"column":23},"end":{"line":14,"column":33}},"4":{"start":{"line":15,"column":6},"end":{"line":15,"column":32}},"5":{"start":{"line":17,"column":4},"end":{"line":17,"column":14}},"6":{"start":{"line":25,"column":29},"end":{"line":37,"column":3}},"7":{"start":{"line":26,"column":4},"end":{"line":35,"column":5}},"8":{"start":{"line":27,"column":21},"end":{"line":33,"column":34}},"9":{"start":{"line":33,"column":23},"end":{"line":33,"column":33}},"10":{"start":{"line":34,"column":6},"end":{"line":34,"column":32}},"11":{"start":{"line":36,"column":4},"end":{"line":36,"column":33}},"12":{"start":{"line":43,"column":32},"end":{"line":51,"column":3}},"13":{"start":{"line":44,"column":4},"end":{"line":49,"column":5}},"14":{"start":{"line":45,"column":21},"end":{"line":47,"column":34}},"15":{"start":{"line":47,"column":23},"end":{"line":47,"column":33}},"16":{"start":{"line":48,"column":6},"end":{"line":48,"column":32}},"17":{"start":{"line":50,"column":4},"end":{"line":50,"column":14}}},"fnMap":{"0":{"name":"(anonymous_0)","decl":{"start":{"line":10,"column":24},"end":{"line":10,"column":25}},"loc":{"start":{"line":10,"column":57},"end":{"line":18,"column":3}},"line":10},"1":{"name":"(anonymous_1)","decl":{"start":{"line":14,"column":14},"end":{"line":14,"column":15}},"loc":{"start":{"line":14,"column":23},"end":{"line":14,"column":33}},"line":14},"2":{"name":"(anonymous_2)","decl":{"start":{"line":25,"column":29},"end":{"line":25,"column":30}},"loc":{"start":{"line":25,"column":77},"end":{"line":37,"column":3}},"line":25},"3":{"name":"(anonymous_3)","decl":{"start":{"line":33,"column":14},"end":{"line":33,"column":15}},"loc":{"start":{"line":33,"column":23},"end":{"line":33,"column":33}},"line":33},"4":{"name":"(anonymous_4)","decl":{"start":{"line":43,"column":32},"end":{"line":43,"column":33}},"loc":{"start":{"line":43,"column":72},"end":{"line":51,"column":3}},"line":43},"5":{"name":"(anonymous_5)","decl":{"start":{"line":47,"column":14},"end":{"line":47,"column":15}},"loc":{"start":{"line":47,"column":23},"end":{"line":47,"column":33}},"line":47}},"branchMap":{"0":{"loc":{"start":{"line":11,"column":4},"end":{"line":16,"column":5}},"type":"if","locations":[{"start":{"line":11,"column":4},"end":{"line":16,"column":5}},{"start":{},"end":{}}],"line":11},"1":{"loc":{"start":{"line":11,"column":8},"end":{"line":11,"column":139}},"type":"binary-expr","locations":[{"start":{"line":11,"column":8},"end":{"line":11,"column":75}},{"start":{"line":11,"column":79},"end":{"line":11,"column":139}}],"line":11},"2":{"loc":{"start":{"line":26,"column":4},"end":{"line":35,"column":5}},"type":"if","locations":[{"start":{"line":26,"column":4},"end":{"line":35,"column":5}},{"start":{},"end":{}}],"line":26},"3":{"loc":{"start":{"line":26,"column":8},"end":{"line":26,"column":151}},"type":"binary-expr","locations":[{"start":{"line":26,"column":8},"end":{"line":26,"column":81}},{"start":{"line":26,"column":85},"end":{"line":26,"column":151}}],"line":26},"4":{"loc":{"start":{"line":44,"column":4},"end":{"line":49,"column":5}},"type":"if","locations":[{"start":{"line":44,"column":4},"end":{"line":49,"column":5}},{"start":{},"end":{}}],"line":44},"5":{"loc":{"start":{"line":44,"column":8},"end":{"line":44,"column":159}},"type":"binary-expr","locations":[{"start":{"line":44,"column":8},"end":{"line":44,"column":85}},{"start":{"line":44,"column":89},"end":{"line":44,"column":159}}],"line":44}},"s":{"0":11,"1":3,"2":2,"3":2,"4":2,"5":1,"6":11,"7":5,"8":4,"9":4,"10":4,"11":1,"12":11,"13":5,"14":4,"15":4,"16":4,"17":1},"f":{"0":3,"1":2,"2":5,"3":4,"4":5,"5":4},"b":{"0":[2,1],"1":[3,2],"2":[4,1],"3":[5,4],"4":[4,1],"5":[5,4]},"_coverageSchema":"1a1c01bbd47fc00a2c39e90264f33305004495a9","hash":"78fed6e38bf58850363d8fa5a48ce42e3718d8fc"}
,"C:\\Users\\coley\\OneDrive\\Desktop\\ReactStuff\\SE6387_BE\\System_BE\\src\\TSObjects\\FilteringSystem.ts": {"path":"C:\\Users\\coley\\OneDrive\\Desktop\\ReactStuff\\SE6387_BE\\System_BE\\src\\TSObjects\\FilteringSystem.ts","statementMap":{"0":{"start":{"line":11,"column":4},"end":{"line":11,"column":41}},"1":{"start":{"line":19,"column":29},"end":{"line":22,"column":3}},"2":{"start":{"line":20,"column":44},"end":{"line":20,"column":92}},"3":{"start":{"line":21,"column":4},"end":{"line":21,"column":53}},"4":{"start":{"line":29,"column":33},"end":{"line":32,"column":3}},"5":{"start":{"line":30,"column":37},"end":{"line":30,"column":77}},"6":{"start":{"line":31,"column":4},"end":{"line":31,"column":46}},"7":{"start":{"line":40,"column":39},"end":{"line":44,"column":3}},"8":{"start":{"line":41,"column":37},"end":{"line":41,"column":77}},"9":{"start":{"line":42,"column":38},"end":{"line":42,"column":143}},"10":{"start":{"line":42,"column":78},"end":{"line":42,"column":105}},"11":{"start":{"line":43,"column":4},"end":{"line":43,"column":53}},"12":{"start":{"line":52,"column":19},"end":{"line":54,"column":3}},"13":{"start":{"line":53,"column":4},"end":{"line":53,"column":250}},"14":{"start":{"line":53,"column":51},"end":{"line":53,"column":248}},"15":{"start":{"line":53,"column":112},"end":{"line":53,"column":241}},"16":{"start":{"line":62,"column":26},"end":{"line":64,"column":3}},"17":{"start":{"line":63,"column":4},"end":{"line":63,"column":257}},"18":{"start":{"line":63,"column":58},"end":{"line":63,"column":255}},"19":{"start":{"line":63,"column":119},"end":{"line":63,"column":248}}},"fnMap":{"0":{"name":"(anonymous_0)","decl":{"start":{"line":10,"column":2},"end":{"line":10,"column":3}},"loc":{"start":{"line":10,"column":53},"end":{"line":12,"column":3}},"line":10},"1":{"name":"(anonymous_1)","decl":{"start":{"line":19,"column":29},"end":{"line":19,"column":30}},"loc":{"start":{"line":19,"column":87},"end":{"line":22,"column":3}},"line":19},"2":{"name":"(anonymous_2)","decl":{"start":{"line":29,"column":33},"end":{"line":29,"column":34}},"loc":{"start":{"line":29,"column":84},"end":{"line":32,"column":3}},"line":29},"3":{"name":"(anonymous_3)","decl":{"start":{"line":40,"column":39},"end":{"line":40,"column":40}},"loc":{"start":{"line":40,"column":110},"end":{"line":44,"column":3}},"line":40},"4":{"name":"(anonymous_4)","decl":{"start":{"line":42,"column":57},"end":{"line":42,"column":58}},"loc":{"start":{"line":42,"column":78},"end":{"line":42,"column":105}},"line":42},"5":{"name":"(anonymous_5)","decl":{"start":{"line":52,"column":19},"end":{"line":52,"column":20}},"loc":{"start":{"line":52,"column":78},"end":{"line":54,"column":3}},"line":52},"6":{"name":"(anonymous_6)","decl":{"start":{"line":53,"column":28},"end":{"line":53,"column":29}},"loc":{"start":{"line":53,"column":51},"end":{"line":53,"column":248}},"line":53},"7":{"name":"(anonymous_7)","decl":{"start":{"line":53,"column":66},"end":{"line":53,"column":67}},"loc":{"start":{"line":53,"column":112},"end":{"line":53,"column":241}},"line":53},"8":{"name":"(anonymous_8)","decl":{"start":{"line":62,"column":26},"end":{"line":62,"column":27}},"loc":{"start":{"line":62,"column":99},"end":{"line":64,"column":3}},"line":62},"9":{"name":"(anonymous_9)","decl":{"start":{"line":63,"column":28},"end":{"line":63,"column":29}},"loc":{"start":{"line":63,"column":58},"end":{"line":63,"column":255}},"line":63},"10":{"name":"(anonymous_10)","decl":{"start":{"line":63,"column":73},"end":{"line":63,"column":74}},"loc":{"start":{"line":63,"column":119},"end":{"line":63,"column":248}},"line":63}},"branchMap":{"0":{"loc":{"start":{"line":53,"column":112},"end":{"line":53,"column":241}},"type":"binary-expr","locations":[{"start":{"line":53,"column":112},"end":{"line":53,"column":122}},{"start":{"line":53,"column":126},"end":{"line":53,"column":178}},{"start":{"line":53,"column":182},"end":{"line":53,"column":241}}],"line":53},"1":{"loc":{"start":{"line":63,"column":119},"end":{"line":63,"column":248}},"type":"binary-expr","locations":[{"start":{"line":63,"column":119},"end":{"line":63,"column":129}},{"start":{"line":63,"column":133},"end":{"line":63,"column":185}},{"start":{"line":63,"column":189},"end":{"line":63,"column":248}}],"line":63}},"s":{"0":6,"1":6,"2":10,"3":10,"4":6,"5":4,"6":4,"7":6,"8":3,"9":3,"10":4,"11":3,"12":6,"13":7,"14":21,"15":30,"16":6,"17":10,"18":30,"19":15},"f":{"0":6,"1":10,"2":4,"3":3,"4":4,"5":7,"6":21,"7":30,"8":10,"9":30,"10":15},"b":{"0":[30,20,14],"1":[15,12,6]},"_coverageSchema":"1a1c01bbd47fc00a2c39e90264f33305004495a9","hash":"6a07fe454dad73851d1b419ee934cd9aa56a21f8"}
,"C:\\Users\\coley\\OneDrive\\Desktop\\ReactStuff\\SE6387_BE\\System_BE\\src\\TSObjects\\InfrastructuralResourcesManager.ts": {"path":"C:\\Users\\coley\\OneDrive\\Desktop\\ReactStuff\\SE6387_BE\\System_BE\\src\\TSObjects\\InfrastructuralResourcesManager.ts","statementMap":{},"fnMap":{},"branchMap":{},"s":{},"f":{},"b":{},"_coverageSchema":"1a1c01bbd47fc00a2c39e90264f33305004495a9","hash":"cef300dadb6cce746a4d88c3e06330e431b7abe8"}
,"C:\\Users\\coley\\OneDrive\\Desktop\\ReactStuff\\SE6387_BE\\System_BE\\src\\TSObjects\\NavigationSystem.ts": {"path":"C:\\Users\\coley\\OneDrive\\Desktop\\ReactStuff\\SE6387_BE\\System_BE\\src\\TSObjects\\NavigationSystem.ts","statementMap":{"0":{"start":{"line":9,"column":51},"end":{"line":9,"column":53}},"1":{"start":{"line":10,"column":50},"end":{"line":10,"column":58}},"2":{"start":{"line":11,"column":30},"end":{"line":11,"column":31}},"3":{"start":{"line":18,"column":18},"end":{"line":29,"column":3}},"4":{"start":{"line":20,"column":33},"end":{"line":20,"column":133}},"5":{"start":{"line":21,"column":32},"end":{"line":22,"column":83}},"6":{"start":{"line":23,"column":19},"end":{"line":27,"column":31}},"7":{"start":{"line":27,"column":20},"end":{"line":27,"column":30}},"8":{"start":{"line":28,"column":4},"end":{"line":28,"column":18}},"9":{"start":{"line":37,"column":32},"end":{"line":50,"column":3}},"10":{"start":{"line":38,"column":41},"end":{"line":41,"column":5}},"11":{"start":{"line":42,"column":4},"end":{"line":42,"column":51}},"12":{"start":{"line":43,"column":4},"end":{"line":43,"column":24}},"13":{"start":{"line":44,"column":34},"end":{"line":47,"column":5}},"14":{"start":{"line":48,"column":4},"end":{"line":48,"column":47}},"15":{"start":{"line":49,"column":4},"end":{"line":49,"column":31}},"16":{"start":{"line":61,"column":20},"end":{"line":75,"column":3}},"17":{"start":{"line":62,"column":50},"end":{"line":62,"column":144}},"18":{"start":{"line":62,"column":115},"end":{"line":62,"column":143}},"19":{"start":{"line":63,"column":4},"end":{"line":74,"column":5}},"20":{"start":{"line":64,"column":26},"end":{"line":64,"column":82}},"21":{"start":{"line":65,"column":38},"end":{"line":68,"column":7}},"22":{"start":{"line":69,"column":6},"end":{"line":69,"column":62}},"23":{"start":{"line":70,"column":6},"end":{"line":70,"column":17}},"24":{"start":{"line":73,"column":6},"end":{"line":73,"column":78}},"25":{"start":{"line":84,"column":19},"end":{"line":103,"column":3}},"26":{"start":{"line":85,"column":19},"end":{"line":92,"column":31}},"27":{"start":{"line":92,"column":20},"end":{"line":92,"column":30}},"28":{"start":{"line":93,"column":4},"end":{"line":102,"column":6}},"29":{"start":{"line":97,"column":8},"end":{"line":97,"column":166}},"30":{"start":{"line":97,"column":44},"end":{"line":97,"column":158}},"31":{"start":{"line":97,"column":91},"end":{"line":97,"column":156}},"32":{"start":{"line":100,"column":8},"end":{"line":100,"column":185}},"33":{"start":{"line":100,"column":45},"end":{"line":100,"column":176}},"34":{"start":{"line":111,"column":19},"end":{"line":123,"column":3}},"35":{"start":{"line":112,"column":49},"end":{"line":112,"column":143}},"36":{"start":{"line":112,"column":114},"end":{"line":112,"column":142}},"37":{"start":{"line":113,"column":4},"end":{"line":122,"column":5}},"38":{"start":{"line":114,"column":41},"end":{"line":117,"column":7}},"39":{"start":{"line":118,"column":6},"end":{"line":118,"column":64}},"40":{"start":{"line":121,"column":6},"end":{"line":121,"column":77}},"41":{"start":{"line":130,"column":25},"end":{"line":140,"column":3}},"42":{"start":{"line":131,"column":44},"end":{"line":131,"column":143}},"43":{"start":{"line":131,"column":114},"end":{"line":131,"column":142}},"44":{"start":{"line":132,"column":4},"end":{"line":139,"column":5}},"45":{"start":{"line":133,"column":48},"end":{"line":133,"column":99}},"46":{"start":{"line":134,"column":6},"end":{"line":134,"column":68}},"47":{"start":{"line":135,"column":6},"end":{"line":135,"column":44}},"48":{"start":{"line":138,"column":6},"end":{"line":138,"column":84}},"49":{"start":{"line":150,"column":34},"end":{"line":160,"column":3}},"50":{"start":{"line":151,"column":22},"end":{"line":151,"column":39}},"51":{"start":{"line":152,"column":31},"end":{"line":152,"column":50}},"52":{"start":{"line":153,"column":26},"end":{"line":153,"column":49}},"53":{"start":{"line":154,"column":26},"end":{"line":154,"column":109}},"54":{"start":{"line":155,"column":4},"end":{"line":159,"column":5}},"55":{"start":{"line":167,"column":34},"end":{"line":176,"column":3}},"56":{"start":{"line":168,"column":22},"end":{"line":168,"column":44}},"57":{"start":{"line":169,"column":24},"end":{"line":169,"column":57}},"58":{"start":{"line":170,"column":31},"end":{"line":170,"column":86}},"59":{"start":{"line":171,"column":24},"end":{"line":171,"column":52}},"60":{"start":{"line":172,"column":4},"end":{"line":175,"column":5}}},"fnMap":{"0":{"name":"(anonymous_0)","decl":{"start":{"line":18,"column":18},"end":{"line":18,"column":19}},"loc":{"start":{"line":18,"column":63},"end":{"line":29,"column":3}},"line":18},"1":{"name":"(anonymous_1)","decl":{"start":{"line":27,"column":11},"end":{"line":27,"column":12}},"loc":{"start":{"line":27,"column":20},"end":{"line":27,"column":30}},"line":27},"2":{"name":"(anonymous_2)","decl":{"start":{"line":37,"column":32},"end":{"line":37,"column":33}},"loc":{"start":{"line":37,"column":61},"end":{"line":50,"column":3}},"line":37},"3":{"name":"(anonymous_3)","decl":{"start":{"line":61,"column":20},"end":{"line":61,"column":21}},"loc":{"start":{"line":61,"column":130},"end":{"line":75,"column":3}},"line":61},"4":{"name":"(anonymous_4)","decl":{"start":{"line":62,"column":82},"end":{"line":62,"column":83}},"loc":{"start":{"line":62,"column":115},"end":{"line":62,"column":143}},"line":62},"5":{"name":"(anonymous_5)","decl":{"start":{"line":84,"column":19},"end":{"line":84,"column":20}},"loc":{"start":{"line":84,"column":114},"end":{"line":103,"column":3}},"line":84},"6":{"name":"(anonymous_6)","decl":{"start":{"line":92,"column":11},"end":{"line":92,"column":12}},"loc":{"start":{"line":92,"column":20},"end":{"line":92,"column":30}},"line":92},"7":{"name":"(anonymous_7)","decl":{"start":{"line":96,"column":39},"end":{"line":96,"column":40}},"loc":{"start":{"line":96,"column":53},"end":{"line":98,"column":7}},"line":96},"8":{"name":"(anonymous_8)","decl":{"start":{"line":97,"column":29},"end":{"line":97,"column":30}},"loc":{"start":{"line":97,"column":44},"end":{"line":97,"column":158}},"line":97},"9":{"name":"(anonymous_9)","decl":{"start":{"line":97,"column":67},"end":{"line":97,"column":68}},"loc":{"start":{"line":97,"column":90},"end":{"line":97,"column":157}},"line":97},"10":{"name":"(anonymous_10)","decl":{"start":{"line":99,"column":46},"end":{"line":99,"column":47}},"loc":{"start":{"line":99,"column":60},"end":{"line":101,"column":7}},"line":99},"11":{"name":"(anonymous_11)","decl":{"start":{"line":100,"column":29},"end":{"line":100,"column":30}},"loc":{"start":{"line":100,"column":45},"end":{"line":100,"column":176}},"line":100},"12":{"name":"(anonymous_12)","decl":{"start":{"line":111,"column":19},"end":{"line":111,"column":20}},"loc":{"start":{"line":111,"column":60},"end":{"line":123,"column":3}},"line":111},"13":{"name":"(anonymous_13)","decl":{"start":{"line":112,"column":81},"end":{"line":112,"column":82}},"loc":{"start":{"line":112,"column":114},"end":{"line":112,"column":142}},"line":112},"14":{"name":"(anonymous_14)","decl":{"start":{"line":130,"column":25},"end":{"line":130,"column":26}},"loc":{"start":{"line":130,"column":44},"end":{"line":140,"column":3}},"line":130},"15":{"name":"(anonymous_15)","decl":{"start":{"line":131,"column":81},"end":{"line":131,"column":82}},"loc":{"start":{"line":131,"column":114},"end":{"line":131,"column":142}},"line":131},"16":{"name":"(anonymous_16)","decl":{"start":{"line":150,"column":34},"end":{"line":150,"column":35}},"loc":{"start":{"line":150,"column":91},"end":{"line":160,"column":3}},"line":150},"17":{"name":"(anonymous_17)","decl":{"start":{"line":167,"column":34},"end":{"line":167,"column":35}},"loc":{"start":{"line":167,"column":71},"end":{"line":176,"column":3}},"line":167}},"branchMap":{"0":{"loc":{"start":{"line":21,"column":33},"end":{"line":21,"column":81}},"type":"binary-expr","locations":[{"start":{"line":21,"column":33},"end":{"line":21,"column":75}},{"start":{"line":21,"column":79},"end":{"line":21,"column":81}}],"line":21},"1":{"loc":{"start":{"line":25,"column":16},"end":{"line":25,"column":74}},"type":"binary-expr","locations":[{"start":{"line":25,"column":16},"end":{"line":25,"column":65}},{"start":{"line":25,"column":69},"end":{"line":25,"column":74}}],"line":25},"2":{"loc":{"start":{"line":63,"column":4},"end":{"line":74,"column":5}},"type":"if","locations":[{"start":{"line":63,"column":4},"end":{"line":74,"column":5}},{"start":{"line":72,"column":9},"end":{"line":74,"column":5}}],"line":63},"3":{"loc":{"start":{"line":85,"column":32},"end":{"line":85,"column":80}},"type":"binary-expr","locations":[{"start":{"line":85,"column":32},"end":{"line":85,"column":74}},{"start":{"line":85,"column":78},"end":{"line":85,"column":80}}],"line":85},"4":{"loc":{"start":{"line":88,"column":9},"end":{"line":88,"column":60}},"type":"cond-expr","locations":[{"start":{"line":88,"column":32},"end":{"line":88,"column":55}},{"start":{"line":88,"column":58},"end":{"line":88,"column":60}}],"line":88},"5":{"loc":{"start":{"line":90,"column":16},"end":{"line":90,"column":74}},"type":"binary-expr","locations":[{"start":{"line":90,"column":16},"end":{"line":90,"column":65}},{"start":{"line":90,"column":69},"end":{"line":90,"column":74}}],"line":90},"6":{"loc":{"start":{"line":100,"column":46},"end":{"line":100,"column":110}},"type":"cond-expr","locations":[{"start":{"line":100,"column":63},"end":{"line":100,"column":104}},{"start":{"line":100,"column":108},"end":{"line":100,"column":110}}],"line":100},"7":{"loc":{"start":{"line":100,"column":115},"end":{"line":100,"column":175}},"type":"cond-expr","locations":[{"start":{"line":100,"column":140},"end":{"line":100,"column":162}},{"start":{"line":100,"column":165},"end":{"line":100,"column":175}}],"line":100},"8":{"loc":{"start":{"line":113,"column":4},"end":{"line":122,"column":5}},"type":"if","locations":[{"start":{"line":113,"column":4},"end":{"line":122,"column":5}},{"start":{"line":120,"column":9},"end":{"line":122,"column":5}}],"line":113},"9":{"loc":{"start":{"line":132,"column":4},"end":{"line":139,"column":5}},"type":"if","locations":[{"start":{"line":132,"column":4},"end":{"line":139,"column":5}},{"start":{"line":137,"column":9},"end":{"line":139,"column":5}}],"line":132}},"s":{"0":6,"1":5,"2":6,"3":6,"4":2,"5":2,"6":2,"7":2,"8":2,"9":6,"10":5,"11":5,"12":5,"13":5,"14":5,"15":5,"16":6,"17":2,"18":5,"19":2,"20":2,"21":2,"22":2,"23":2,"24":0,"25":6,"26":3,"27":3,"28":3,"29":3,"30":6,"31":6,"32":3,"33":6,"34":6,"35":1,"36":1,"37":1,"38":1,"39":1,"40":0,"41":6,"42":7,"43":12,"44":7,"45":5,"46":5,"47":5,"48":2,"49":5,"50":3,"51":3,"52":3,"53":3,"54":3,"55":5,"56":1,"57":1,"58":1,"59":1,"60":1},"f":{"0":2,"1":2,"2":5,"3":2,"4":5,"5":3,"6":3,"7":3,"8":6,"9":6,"10":3,"11":6,"12":1,"13":1,"14":7,"15":12,"16":3,"17":1},"b":{"0":[2,0],"1":[2,0],"2":[2,0],"3":[3,0],"4":[0,3],"5":[3,0],"6":[0,6],"7":[6,0],"8":[1,0],"9":[5,2]},"_coverageSchema":"1a1c01bbd47fc00a2c39e90264f33305004495a9","hash":"5fcb6e9fc38e03d41c539906ff70e50436fd90a5"}
,"C:\\Users\\coley\\OneDrive\\Desktop\\ReactStuff\\SE6387_BE\\System_BE\\src\\TSObjects\\RecommendationSystem.ts": {"path":"C:\\Users\\coley\\OneDrive\\Desktop\\ReactStuff\\SE6387_BE\\System_BE\\src\\TSObjects\\RecommendationSystem.ts","statementMap":{"0":{"start":{"line":17,"column":4},"end":{"line":17,"column":43}},"1":{"start":{"line":25,"column":29},"end":{"line":28,"column":3}},"2":{"start":{"line":26,"column":49},"end":{"line":26,"column":102}},"3":{"start":{"line":27,"column":4},"end":{"line":27,"column":83}},"4":{"start":{"line":36,"column":32},"end":{"line":61,"column":3}},"5":{"start":{"line":37,"column":41},"end":{"line":37,"column":45}},"6":{"start":{"line":38,"column":41},"end":{"line":38,"column":45}},"7":{"start":{"line":39,"column":4},"end":{"line":53,"column":5}},"8":{"start":{"line":43,"column":26},"end":{"line":46,"column":52}},"9":{"start":{"line":45,"column":63},"end":{"line":45,"column":114}},"10":{"start":{"line":47,"column":21},"end":{"line":50,"column":34}},"11":{"start":{"line":50,"column":23},"end":{"line":50,"column":33}},"12":{"start":{"line":51,"column":6},"end":{"line":51,"column":42}},"13":{"start":{"line":52,"column":6},"end":{"line":52,"column":42}},"14":{"start":{"line":54,"column":58},"end":{"line":57,"column":23}},"15":{"start":{"line":55,"column":57},"end":{"line":55,"column":166}},"16":{"start":{"line":60,"column":4},"end":{"line":60,"column":90}},"17":{"start":{"line":68,"column":45},"end":{"line":86,"column":3}},"18":{"start":{"line":69,"column":4},"end":{"line":85,"column":5}},"19":{"start":{"line":71,"column":8},"end":{"line":75,"column":10}},"20":{"start":{"line":71,"column":76},"end":{"line":74,"column":11}},"21":{"start":{"line":77,"column":8},"end":{"line":81,"column":10}},"22":{"start":{"line":77,"column":76},"end":{"line":80,"column":11}},"23":{"start":{"line":84,"column":8},"end":{"line":84,"column":135}},"24":{"start":{"line":84,"column":76},"end":{"line":84,"column":133}}},"fnMap":{"0":{"name":"(anonymous_0)","decl":{"start":{"line":16,"column":2},"end":{"line":16,"column":3}},"loc":{"start":{"line":16,"column":55},"end":{"line":18,"column":3}},"line":16},"1":{"name":"(anonymous_1)","decl":{"start":{"line":25,"column":29},"end":{"line":25,"column":30}},"loc":{"start":{"line":25,"column":135},"end":{"line":28,"column":3}},"line":25},"2":{"name":"(anonymous_2)","decl":{"start":{"line":36,"column":32},"end":{"line":36,"column":33}},"loc":{"start":{"line":36,"column":163},"end":{"line":61,"column":3}},"line":36},"3":{"name":"(anonymous_3)","decl":{"start":{"line":45,"column":33},"end":{"line":45,"column":34}},"loc":{"start":{"line":45,"column":63},"end":{"line":45,"column":114}},"line":45},"4":{"name":"(anonymous_4)","decl":{"start":{"line":50,"column":14},"end":{"line":50,"column":15}},"loc":{"start":{"line":50,"column":23},"end":{"line":50,"column":33}},"line":50},"5":{"name":"(anonymous_5)","decl":{"start":{"line":55,"column":28},"end":{"line":55,"column":29}},"loc":{"start":{"line":55,"column":56},"end":{"line":55,"column":167}},"line":55},"6":{"name":"(anonymous_6)","decl":{"start":{"line":68,"column":45},"end":{"line":68,"column":46}},"loc":{"start":{"line":68,"column":149},"end":{"line":86,"column":3}},"line":68},"7":{"name":"(anonymous_7)","decl":{"start":{"line":71,"column":15},"end":{"line":71,"column":16}},"loc":{"start":{"line":71,"column":76},"end":{"line":74,"column":11}},"line":71},"8":{"name":"(anonymous_8)","decl":{"start":{"line":77,"column":15},"end":{"line":77,"column":16}},"loc":{"start":{"line":77,"column":76},"end":{"line":80,"column":11}},"line":77},"9":{"name":"(anonymous_9)","decl":{"start":{"line":84,"column":15},"end":{"line":84,"column":16}},"loc":{"start":{"line":84,"column":76},"end":{"line":84,"column":133}},"line":84}},"branchMap":{"0":{"loc":{"start":{"line":39,"column":4},"end":{"line":53,"column":5}},"type":"if","locations":[{"start":{"line":39,"column":4},"end":{"line":53,"column":5}},{"start":{},"end":{}}],"line":39},"1":{"loc":{"start":{"line":39,"column":8},"end":{"line":41,"column":71}},"type":"binary-expr","locations":[{"start":{"line":39,"column":8},"end":{"line":39,"column":55}},{"start":{"line":40,"column":6},"end":{"line":40,"column":64}},{"start":{"line":41,"column":6},"end":{"line":41,"column":71}}],"line":39},"2":{"loc":{"start":{"line":54,"column":58},"end":{"line":57,"column":23}},"type":"cond-expr","locations":[{"start":{"line":55,"column":6},"end":{"line":55,"column":168}},{"start":{"line":57,"column":6},"end":{"line":57,"column":23}}],"line":54},"3":{"loc":{"start":{"line":54,"column":58},"end":{"line":54,"column":106}},"type":"binary-expr","locations":[{"start":{"line":54,"column":58},"end":{"line":54,"column":80}},{"start":{"line":54,"column":84},"end":{"line":54,"column":106}}],"line":54},"4":{"loc":{"start":{"line":69,"column":4},"end":{"line":85,"column":5}},"type":"switch","locations":[{"start":{"line":70,"column":6},"end":{"line":75,"column":10}},{"start":{"line":76,"column":6},"end":{"line":81,"column":10}},{"start":{"line":82,"column":6},"end":{"line":82,"column":14}},{"start":{"line":83,"column":6},"end":{"line":84,"column":135}}],"line":69},"5":{"loc":{"start":{"line":71,"column":76},"end":{"line":74,"column":11}},"type":"cond-expr","locations":[{"start":{"line":72,"column":11},"end":{"line":72,"column":61}},{"start":{"line":74,"column":10},"end":{"line":74,"column":11}}],"line":71},"6":{"loc":{"start":{"line":71,"column":76},"end":{"line":71,"column":146}},"type":"binary-expr","locations":[{"start":{"line":71,"column":76},"end":{"line":71,"column":109}},{"start":{"line":71,"column":113},"end":{"line":71,"column":146}}],"line":71},"7":{"loc":{"start":{"line":72,"column":11},"end":{"line":72,"column":61}},"type":"cond-expr","locations":[{"start":{"line":72,"column":55},"end":{"line":72,"column":56}},{"start":{"line":72,"column":59},"end":{"line":72,"column":61}}],"line":72},"8":{"loc":{"start":{"line":77,"column":76},"end":{"line":80,"column":11}},"type":"cond-expr","locations":[{"start":{"line":78,"column":11},"end":{"line":78,"column":61}},{"start":{"line":80,"column":10},"end":{"line":80,"column":11}}],"line":77},"9":{"loc":{"start":{"line":77,"column":76},"end":{"line":77,"column":146}},"type":"binary-expr","locations":[{"start":{"line":77,"column":76},"end":{"line":77,"column":109}},{"start":{"line":77,"column":113},"end":{"line":77,"column":146}}],"line":77},"10":{"loc":{"start":{"line":78,"column":11},"end":{"line":78,"column":61}},"type":"cond-expr","locations":[{"start":{"line":78,"column":55},"end":{"line":78,"column":56}},{"start":{"line":78,"column":59},"end":{"line":78,"column":61}}],"line":78},"11":{"loc":{"start":{"line":84,"column":76},"end":{"line":84,"column":133}},"type":"cond-expr","locations":[{"start":{"line":84,"column":128},"end":{"line":84,"column":129}},{"start":{"line":84,"column":132},"end":{"line":84,"column":133}}],"line":84}},"s":{"0":6,"1":6,"2":7,"3":7,"4":6,"5":7,"6":7,"7":7,"8":5,"9":13,"10":5,"11":5,"12":5,"13":5,"14":7,"15":13,"16":7,"17":5,"18":7,"19":4,"20":6,"21":1,"22":2,"23":2,"24":2},"f":{"0":6,"1":7,"2":7,"3":13,"4":5,"5":13,"6":7,"7":6,"8":2,"9":2},"b":{"0":[5,2],"1":[7,5,5],"2":[5,2],"3":[7,5],"4":[4,1,0,2],"5":[6,0],"6":[6,6],"7":[0,6],"8":[2,0],"9":[2,2],"10":[0,2],"11":[1,1]},"_coverageSchema":"1a1c01bbd47fc00a2c39e90264f33305004495a9","hash":"faa5ff3a0971f6066278d5e27ac66469e41b6c40"}
}
