{"C:\\Users\\coley\\OneDrive\\Desktop\\ReactStuff\\SE6387_BE\\System_BE\\src\\Routers\\AmenitiesRouter.ts": {"path":"C:\\Users\\coley\\OneDrive\\Desktop\\ReactStuff\\SE6387_BE\\System_BE\\src\\Routers\\AmenitiesRouter.ts","statementMap":{"0":{"start":{"line":21,"column":24},"end":{"line":21,"column":36}},"1":{"start":{"line":23,"column":39},"end":{"line":23,"column":59}},"2":{"start":{"line":24,"column":63},"end":{"line":24,"column":100}},"3":{"start":{"line":25,"column":41},"end":{"line":25,"column":76}},"4":{"start":{"line":26,"column":51},"end":{"line":26,"column":92}},"5":{"start":{"line":33,"column":0},"end":{"line":49,"column":2}},"6":{"start":{"line":35,"column":2},"end":{"line":35,"column":45}},"7":{"start":{"line":36,"column":16},"end":{"line":36,"column":37}},"8":{"start":{"line":38,"column":2},"end":{"line":42,"column":3}},"9":{"start":{"line":39,"column":4},"end":{"line":39,"column":32}},"10":{"start":{"line":40,"column":4},"end":{"line":40,"column":69}},"11":{"start":{"line":41,"column":4},"end":{"line":41,"column":11}},"12":{"start":{"line":45,"column":20},"end":{"line":45,"column":36}},"13":{"start":{"line":46,"column":30},"end":{"line":46,"column":52}},"14":{"start":{"line":47,"column":32},"end":{"line":47,"column":123}},"15":{"start":{"line":48,"column":2},"end":{"line":48,"column":22}},"16":{"start":{"line":57,"column":0},"end":{"line":75,"column":2}},"17":{"start":{"line":60,"column":2},"end":{"line":60,"column":53}},"18":{"start":{"line":61,"column":16},"end":{"line":61,"column":37}},"19":{"start":{"line":63,"column":2},"end":{"line":67,"column":3}},"20":{"start":{"line":64,"column":4},"end":{"line":64,"column":32}},"21":{"start":{"line":65,"column":4},"end":{"line":65,"column":78}},"22":{"start":{"line":66,"column":4},"end":{"line":66,"column":11}},"23":{"start":{"line":70,"column":20},"end":{"line":70,"column":36}},"24":{"start":{"line":71,"column":30},"end":{"line":71,"column":52}},"25":{"start":{"line":72,"column":36},"end":{"line":72,"column":52}},"26":{"start":{"line":73,"column":32},"end":{"line":73,"column":164}},"27":{"start":{"line":74,"column":2},"end":{"line":74,"column":22}},"28":{"start":{"line":84,"column":0},"end":{"line":105,"column":2}},"29":{"start":{"line":88,"column":2},"end":{"line":88,"column":70}},"30":{"start":{"line":89,"column":16},"end":{"line":89,"column":37}},"31":{"start":{"line":91,"column":2},"end":{"line":95,"column":3}},"32":{"start":{"line":92,"column":4},"end":{"line":92,"column":32}},"33":{"start":{"line":93,"column":4},"end":{"line":93,"column":81}},"34":{"start":{"line":94,"column":4},"end":{"line":94,"column":11}},"35":{"start":{"line":98,"column":20},"end":{"line":98,"column":36}},"36":{"start":{"line":99,"column":30},"end":{"line":99,"column":52}},"37":{"start":{"line":100,"column":29},"end":{"line":100,"column":41}},"38":{"start":{"line":101,"column":43},"end":{"line":101,"column":58}},"39":{"start":{"line":103,"column":38},"end":{"line":103,"column":113}},"40":{"start":{"line":104,"column":2},"end":{"line":104,"column":28}},"41":{"start":{"line":112,"column":0},"end":{"line":127,"column":2}},"42":{"start":{"line":114,"column":2},"end":{"line":114,"column":46}},"43":{"start":{"line":115,"column":16},"end":{"line":115,"column":37}},"44":{"start":{"line":117,"column":2},"end":{"line":121,"column":3}},"45":{"start":{"line":118,"column":4},"end":{"line":118,"column":32}},"46":{"start":{"line":119,"column":4},"end":{"line":119,"column":71}},"47":{"start":{"line":120,"column":4},"end":{"line":120,"column":11}},"48":{"start":{"line":124,"column":28},"end":{"line":124,"column":47}},"49":{"start":{"line":125,"column":35},"end":{"line":125,"column":84}},"50":{"start":{"line":126,"column":2},"end":{"line":126,"column":20}},"51":{"start":{"line":134,"column":0},"end":{"line":149,"column":2}},"52":{"start":{"line":136,"column":2},"end":{"line":136,"column":44}},"53":{"start":{"line":137,"column":16},"end":{"line":137,"column":37}},"54":{"start":{"line":139,"column":2},"end":{"line":143,"column":3}},"55":{"start":{"line":140,"column":4},"end":{"line":140,"column":32}},"56":{"start":{"line":141,"column":4},"end":{"line":141,"column":68}},"57":{"start":{"line":142,"column":4},"end":{"line":142,"column":11}},"58":{"start":{"line":146,"column":29},"end":{"line":146,"column":53}},"59":{"start":{"line":147,"column":40},"end":{"line":147,"column":92}},"60":{"start":{"line":148,"column":2},"end":{"line":148,"column":30}},"61":{"start":{"line":156,"column":0},"end":{"line":201,"column":2}},"62":{"start":{"line":159,"column":2},"end":{"line":159,"column":59}},"63":{"start":{"line":160,"column":16},"end":{"line":160,"column":37}},"64":{"start":{"line":162,"column":2},"end":{"line":166,"column":3}},"65":{"start":{"line":163,"column":4},"end":{"line":163,"column":32}},"66":{"start":{"line":164,"column":4},"end":{"line":164,"column":68}},"67":{"start":{"line":165,"column":4},"end":{"line":165,"column":11}},"68":{"start":{"line":169,"column":20},"end":{"line":169,"column":36}},"69":{"start":{"line":170,"column":21},"end":{"line":170,"column":28}},"70":{"start":{"line":171,"column":46},"end":{"line":171,"column":58}},"71":{"start":{"line":173,"column":35},"end":{"line":173,"column":77}},"72":{"start":{"line":175,"column":17},"end":{"line":193,"column":4}},"73":{"start":{"line":195,"column":2},"end":{"line":200,"column":3}},"74":{"start":{"line":196,"column":4},"end":{"line":196,"column":54}},"75":{"start":{"line":199,"column":4},"end":{"line":199,"column":45}},"76":{"start":{"line":204,"column":39},"end":{"line":212,"column":2}}},"fnMap":{"0":{"name":"(anonymous_0)","decl":{"start":{"line":33,"column":29},"end":{"line":33,"column":30}},"loc":{"start":{"line":33,"column":49},"end":{"line":49,"column":1}},"line":33},"1":{"name":"(anonymous_1)","decl":{"start":{"line":57,"column":32},"end":{"line":57,"column":33}},"loc":{"start":{"line":57,"column":52},"end":{"line":75,"column":1}},"line":57},"2":{"name":"(anonymous_2)","decl":{"start":{"line":84,"column":35},"end":{"line":84,"column":36}},"loc":{"start":{"line":84,"column":55},"end":{"line":105,"column":1}},"line":84},"3":{"name":"(anonymous_3)","decl":{"start":{"line":112,"column":33},"end":{"line":112,"column":34}},"loc":{"start":{"line":112,"column":53},"end":{"line":127,"column":1}},"line":112},"4":{"name":"(anonymous_4)","decl":{"start":{"line":134,"column":32},"end":{"line":134,"column":33}},"loc":{"start":{"line":134,"column":52},"end":{"line":149,"column":1}},"line":134},"5":{"name":"(anonymous_5)","decl":{"start":{"line":156,"column":41},"end":{"line":156,"column":42}},"loc":{"start":{"line":156,"column":61},"end":{"line":201,"column":1}},"line":156}},"branchMap":{"0":{"loc":{"start":{"line":38,"column":2},"end":{"line":42,"column":3}},"type":"if","locations":[{"start":{"line":38,"column":2},"end":{"line":42,"column":3}},{"start":{},"end":{}}],"line":38},"1":{"loc":{"start":{"line":63,"column":2},"end":{"line":67,"column":3}},"type":"if","locations":[{"start":{"line":63,"column":2},"end":{"line":67,"column":3}},{"start":{},"end":{}}],"line":63},"2":{"loc":{"start":{"line":91,"column":2},"end":{"line":95,"column":3}},"type":"if","locations":[{"start":{"line":91,"column":2},"end":{"line":95,"column":3}},{"start":{},"end":{}}],"line":91},"3":{"loc":{"start":{"line":117,"column":2},"end":{"line":121,"column":3}},"type":"if","locations":[{"start":{"line":117,"column":2},"end":{"line":121,"column":3}},{"start":{},"end":{}}],"line":117},"4":{"loc":{"start":{"line":139,"column":2},"end":{"line":143,"column":3}},"type":"if","locations":[{"start":{"line":139,"column":2},"end":{"line":143,"column":3}},{"start":{},"end":{}}],"line":139},"5":{"loc":{"start":{"line":162,"column":2},"end":{"line":166,"column":3}},"type":"if","locations":[{"start":{"line":162,"column":2},"end":{"line":166,"column":3}},{"start":{},"end":{}}],"line":162},"6":{"loc":{"start":{"line":175,"column":29},"end":{"line":175,"column":94}},"type":"binary-expr","locations":[{"start":{"line":175,"column":29},"end":{"line":175,"column":88}},{"start":{"line":175,"column":92},"end":{"line":175,"column":94}}],"line":175},"7":{"loc":{"start":{"line":176,"column":12},"end":{"line":176,"column":88}},"type":"binary-expr","locations":[{"start":{"line":176,"column":12},"end":{"line":176,"column":78}},{"start":{"line":176,"column":82},"end":{"line":176,"column":88}}],"line":176},"8":{"loc":{"start":{"line":195,"column":2},"end":{"line":200,"column":3}},"type":"if","locations":[{"start":{"line":195,"column":2},"end":{"line":200,"column":3}},{"start":{"line":198,"column":7},"end":{"line":200,"column":3}}],"line":195}},"s":{"0":1,"1":1,"2":1,"3":1,"4":1,"5":1,"6":2,"7":2,"8":2,"9":1,"10":1,"11":1,"12":1,"13":1,"14":1,"15":1,"16":1,"17":2,"18":2,"19":2,"20":1,"21":1,"22":1,"23":1,"24":1,"25":1,"26":1,"27":1,"28":1,"29":2,"30":2,"31":2,"32":1,"33":1,"34":1,"35":1,"36":1,"37":1,"38":1,"39":1,"40":1,"41":1,"42":2,"43":2,"44":2,"45":1,"46":1,"47":1,"48":1,"49":1,"50":1,"51":1,"52":2,"53":2,"54":2,"55":1,"56":1,"57":1,"58":1,"59":1,"60":1,"61":1,"62":3,"63":3,"64":3,"65":1,"66":1,"67":1,"68":2,"69":2,"70":2,"71":2,"72":2,"73":2,"74":1,"75":1,"76":1},"f":{"0":2,"1":2,"2":2,"3":2,"4":2,"5":3},"b":{"0":[1,1],"1":[1,1],"2":[1,1],"3":[1,1],"4":[1,1],"5":[1,2],"6":[2,0],"7":[2,0],"8":[1,1]},"_coverageSchema":"1a1c01bbd47fc00a2c39e90264f33305004495a9","hash":"c41dd4e11c5b4eb18c508263ea3a416c89262316"}
,"C:\\Users\\coley\\OneDrive\\Desktop\\ReactStuff\\SE6387_BE\\System_BE\\src\\Routers\\InfrastructureRouter.ts": {"path":"C:\\Users\\coley\\OneDrive\\Desktop\\ReactStuff\\SE6387_BE\\System_BE\\src\\Routers\\InfrastructureRouter.ts","statementMap":{"0":{"start":{"line":6,"column":29},"end":{"line":6,"column":41}},"1":{"start":{"line":13,"column":0},"end":{"line":47,"column":2}},"2":{"start":{"line":16,"column":2},"end":{"line":16,"column":53}},"3":{"start":{"line":17,"column":16},"end":{"line":17,"column":37}},"4":{"start":{"line":19,"column":2},"end":{"line":23,"column":3}},"5":{"start":{"line":20,"column":4},"end":{"line":20,"column":32}},"6":{"start":{"line":21,"column":4},"end":{"line":21,"column":68}},"7":{"start":{"line":22,"column":4},"end":{"line":22,"column":11}},"8":{"start":{"line":26,"column":20},"end":{"line":26,"column":36}},"9":{"start":{"line":27,"column":21},"end":{"line":27,"column":28}},"10":{"start":{"line":28,"column":37},"end":{"line":28,"column":52}},"11":{"start":{"line":30,"column":17},"end":{"line":39,"column":4}},"12":{"start":{"line":41,"column":2},"end":{"line":46,"column":3}},"13":{"start":{"line":42,"column":4},"end":{"line":42,"column":54}},"14":{"start":{"line":45,"column":4},"end":{"line":45,"column":45}}},"fnMap":{"0":{"name":"(anonymous_0)","decl":{"start":{"line":13,"column":42},"end":{"line":13,"column":43}},"loc":{"start":{"line":13,"column":62},"end":{"line":47,"column":1}},"line":13}},"branchMap":{"0":{"loc":{"start":{"line":19,"column":2},"end":{"line":23,"column":3}},"type":"if","locations":[{"start":{"line":19,"column":2},"end":{"line":23,"column":3}},{"start":{},"end":{}}],"line":19},"1":{"loc":{"start":{"line":30,"column":29},"end":{"line":30,"column":97}},"type":"binary-expr","locations":[{"start":{"line":30,"column":29},"end":{"line":30,"column":91}},{"start":{"line":30,"column":95},"end":{"line":30,"column":97}}],"line":30},"2":{"loc":{"start":{"line":31,"column":12},"end":{"line":31,"column":91}},"type":"binary-expr","locations":[{"start":{"line":31,"column":12},"end":{"line":31,"column":81}},{"start":{"line":31,"column":85},"end":{"line":31,"column":91}}],"line":31},"3":{"loc":{"start":{"line":41,"column":2},"end":{"line":46,"column":3}},"type":"if","locations":[{"start":{"line":41,"column":2},"end":{"line":46,"column":3}},{"start":{"line":44,"column":7},"end":{"line":46,"column":3}}],"line":41}},"s":{"0":1,"1":1,"2":3,"3":3,"4":3,"5":1,"6":1,"7":1,"8":2,"9":2,"10":2,"11":2,"12":2,"13":1,"14":1},"f":{"0":3},"b":{"0":[1,2],"1":[2,0],"2":[2,0],"3":[1,1]},"_coverageSchema":"1a1c01bbd47fc00a2c39e90264f33305004495a9","hash":"2e3d4f10b7a0cffe1b9417458d312d23a2938d43"}
,"C:\\Users\\coley\\OneDrive\\Desktop\\ReactStuff\\SE6387_BE\\System_BE\\src\\Routers\\NavRouter.ts": {"path":"C:\\Users\\coley\\OneDrive\\Desktop\\ReactStuff\\SE6387_BE\\System_BE\\src\\Routers\\NavRouter.ts","statementMap":{"0":{"start":{"line":16,"column":0},"end":{"line":16,"column":16}},"1":{"start":{"line":17,"column":18},"end":{"line":17,"column":30}},"2":{"start":{"line":19,"column":39},"end":{"line":19,"column":59}},"3":{"start":{"line":20,"column":41},"end":{"line":20,"column":76}},"4":{"start":{"line":21,"column":51},"end":{"line":21,"column":92}},"5":{"start":{"line":22,"column":43},"end":{"line":22,"column":85}},"6":{"start":{"line":23,"column":88},"end":{"line":34,"column":1}},"7":{"start":{"line":35,"column":28},"end":{"line":35,"column":67}},"8":{"start":{"line":35,"column":61},"end":{"line":35,"column":66}},"9":{"start":{"line":36,"column":56},"end":{"line":36,"column":73}},"10":{"start":{"line":37,"column":39},"end":{"line":37,"column":40}},"11":{"start":{"line":42,"column":27},"end":{"line":73,"column":1}},"12":{"start":{"line":43,"column":2},"end":{"line":68,"column":3}},"13":{"start":{"line":43,"column":15},"end":{"line":43,"column":16}},"14":{"start":{"line":44,"column":25},"end":{"line":44,"column":49}},"15":{"start":{"line":45,"column":4},"end":{"line":67,"column":5}},"16":{"start":{"line":46,"column":6},"end":{"line":66,"column":7}},"17":{"start":{"line":47,"column":8},"end":{"line":65,"column":9}},"18":{"start":{"line":48,"column":25},"end":{"line":54,"column":12}},"19":{"start":{"line":55,"column":10},"end":{"line":61,"column":11}},"20":{"start":{"line":56,"column":12},"end":{"line":56,"column":33}},"21":{"start":{"line":57,"column":12},"end":{"line":57,"column":75}},"22":{"start":{"line":60,"column":12},"end":{"line":60,"column":82}},"23":{"start":{"line":64,"column":10},"end":{"line":64,"column":84}},"24":{"start":{"line":69,"column":2},"end":{"line":69,"column":118}},"25":{"start":{"line":70,"column":2},"end":{"line":72,"column":77}},"26":{"start":{"line":71,"column":4},"end":{"line":71,"column":31}},"27":{"start":{"line":75,"column":0},"end":{"line":77,"column":75}},"28":{"start":{"line":76,"column":2},"end":{"line":76,"column":29}},"29":{"start":{"line":109,"column":0},"end":{"line":177,"column":2}},"30":{"start":{"line":114,"column":2},"end":{"line":114,"column":47}},"31":{"start":{"line":115,"column":16},"end":{"line":115,"column":37}},"32":{"start":{"line":117,"column":2},"end":{"line":121,"column":3}},"33":{"start":{"line":118,"column":4},"end":{"line":118,"column":32}},"34":{"start":{"line":119,"column":4},"end":{"line":119,"column":69}},"35":{"start":{"line":120,"column":4},"end":{"line":120,"column":11}},"36":{"start":{"line":124,"column":27},"end":{"line":124,"column":60}},"37":{"start":{"line":126,"column":50},"end":{"line":126,"column":66}},"38":{"start":{"line":127,"column":30},"end":{"line":127,"column":62}},"39":{"start":{"line":129,"column":23},"end":{"line":129,"column":29}},"40":{"start":{"line":130,"column":2},"end":{"line":130,"column":83}},"41":{"start":{"line":133,"column":31},"end":{"line":133,"column":93}},"42":{"start":{"line":134,"column":2},"end":{"line":134,"column":47}},"43":{"start":{"line":136,"column":2},"end":{"line":167,"column":5}},"44":{"start":{"line":137,"column":19},"end":{"line":141,"column":6}},"45":{"start":{"line":145,"column":4},"end":{"line":145,"column":30}},"46":{"start":{"line":147,"column":15},"end":{"line":147,"column":49}},"47":{"start":{"line":148,"column":4},"end":{"line":148,"column":46}},"48":{"start":{"line":148,"column":12},"end":{"line":148,"column":46}},"49":{"start":{"line":152,"column":4},"end":{"line":156,"column":5}},"50":{"start":{"line":154,"column":18},"end":{"line":154,"column":57}},"51":{"start":{"line":155,"column":6},"end":{"line":155,"column":27}},"52":{"start":{"line":157,"column":23},"end":{"line":157,"column":59}},"53":{"start":{"line":158,"column":6},"end":{"line":162,"column":9}},"54":{"start":{"line":159,"column":8},"end":{"line":159,"column":44}},"55":{"start":{"line":160,"column":8},"end":{"line":161,"column":23}},"56":{"start":{"line":160,"column":30},"end":{"line":160,"column":50}},"57":{"start":{"line":161,"column":13},"end":{"line":161,"column":23}},"58":{"start":{"line":163,"column":6},"end":{"line":163,"column":27}},"59":{"start":{"line":165,"column":6},"end":{"line":165,"column":41}},"60":{"start":{"line":166,"column":6},"end":{"line":166,"column":26}},"61":{"start":{"line":183,"column":0},"end":{"line":234,"column":3}},"62":{"start":{"line":194,"column":13},"end":{"line":194,"column":31}},"63":{"start":{"line":195,"column":24},"end":{"line":195,"column":65}},"64":{"start":{"line":197,"column":2},"end":{"line":224,"column":5}},"65":{"start":{"line":198,"column":4},"end":{"line":223,"column":5}},"66":{"start":{"line":199,"column":36},"end":{"line":199,"column":58}},"67":{"start":{"line":200,"column":6},"end":{"line":200,"column":54}},"68":{"start":{"line":201,"column":34},"end":{"line":201,"column":59}},"69":{"start":{"line":202,"column":6},"end":{"line":219,"column":7}},"70":{"start":{"line":204,"column":10},"end":{"line":204,"column":42}},"71":{"start":{"line":205,"column":10},"end":{"line":205,"column":16}},"72":{"start":{"line":207,"column":10},"end":{"line":207,"column":48}},"73":{"start":{"line":208,"column":10},"end":{"line":208,"column":16}},"74":{"start":{"line":211,"column":54},"end":{"line":211,"column":66}},"75":{"start":{"line":212,"column":10},"end":{"line":212,"column":123}},"76":{"start":{"line":213,"column":10},"end":{"line":213,"column":16}},"77":{"start":{"line":216,"column":41},"end":{"line":216,"column":53}},"78":{"start":{"line":217,"column":10},"end":{"line":217,"column":62}},"79":{"start":{"line":218,"column":10},"end":{"line":218,"column":16}},"80":{"start":{"line":222,"column":6},"end":{"line":222,"column":88}},"81":{"start":{"line":226,"column":2},"end":{"line":233,"column":4}},"82":{"start":{"line":227,"column":4},"end":{"line":232,"column":5}},"83":{"start":{"line":228,"column":6},"end":{"line":228,"column":44}},"84":{"start":{"line":239,"column":0},"end":{"line":247,"column":2}},"85":{"start":{"line":240,"column":2},"end":{"line":246,"column":3}},"86":{"start":{"line":241,"column":4},"end":{"line":241,"column":74}},"87":{"start":{"line":242,"column":4},"end":{"line":242,"column":76}},"88":{"start":{"line":245,"column":4},"end":{"line":245,"column":51}},"89":{"start":{"line":252,"column":0},"end":{"line":260,"column":2}},"90":{"start":{"line":253,"column":2},"end":{"line":259,"column":3}},"91":{"start":{"line":254,"column":4},"end":{"line":254,"column":79}},"92":{"start":{"line":255,"column":4},"end":{"line":255,"column":81}},"93":{"start":{"line":258,"column":4},"end":{"line":258,"column":51}},"94":{"start":{"line":265,"column":0},"end":{"line":272,"column":2}},"95":{"start":{"line":266,"column":2},"end":{"line":266,"column":55}},"96":{"start":{"line":266,"column":48},"end":{"line":266,"column":53}},"97":{"start":{"line":267,"column":2},"end":{"line":267,"column":31}},"98":{"start":{"line":268,"column":2},"end":{"line":270,"column":77}},"99":{"start":{"line":269,"column":4},"end":{"line":269,"column":31}},"100":{"start":{"line":271,"column":2},"end":{"line":271,"column":47}}},"fnMap":{"0":{"name":"(anonymous_0)","decl":{"start":{"line":35,"column":54},"end":{"line":35,"column":55}},"loc":{"start":{"line":35,"column":61},"end":{"line":35,"column":66}},"line":35},"1":{"name":"(anonymous_1)","decl":{"start":{"line":42,"column":27},"end":{"line":42,"column":28}},"loc":{"start":{"line":42,"column":39},"end":{"line":73,"column":1}},"line":42},"2":{"name":"(anonymous_2)","decl":{"start":{"line":70,"column":13},"end":{"line":70,"column":14}},"loc":{"start":{"line":70,"column":25},"end":{"line":72,"column":3}},"line":70},"3":{"name":"(anonymous_3)","decl":{"start":{"line":75,"column":11},"end":{"line":75,"column":12}},"loc":{"start":{"line":75,"column":23},"end":{"line":77,"column":1}},"line":75},"4":{"name":"(anonymous_4)","decl":{"start":{"line":109,"column":31},"end":{"line":109,"column":32}},"loc":{"start":{"line":109,"column":51},"end":{"line":177,"column":1}},"line":109},"5":{"name":"(anonymous_5)","decl":{"start":{"line":158,"column":29},"end":{"line":158,"column":30}},"loc":{"start":{"line":158,"column":38},"end":{"line":162,"column":7}},"line":158},"6":{"name":"(anonymous_6)","decl":{"start":{"line":183,"column":18},"end":{"line":183,"column":19}},"loc":{"start":{"line":183,"column":38},"end":{"line":234,"column":1}},"line":183},"7":{"name":"(anonymous_7)","decl":{"start":{"line":197,"column":19},"end":{"line":197,"column":20}},"loc":{"start":{"line":197,"column":35},"end":{"line":224,"column":3}},"line":197},"8":{"name":"(anonymous_8)","decl":{"start":{"line":226,"column":17},"end":{"line":226,"column":18}},"loc":{"start":{"line":226,"column":23},"end":{"line":233,"column":3}},"line":226},"9":{"name":"(anonymous_9)","decl":{"start":{"line":239,"column":35},"end":{"line":239,"column":36}},"loc":{"start":{"line":239,"column":55},"end":{"line":247,"column":1}},"line":239},"10":{"name":"(anonymous_10)","decl":{"start":{"line":252,"column":40},"end":{"line":252,"column":41}},"loc":{"start":{"line":252,"column":60},"end":{"line":260,"column":1}},"line":252},"11":{"name":"(anonymous_11)","decl":{"start":{"line":265,"column":37},"end":{"line":265,"column":38}},"loc":{"start":{"line":265,"column":57},"end":{"line":272,"column":1}},"line":265},"12":{"name":"(anonymous_12)","decl":{"start":{"line":266,"column":41},"end":{"line":266,"column":42}},"loc":{"start":{"line":266,"column":48},"end":{"line":266,"column":53}},"line":266},"13":{"name":"(anonymous_13)","decl":{"start":{"line":268,"column":13},"end":{"line":268,"column":14}},"loc":{"start":{"line":268,"column":25},"end":{"line":270,"column":3}},"line":268}},"branchMap":{"0":{"loc":{"start":{"line":25,"column":12},"end":{"line":25,"column":71}},"type":"binary-expr","locations":[{"start":{"line":25,"column":12},"end":{"line":25,"column":65}},{"start":{"line":25,"column":69},"end":{"line":25,"column":71}}],"line":25},"1":{"loc":{"start":{"line":26,"column":14},"end":{"line":26,"column":66}},"type":"binary-expr","locations":[{"start":{"line":26,"column":14},"end":{"line":26,"column":60}},{"start":{"line":26,"column":64},"end":{"line":26,"column":66}}],"line":26},"2":{"loc":{"start":{"line":30,"column":12},"end":{"line":30,"column":78}},"type":"binary-expr","locations":[{"start":{"line":30,"column":12},"end":{"line":30,"column":72}},{"start":{"line":30,"column":76},"end":{"line":30,"column":78}}],"line":30},"3":{"loc":{"start":{"line":31,"column":14},"end":{"line":31,"column":73}},"type":"binary-expr","locations":[{"start":{"line":31,"column":14},"end":{"line":31,"column":67}},{"start":{"line":31,"column":71},"end":{"line":31,"column":73}}],"line":31},"4":{"loc":{"start":{"line":45,"column":4},"end":{"line":67,"column":5}},"type":"if","locations":[{"start":{"line":45,"column":4},"end":{"line":67,"column":5}},{"start":{},"end":{}}],"line":45},"5":{"loc":{"start":{"line":45,"column":8},"end":{"line":45,"column":74}},"type":"binary-expr","locations":[{"start":{"line":45,"column":8},"end":{"line":45,"column":40}},{"start":{"line":45,"column":44},"end":{"line":45,"column":74}}],"line":45},"6":{"loc":{"start":{"line":46,"column":6},"end":{"line":66,"column":7}},"type":"if","locations":[{"start":{"line":46,"column":6},"end":{"line":66,"column":7}},{"start":{},"end":{}}],"line":46},"7":{"loc":{"start":{"line":55,"column":10},"end":{"line":61,"column":11}},"type":"if","locations":[{"start":{"line":55,"column":10},"end":{"line":61,"column":11}},{"start":{"line":59,"column":15},"end":{"line":61,"column":11}}],"line":55},"8":{"loc":{"start":{"line":117,"column":2},"end":{"line":121,"column":3}},"type":"if","locations":[{"start":{"line":117,"column":2},"end":{"line":121,"column":3}},{"start":{},"end":{}}],"line":117},"9":{"loc":{"start":{"line":148,"column":4},"end":{"line":148,"column":46}},"type":"if","locations":[{"start":{"line":148,"column":4},"end":{"line":148,"column":46}},{"start":{},"end":{}}],"line":148},"10":{"loc":{"start":{"line":152,"column":4},"end":{"line":156,"column":5}},"type":"if","locations":[{"start":{"line":152,"column":4},"end":{"line":156,"column":5}},{"start":{},"end":{}}],"line":152},"11":{"loc":{"start":{"line":160,"column":8},"end":{"line":161,"column":23}},"type":"if","locations":[{"start":{"line":160,"column":8},"end":{"line":161,"column":23}},{"start":{"line":161,"column":13},"end":{"line":161,"column":23}}],"line":160},"12":{"loc":{"start":{"line":202,"column":6},"end":{"line":219,"column":7}},"type":"switch","locations":[{"start":{"line":203,"column":8},"end":{"line":205,"column":16}},{"start":{"line":206,"column":8},"end":{"line":208,"column":16}},{"start":{"line":209,"column":8},"end":{"line":213,"column":16}},{"start":{"line":214,"column":8},"end":{"line":218,"column":16}}],"line":202}},"s":{"0":1,"1":1,"2":1,"3":1,"4":1,"5":1,"6":1,"7":1,"8":2,"9":1,"10":1,"11":1,"12":0,"13":0,"14":0,"15":0,"16":0,"17":0,"18":0,"19":0,"20":0,"21":0,"22":0,"23":0,"24":0,"25":0,"26":0,"27":1,"28":0,"29":1,"30":2,"31":2,"32":2,"33":1,"34":1,"35":1,"36":1,"37":1,"38":1,"39":1,"40":1,"41":1,"42":1,"43":1,"44":1,"45":1,"46":1,"47":1,"48":1,"49":1,"50":0,"51":0,"52":1,"53":1,"54":0,"55":0,"56":0,"57":0,"58":1,"59":0,"60":0,"61":1,"62":4,"63":4,"64":4,"65":5,"66":5,"67":5,"68":5,"69":4,"70":0,"71":0,"72":2,"73":2,"74":2,"75":2,"76":2,"77":0,"78":0,"79":0,"80":1,"81":4,"82":4,"83":4,"84":1,"85":0,"86":0,"87":0,"88":0,"89":1,"90":0,"91":0,"92":0,"93":0,"94":1,"95":0,"96":0,"97":0,"98":0,"99":0,"100":0},"f":{"0":2,"1":0,"2":0,"3":0,"4":2,"5":0,"6":4,"7":5,"8":4,"9":0,"10":0,"11":0,"12":0,"13":0},"b":{"0":[1,0],"1":[1,0],"2":[1,0],"3":[1,0],"4":[0,0],"5":[0,0],"6":[0,0],"7":[0,0],"8":[1,1],"9":[1,0],"10":[0,1],"11":[0,0],"12":[0,2,2,0]},"_coverageSchema":"1a1c01bbd47fc00a2c39e90264f33305004495a9","hash":"39b351c63eb153791f2e571ff3b27d21788ee51b"}
,"C:\\Users\\coley\\OneDrive\\Desktop\\ReactStuff\\SE6387_BE\\System_BE\\src\\Routers\\TestRouter.ts": {"path":"C:\\Users\\coley\\OneDrive\\Desktop\\ReactStuff\\SE6387_BE\\System_BE\\src\\Routers\\TestRouter.ts","statementMap":{"0":{"start":{"line":3,"column":19},"end":{"line":3,"column":35}},"1":{"start":{"line":6,"column":0},"end":{"line":8,"column":2}},"2":{"start":{"line":7,"column":2},"end":{"line":7,"column":41}}},"fnMap":{"0":{"name":"(anonymous_0)","decl":{"start":{"line":6,"column":20},"end":{"line":6,"column":21}},"loc":{"start":{"line":6,"column":40},"end":{"line":8,"column":1}},"line":6}},"branchMap":{},"s":{"0":1,"1":1,"2":0},"f":{"0":0},"b":{},"_coverageSchema":"1a1c01bbd47fc00a2c39e90264f33305004495a9","hash":"6e2cd6ea94ccc291d97162cf78b5b297e74fa0ae"}
,"C:\\Users\\coley\\OneDrive\\Desktop\\ReactStuff\\SE6387_BE\\System_BE\\src\\TSObjects\\AmenityManager.ts": {"path":"C:\\Users\\coley\\OneDrive\\Desktop\\ReactStuff\\SE6387_BE\\System_BE\\src\\TSObjects\\AmenityManager.ts","statementMap":{"0":{"start":{"line":10,"column":24},"end":{"line":18,"column":3}},"1":{"start":{"line":11,"column":4},"end":{"line":16,"column":5}},"2":{"start":{"line":12,"column":21},"end":{"line":14,"column":34}},"3":{"start":{"line":14,"column":23},"end":{"line":14,"column":33}},"4":{"start":{"line":15,"column":6},"end":{"line":15,"column":32}},"5":{"start":{"line":17,"column":4},"end":{"line":17,"column":14}},"6":{"start":{"line":25,"column":29},"end":{"line":37,"column":3}},"7":{"start":{"line":26,"column":4},"end":{"line":35,"column":5}},"8":{"start":{"line":27,"column":21},"end":{"line":33,"column":34}},"9":{"start":{"line":33,"column":23},"end":{"line":33,"column":33}},"10":{"start":{"line":34,"column":6},"end":{"line":34,"column":32}},"11":{"start":{"line":36,"column":4},"end":{"line":36,"column":33}},"12":{"start":{"line":43,"column":32},"end":{"line":51,"column":3}},"13":{"start":{"line":44,"column":4},"end":{"line":49,"column":5}},"14":{"start":{"line":45,"column":21},"end":{"line":47,"column":34}},"15":{"start":{"line":47,"column":23},"end":{"line":47,"column":33}},"16":{"start":{"line":48,"column":6},"end":{"line":48,"column":32}},"17":{"start":{"line":50,"column":4},"end":{"line":50,"column":14}}},"fnMap":{"0":{"name":"(anonymous_0)","decl":{"start":{"line":10,"column":24},"end":{"line":10,"column":25}},"loc":{"start":{"line":10,"column":57},"end":{"line":18,"column":3}},"line":10},"1":{"name":"(anonymous_1)","decl":{"start":{"line":14,"column":14},"end":{"line":14,"column":15}},"loc":{"start":{"line":14,"column":23},"end":{"line":14,"column":33}},"line":14},"2":{"name":"(anonymous_2)","decl":{"start":{"line":25,"column":29},"end":{"line":25,"column":30}},"loc":{"start":{"line":25,"column":77},"end":{"line":37,"column":3}},"line":25},"3":{"name":"(anonymous_3)","decl":{"start":{"line":33,"column":14},"end":{"line":33,"column":15}},"loc":{"start":{"line":33,"column":23},"end":{"line":33,"column":33}},"line":33},"4":{"name":"(anonymous_4)","decl":{"start":{"line":43,"column":32},"end":{"line":43,"column":33}},"loc":{"start":{"line":43,"column":72},"end":{"line":51,"column":3}},"line":43},"5":{"name":"(anonymous_5)","decl":{"start":{"line":47,"column":14},"end":{"line":47,"column":15}},"loc":{"start":{"line":47,"column":23},"end":{"line":47,"column":33}},"line":47}},"branchMap":{"0":{"loc":{"start":{"line":11,"column":4},"end":{"line":16,"column":5}},"type":"if","locations":[{"start":{"line":11,"column":4},"end":{"line":16,"column":5}},{"start":{},"end":{}}],"line":11},"1":{"loc":{"start":{"line":11,"column":8},"end":{"line":11,"column":139}},"type":"binary-expr","locations":[{"start":{"line":11,"column":8},"end":{"line":11,"column":75}},{"start":{"line":11,"column":79},"end":{"line":11,"column":139}}],"line":11},"2":{"loc":{"start":{"line":26,"column":4},"end":{"line":35,"column":5}},"type":"if","locations":[{"start":{"line":26,"column":4},"end":{"line":35,"column":5}},{"start":{},"end":{}}],"line":26},"3":{"loc":{"start":{"line":26,"column":8},"end":{"line":26,"column":151}},"type":"binary-expr","locations":[{"start":{"line":26,"column":8},"end":{"line":26,"column":81}},{"start":{"line":26,"column":85},"end":{"line":26,"column":151}}],"line":26},"4":{"loc":{"start":{"line":44,"column":4},"end":{"line":49,"column":5}},"type":"if","locations":[{"start":{"line":44,"column":4},"end":{"line":49,"column":5}},{"start":{},"end":{}}],"line":44},"5":{"loc":{"start":{"line":44,"column":8},"end":{"line":44,"column":159}},"type":"binary-expr","locations":[{"start":{"line":44,"column":8},"end":{"line":44,"column":85}},{"start":{"line":44,"column":89},"end":{"line":44,"column":159}}],"line":44}},"s":{"0":12,"1":3,"2":2,"3":2,"4":2,"5":1,"6":12,"7":5,"8":4,"9":4,"10":4,"11":1,"12":12,"13":5,"14":4,"15":4,"16":4,"17":1},"f":{"0":3,"1":2,"2":5,"3":4,"4":5,"5":4},"b":{"0":[2,1],"1":[3,2],"2":[4,1],"3":[5,4],"4":[4,1],"5":[5,4]},"_coverageSchema":"1a1c01bbd47fc00a2c39e90264f33305004495a9","hash":"78fed6e38bf58850363d8fa5a48ce42e3718d8fc"}
,"C:\\Users\\coley\\OneDrive\\Desktop\\ReactStuff\\SE6387_BE\\System_BE\\src\\TSObjects\\FilteringSystem.ts": {"path":"C:\\Users\\coley\\OneDrive\\Desktop\\ReactStuff\\SE6387_BE\\System_BE\\src\\TSObjects\\FilteringSystem.ts","statementMap":{"0":{"start":{"line":12,"column":4},"end":{"line":12,"column":41}},"1":{"start":{"line":20,"column":29},"end":{"line":23,"column":3}},"2":{"start":{"line":21,"column":44},"end":{"line":21,"column":92}},"3":{"start":{"line":22,"column":4},"end":{"line":22,"column":53}},"4":{"start":{"line":30,"column":33},"end":{"line":33,"column":3}},"5":{"start":{"line":31,"column":37},"end":{"line":31,"column":77}},"6":{"start":{"line":32,"column":4},"end":{"line":32,"column":46}},"7":{"start":{"line":41,"column":39},"end":{"line":45,"column":3}},"8":{"start":{"line":42,"column":37},"end":{"line":42,"column":77}},"9":{"start":{"line":43,"column":38},"end":{"line":43,"column":143}},"10":{"start":{"line":43,"column":78},"end":{"line":43,"column":105}},"11":{"start":{"line":44,"column":4},"end":{"line":44,"column":53}},"12":{"start":{"line":53,"column":19},"end":{"line":83,"column":3}},"13":{"start":{"line":54,"column":4},"end":{"line":82,"column":14}},"14":{"start":{"line":54,"column":51},"end":{"line":82,"column":12}},"15":{"start":{"line":55,"column":6},"end":{"line":81,"column":7}},"16":{"start":{"line":56,"column":8},"end":{"line":58,"column":9}},"17":{"start":{"line":61,"column":8},"end":{"line":80,"column":9}},"18":{"start":{"line":63,"column":41},"end":{"line":63,"column":45}},"19":{"start":{"line":64,"column":10},"end":{"line":66,"column":11}},"20":{"start":{"line":65,"column":12},"end":{"line":65,"column":109}},"21":{"start":{"line":67,"column":10},"end":{"line":69,"column":11}},"22":{"start":{"line":68,"column":12},"end":{"line":68,"column":110}},"23":{"start":{"line":70,"column":10},"end":{"line":72,"column":11}},"24":{"start":{"line":71,"column":12},"end":{"line":71,"column":110}},"25":{"start":{"line":73,"column":10},"end":{"line":75,"column":11}},"26":{"start":{"line":74,"column":12},"end":{"line":74,"column":109}},"27":{"start":{"line":76,"column":10},"end":{"line":76,"column":47}},"28":{"start":{"line":79,"column":10},"end":{"line":79,"column":23}},"29":{"start":{"line":91,"column":26},"end":{"line":94,"column":3}},"30":{"start":{"line":93,"column":4},"end":{"line":93,"column":78}}},"fnMap":{"0":{"name":"(anonymous_0)","decl":{"start":{"line":11,"column":2},"end":{"line":11,"column":3}},"loc":{"start":{"line":11,"column":53},"end":{"line":13,"column":3}},"line":11},"1":{"name":"(anonymous_1)","decl":{"start":{"line":20,"column":29},"end":{"line":20,"column":30}},"loc":{"start":{"line":20,"column":87},"end":{"line":23,"column":3}},"line":20},"2":{"name":"(anonymous_2)","decl":{"start":{"line":30,"column":33},"end":{"line":30,"column":34}},"loc":{"start":{"line":30,"column":84},"end":{"line":33,"column":3}},"line":30},"3":{"name":"(anonymous_3)","decl":{"start":{"line":41,"column":39},"end":{"line":41,"column":40}},"loc":{"start":{"line":41,"column":110},"end":{"line":45,"column":3}},"line":41},"4":{"name":"(anonymous_4)","decl":{"start":{"line":43,"column":57},"end":{"line":43,"column":58}},"loc":{"start":{"line":43,"column":78},"end":{"line":43,"column":105}},"line":43},"5":{"name":"(anonymous_5)","decl":{"start":{"line":53,"column":19},"end":{"line":53,"column":20}},"loc":{"start":{"line":53,"column":78},"end":{"line":83,"column":3}},"line":53},"6":{"name":"(anonymous_6)","decl":{"start":{"line":54,"column":28},"end":{"line":54,"column":29}},"loc":{"start":{"line":54,"column":51},"end":{"line":82,"column":12}},"line":54},"7":{"name":"(anonymous_7)","decl":{"start":{"line":54,"column":66},"end":{"line":54,"column":67}},"loc":{"start":{"line":54,"column":112},"end":{"line":82,"column":5}},"line":54},"8":{"name":"(anonymous_8)","decl":{"start":{"line":91,"column":26},"end":{"line":91,"column":27}},"loc":{"start":{"line":91,"column":99},"end":{"line":94,"column":3}},"line":91}},"branchMap":{"0":{"loc":{"start":{"line":55,"column":6},"end":{"line":81,"column":7}},"type":"if","locations":[{"start":{"line":55,"column":6},"end":{"line":81,"column":7}},{"start":{"line":60,"column":11},"end":{"line":81,"column":7}}],"line":55},"1":{"loc":{"start":{"line":57,"column":10},"end":{"line":57,"column":139}},"type":"binary-expr","locations":[{"start":{"line":57,"column":10},"end":{"line":57,"column":20}},{"start":{"line":57,"column":24},"end":{"line":57,"column":76}},{"start":{"line":57,"column":80},"end":{"line":57,"column":139}}],"line":57},"2":{"loc":{"start":{"line":61,"column":8},"end":{"line":80,"column":9}},"type":"if","locations":[{"start":{"line":61,"column":8},"end":{"line":80,"column":9}},{"start":{"line":78,"column":13},"end":{"line":80,"column":9}}],"line":61},"3":{"loc":{"start":{"line":61,"column":12},"end":{"line":61,"column":102}},"type":"binary-expr","locations":[{"start":{"line":61,"column":12},"end":{"line":61,"column":46}},{"start":{"line":61,"column":50},"end":{"line":61,"column":102}}],"line":61},"4":{"loc":{"start":{"line":64,"column":10},"end":{"line":66,"column":11}},"type":"if","locations":[{"start":{"line":64,"column":10},"end":{"line":66,"column":11}},{"start":{},"end":{}}],"line":64},"5":{"loc":{"start":{"line":65,"column":30},"end":{"line":65,"column":109}},"type":"binary-expr","locations":[{"start":{"line":65,"column":30},"end":{"line":65,"column":45}},{"start":{"line":65,"column":49},"end":{"line":65,"column":109}}],"line":65},"6":{"loc":{"start":{"line":67,"column":10},"end":{"line":69,"column":11}},"type":"if","locations":[{"start":{"line":67,"column":10},"end":{"line":69,"column":11}},{"start":{},"end":{}}],"line":67},"7":{"loc":{"start":{"line":68,"column":30},"end":{"line":68,"column":110}},"type":"binary-expr","locations":[{"start":{"line":68,"column":30},"end":{"line":68,"column":45}},{"start":{"line":68,"column":49},"end":{"line":68,"column":110}}],"line":68},"8":{"loc":{"start":{"line":70,"column":10},"end":{"line":72,"column":11}},"type":"if","locations":[{"start":{"line":70,"column":10},"end":{"line":72,"column":11}},{"start":{},"end":{}}],"line":70},"9":{"loc":{"start":{"line":71,"column":30},"end":{"line":71,"column":110}},"type":"binary-expr","locations":[{"start":{"line":71,"column":30},"end":{"line":71,"column":45}},{"start":{"line":71,"column":49},"end":{"line":71,"column":110}}],"line":71},"10":{"loc":{"start":{"line":73,"column":10},"end":{"line":75,"column":11}},"type":"if","locations":[{"start":{"line":73,"column":10},"end":{"line":75,"column":11}},{"start":{},"end":{}}],"line":73},"11":{"loc":{"start":{"line":74,"column":30},"end":{"line":74,"column":109}},"type":"binary-expr","locations":[{"start":{"line":74,"column":30},"end":{"line":74,"column":45}},{"start":{"line":74,"column":49},"end":{"line":74,"column":109}}],"line":74},"12":{"loc":{"start":{"line":76,"column":17},"end":{"line":76,"column":46}},"type":"binary-expr","locations":[{"start":{"line":76,"column":17},"end":{"line":76,"column":27}},{"start":{"line":76,"column":31},"end":{"line":76,"column":46}}],"line":76}},"s":{"0":7,"1":7,"2":15,"3":15,"4":7,"5":5,"6":5,"7":7,"8":4,"9":4,"10":5,"11":4,"12":7,"13":24,"14":72,"15":69,"16":48,"17":21,"18":15,"19":15,"20":3,"21":15,"22":3,"23":15,"24":3,"25":15,"26":6,"27":15,"28":6,"29":7,"30":15},"f":{"0":7,"1":15,"2":5,"3":4,"4":5,"5":24,"6":72,"7":69,"8":15},"b":{"0":[48,21],"1":[48,32,20],"2":[15,6],"3":[21,21],"4":[3,12],"5":[3,3],"6":[3,12],"7":[3,3],"8":[3,12],"9":[3,3],"10":[6,9],"11":[6,6],"12":[15,15]},"_coverageSchema":"1a1c01bbd47fc00a2c39e90264f33305004495a9","hash":"9df829b3ee200f69124987a9ac2bd2c27698cc94"}
,"C:\\Users\\coley\\OneDrive\\Desktop\\ReactStuff\\SE6387_BE\\System_BE\\src\\TSObjects\\InfrastructuralResourcesManager.ts": {"path":"C:\\Users\\coley\\OneDrive\\Desktop\\ReactStuff\\SE6387_BE\\System_BE\\src\\TSObjects\\InfrastructuralResourcesManager.ts","statementMap":{},"fnMap":{},"branchMap":{},"s":{},"f":{},"b":{},"_coverageSchema":"1a1c01bbd47fc00a2c39e90264f33305004495a9","hash":"cef300dadb6cce746a4d88c3e06330e431b7abe8"}
,"C:\\Users\\coley\\OneDrive\\Desktop\\ReactStuff\\SE6387_BE\\System_BE\\src\\TSObjects\\NavigationSystem.ts": {"path":"C:\\Users\\coley\\OneDrive\\Desktop\\ReactStuff\\SE6387_BE\\System_BE\\src\\TSObjects\\NavigationSystem.ts","statementMap":{"0":{"start":{"line":15,"column":51},"end":{"line":15,"column":53}},"1":{"start":{"line":16,"column":50},"end":{"line":16,"column":58}},"2":{"start":{"line":17,"column":30},"end":{"line":17,"column":31}},"3":{"start":{"line":22,"column":4},"end":{"line":22,"column":53}},"4":{"start":{"line":23,"column":4},"end":{"line":23,"column":49}},"5":{"start":{"line":31,"column":18},"end":{"line":42,"column":3}},"6":{"start":{"line":33,"column":33},"end":{"line":33,"column":133}},"7":{"start":{"line":34,"column":32},"end":{"line":35,"column":83}},"8":{"start":{"line":36,"column":19},"end":{"line":40,"column":31}},"9":{"start":{"line":40,"column":20},"end":{"line":40,"column":30}},"10":{"start":{"line":41,"column":4},"end":{"line":41,"column":18}},"11":{"start":{"line":50,"column":32},"end":{"line":68,"column":3}},"12":{"start":{"line":51,"column":41},"end":{"line":59,"column":5}},"13":{"start":{"line":60,"column":4},"end":{"line":60,"column":51}},"14":{"start":{"line":61,"column":4},"end":{"line":61,"column":24}},"15":{"start":{"line":62,"column":34},"end":{"line":65,"column":5}},"16":{"start":{"line":66,"column":4},"end":{"line":66,"column":47}},"17":{"start":{"line":67,"column":4},"end":{"line":67,"column":31}},"18":{"start":{"line":79,"column":20},"end":{"line":97,"column":3}},"19":{"start":{"line":80,"column":50},"end":{"line":80,"column":144}},"20":{"start":{"line":80,"column":115},"end":{"line":80,"column":143}},"21":{"start":{"line":81,"column":4},"end":{"line":96,"column":5}},"22":{"start":{"line":82,"column":26},"end":{"line":82,"column":82}},"23":{"start":{"line":83,"column":6},"end":{"line":83,"column":42}},"24":{"start":{"line":84,"column":6},"end":{"line":84,"column":33}},"25":{"start":{"line":85,"column":6},"end":{"line":85,"column":36}},"26":{"start":{"line":86,"column":6},"end":{"line":86,"column":63}},"27":{"start":{"line":87,"column":38},"end":{"line":90,"column":7}},"28":{"start":{"line":91,"column":6},"end":{"line":91,"column":62}},"29":{"start":{"line":92,"column":6},"end":{"line":92,"column":17}},"30":{"start":{"line":95,"column":6},"end":{"line":95,"column":78}},"31":{"start":{"line":106,"column":19},"end":{"line":125,"column":3}},"32":{"start":{"line":107,"column":19},"end":{"line":114,"column":31}},"33":{"start":{"line":114,"column":20},"end":{"line":114,"column":30}},"34":{"start":{"line":115,"column":4},"end":{"line":124,"column":6}},"35":{"start":{"line":119,"column":8},"end":{"line":119,"column":166}},"36":{"start":{"line":119,"column":44},"end":{"line":119,"column":158}},"37":{"start":{"line":119,"column":91},"end":{"line":119,"column":156}},"38":{"start":{"line":122,"column":8},"end":{"line":122,"column":185}},"39":{"start":{"line":122,"column":45},"end":{"line":122,"column":176}},"40":{"start":{"line":133,"column":19},"end":{"line":157,"column":3}},"41":{"start":{"line":134,"column":49},"end":{"line":134,"column":143}},"42":{"start":{"line":134,"column":114},"end":{"line":134,"column":142}},"43":{"start":{"line":135,"column":4},"end":{"line":156,"column":5}},"44":{"start":{"line":136,"column":6},"end":{"line":146,"column":7}},"45":{"start":{"line":137,"column":8},"end":{"line":142,"column":9}},"46":{"start":{"line":138,"column":10},"end":{"line":138,"column":128}},"47":{"start":{"line":141,"column":10},"end":{"line":141,"column":58}},"48":{"start":{"line":145,"column":8},"end":{"line":145,"column":40}},"49":{"start":{"line":147,"column":6},"end":{"line":147,"column":37}},"50":{"start":{"line":148,"column":41},"end":{"line":151,"column":7}},"51":{"start":{"line":152,"column":6},"end":{"line":152,"column":64}},"52":{"start":{"line":155,"column":6},"end":{"line":155,"column":77}},"53":{"start":{"line":165,"column":27},"end":{"line":212,"column":3}},"54":{"start":{"line":166,"column":48},"end":{"line":166,"column":142}},"55":{"start":{"line":166,"column":113},"end":{"line":166,"column":141}},"56":{"start":{"line":167,"column":4},"end":{"line":211,"column":5}},"57":{"start":{"line":169,"column":6},"end":{"line":207,"column":7}},"58":{"start":{"line":171,"column":49},"end":{"line":171,"column":244}},"59":{"start":{"line":172,"column":8},"end":{"line":206,"column":9}},"60":{"start":{"line":174,"column":33},"end":{"line":174,"column":195}},"61":{"start":{"line":176,"column":12},"end":{"line":176,"column":45}},"62":{"start":{"line":178,"column":67},"end":{"line":181,"column":13}},"63":{"start":{"line":182,"column":52},"end":{"line":185,"column":13}},"64":{"start":{"line":186,"column":12},"end":{"line":186,"column":74}},"65":{"start":{"line":190,"column":33},"end":{"line":190,"column":179}},"66":{"start":{"line":191,"column":41},"end":{"line":191,"column":111}},"67":{"start":{"line":192,"column":10},"end":{"line":205,"column":11}},"68":{"start":{"line":194,"column":12},"end":{"line":194,"column":45}},"69":{"start":{"line":196,"column":67},"end":{"line":199,"column":13}},"70":{"start":{"line":200,"column":52},"end":{"line":203,"column":13}},"71":{"start":{"line":204,"column":12},"end":{"line":204,"column":74}},"72":{"start":{"line":210,"column":6},"end":{"line":210,"column":87}},"73":{"start":{"line":219,"column":30},"end":{"line":223,"column":3}},"74":{"start":{"line":220,"column":4},"end":{"line":222,"column":5}},"75":{"start":{"line":221,"column":6},"end":{"line":221,"column":53}},"76":{"start":{"line":231,"column":26},"end":{"line":240,"column":3}},"77":{"start":{"line":232,"column":48},"end":{"line":232,"column":142}},"78":{"start":{"line":232,"column":113},"end":{"line":232,"column":141}},"79":{"start":{"line":233,"column":4},"end":{"line":239,"column":5}},"80":{"start":{"line":234,"column":6},"end":{"line":234,"column":45}},"81":{"start":{"line":235,"column":6},"end":{"line":235,"column":67}},"82":{"start":{"line":238,"column":6},"end":{"line":238,"column":85}},"83":{"start":{"line":247,"column":25},"end":{"line":257,"column":3}},"84":{"start":{"line":248,"column":44},"end":{"line":248,"column":143}},"85":{"start":{"line":248,"column":114},"end":{"line":248,"column":142}},"86":{"start":{"line":249,"column":4},"end":{"line":256,"column":5}},"87":{"start":{"line":250,"column":48},"end":{"line":250,"column":99}},"88":{"start":{"line":251,"column":6},"end":{"line":251,"column":68}},"89":{"start":{"line":252,"column":6},"end":{"line":252,"column":44}},"90":{"start":{"line":255,"column":6},"end":{"line":255,"column":84}},"91":{"start":{"line":267,"column":34},"end":{"line":277,"column":3}},"92":{"start":{"line":268,"column":22},"end":{"line":268,"column":39}},"93":{"start":{"line":269,"column":31},"end":{"line":269,"column":50}},"94":{"start":{"line":270,"column":26},"end":{"line":270,"column":49}},"95":{"start":{"line":271,"column":26},"end":{"line":271,"column":109}},"96":{"start":{"line":272,"column":4},"end":{"line":276,"column":5}},"97":{"start":{"line":284,"column":34},"end":{"line":293,"column":3}},"98":{"start":{"line":285,"column":22},"end":{"line":285,"column":44}},"99":{"start":{"line":286,"column":24},"end":{"line":286,"column":57}},"100":{"start":{"line":287,"column":31},"end":{"line":287,"column":86}},"101":{"start":{"line":288,"column":24},"end":{"line":288,"column":52}},"102":{"start":{"line":289,"column":4},"end":{"line":292,"column":5}}},"fnMap":{"0":{"name":"(anonymous_0)","decl":{"start":{"line":21,"column":2},"end":{"line":21,"column":3}},"loc":{"start":{"line":21,"column":58},"end":{"line":24,"column":3}},"line":21},"1":{"name":"(anonymous_1)","decl":{"start":{"line":31,"column":18},"end":{"line":31,"column":19}},"loc":{"start":{"line":31,"column":63},"end":{"line":42,"column":3}},"line":31},"2":{"name":"(anonymous_2)","decl":{"start":{"line":40,"column":11},"end":{"line":40,"column":12}},"loc":{"start":{"line":40,"column":20},"end":{"line":40,"column":30}},"line":40},"3":{"name":"(anonymous_3)","decl":{"start":{"line":50,"column":32},"end":{"line":50,"column":33}},"loc":{"start":{"line":50,"column":61},"end":{"line":68,"column":3}},"line":50},"4":{"name":"(anonymous_4)","decl":{"start":{"line":79,"column":20},"end":{"line":79,"column":21}},"loc":{"start":{"line":79,"column":130},"end":{"line":97,"column":3}},"line":79},"5":{"name":"(anonymous_5)","decl":{"start":{"line":80,"column":82},"end":{"line":80,"column":83}},"loc":{"start":{"line":80,"column":115},"end":{"line":80,"column":143}},"line":80},"6":{"name":"(anonymous_6)","decl":{"start":{"line":106,"column":19},"end":{"line":106,"column":20}},"loc":{"start":{"line":106,"column":114},"end":{"line":125,"column":3}},"line":106},"7":{"name":"(anonymous_7)","decl":{"start":{"line":114,"column":11},"end":{"line":114,"column":12}},"loc":{"start":{"line":114,"column":20},"end":{"line":114,"column":30}},"line":114},"8":{"name":"(anonymous_8)","decl":{"start":{"line":118,"column":39},"end":{"line":118,"column":40}},"loc":{"start":{"line":118,"column":53},"end":{"line":120,"column":7}},"line":118},"9":{"name":"(anonymous_9)","decl":{"start":{"line":119,"column":29},"end":{"line":119,"column":30}},"loc":{"start":{"line":119,"column":44},"end":{"line":119,"column":158}},"line":119},"10":{"name":"(anonymous_10)","decl":{"start":{"line":119,"column":67},"end":{"line":119,"column":68}},"loc":{"start":{"line":119,"column":90},"end":{"line":119,"column":157}},"line":119},"11":{"name":"(anonymous_11)","decl":{"start":{"line":121,"column":46},"end":{"line":121,"column":47}},"loc":{"start":{"line":121,"column":60},"end":{"line":123,"column":7}},"line":121},"12":{"name":"(anonymous_12)","decl":{"start":{"line":122,"column":29},"end":{"line":122,"column":30}},"loc":{"start":{"line":122,"column":45},"end":{"line":122,"column":176}},"line":122},"13":{"name":"(anonymous_13)","decl":{"start":{"line":133,"column":19},"end":{"line":133,"column":20}},"loc":{"start":{"line":133,"column":61},"end":{"line":157,"column":3}},"line":133},"14":{"name":"(anonymous_14)","decl":{"start":{"line":134,"column":81},"end":{"line":134,"column":82}},"loc":{"start":{"line":134,"column":114},"end":{"line":134,"column":142}},"line":134},"15":{"name":"(anonymous_15)","decl":{"start":{"line":165,"column":27},"end":{"line":165,"column":28}},"loc":{"start":{"line":165,"column":76},"end":{"line":212,"column":3}},"line":165},"16":{"name":"(anonymous_16)","decl":{"start":{"line":166,"column":80},"end":{"line":166,"column":81}},"loc":{"start":{"line":166,"column":113},"end":{"line":166,"column":141}},"line":166},"17":{"name":"(anonymous_17)","decl":{"start":{"line":219,"column":30},"end":{"line":219,"column":31}},"loc":{"start":{"line":219,"column":64},"end":{"line":223,"column":3}},"line":219},"18":{"name":"(anonymous_18)","decl":{"start":{"line":231,"column":26},"end":{"line":231,"column":27}},"loc":{"start":{"line":231,"column":75},"end":{"line":240,"column":3}},"line":231},"19":{"name":"(anonymous_19)","decl":{"start":{"line":232,"column":80},"end":{"line":232,"column":81}},"loc":{"start":{"line":232,"column":113},"end":{"line":232,"column":141}},"line":232},"20":{"name":"(anonymous_20)","decl":{"start":{"line":247,"column":25},"end":{"line":247,"column":26}},"loc":{"start":{"line":247,"column":44},"end":{"line":257,"column":3}},"line":247},"21":{"name":"(anonymous_21)","decl":{"start":{"line":248,"column":81},"end":{"line":248,"column":82}},"loc":{"start":{"line":248,"column":114},"end":{"line":248,"column":142}},"line":248},"22":{"name":"(anonymous_22)","decl":{"start":{"line":267,"column":34},"end":{"line":267,"column":35}},"loc":{"start":{"line":267,"column":91},"end":{"line":277,"column":3}},"line":267},"23":{"name":"(anonymous_23)","decl":{"start":{"line":284,"column":34},"end":{"line":284,"column":35}},"loc":{"start":{"line":284,"column":71},"end":{"line":293,"column":3}},"line":284}},"branchMap":{"0":{"loc":{"start":{"line":34,"column":33},"end":{"line":34,"column":81}},"type":"binary-expr","locations":[{"start":{"line":34,"column":33},"end":{"line":34,"column":75}},{"start":{"line":34,"column":79},"end":{"line":34,"column":81}}],"line":34},"1":{"loc":{"start":{"line":38,"column":16},"end":{"line":38,"column":74}},"type":"binary-expr","locations":[{"start":{"line":38,"column":16},"end":{"line":38,"column":65}},{"start":{"line":38,"column":69},"end":{"line":38,"column":74}}],"line":38},"2":{"loc":{"start":{"line":81,"column":4},"end":{"line":96,"column":5}},"type":"if","locations":[{"start":{"line":81,"column":4},"end":{"line":96,"column":5}},{"start":{"line":94,"column":9},"end":{"line":96,"column":5}}],"line":81},"3":{"loc":{"start":{"line":107,"column":32},"end":{"line":107,"column":80}},"type":"binary-expr","locations":[{"start":{"line":107,"column":32},"end":{"line":107,"column":74}},{"start":{"line":107,"column":78},"end":{"line":107,"column":80}}],"line":107},"4":{"loc":{"start":{"line":110,"column":9},"end":{"line":110,"column":60}},"type":"cond-expr","locations":[{"start":{"line":110,"column":32},"end":{"line":110,"column":55}},{"start":{"line":110,"column":58},"end":{"line":110,"column":60}}],"line":110},"5":{"loc":{"start":{"line":112,"column":16},"end":{"line":112,"column":74}},"type":"binary-expr","locations":[{"start":{"line":112,"column":16},"end":{"line":112,"column":65}},{"start":{"line":112,"column":69},"end":{"line":112,"column":74}}],"line":112},"6":{"loc":{"start":{"line":122,"column":46},"end":{"line":122,"column":110}},"type":"cond-expr","locations":[{"start":{"line":122,"column":63},"end":{"line":122,"column":104}},{"start":{"line":122,"column":108},"end":{"line":122,"column":110}}],"line":122},"7":{"loc":{"start":{"line":122,"column":115},"end":{"line":122,"column":175}},"type":"cond-expr","locations":[{"start":{"line":122,"column":140},"end":{"line":122,"column":162}},{"start":{"line":122,"column":165},"end":{"line":122,"column":175}}],"line":122},"8":{"loc":{"start":{"line":135,"column":4},"end":{"line":156,"column":5}},"type":"if","locations":[{"start":{"line":135,"column":4},"end":{"line":156,"column":5}},{"start":{"line":154,"column":9},"end":{"line":156,"column":5}}],"line":135},"9":{"loc":{"start":{"line":136,"column":6},"end":{"line":146,"column":7}},"type":"if","locations":[{"start":{"line":136,"column":6},"end":{"line":146,"column":7}},{"start":{"line":144,"column":11},"end":{"line":146,"column":7}}],"line":136},"10":{"loc":{"start":{"line":137,"column":8},"end":{"line":142,"column":9}},"type":"if","locations":[{"start":{"line":137,"column":8},"end":{"line":142,"column":9}},{"start":{"line":140,"column":13},"end":{"line":142,"column":9}}],"line":137},"11":{"loc":{"start":{"line":167,"column":4},"end":{"line":211,"column":5}},"type":"if","locations":[{"start":{"line":167,"column":4},"end":{"line":211,"column":5}},{"start":{"line":209,"column":9},"end":{"line":211,"column":5}}],"line":167},"12":{"loc":{"start":{"line":169,"column":6},"end":{"line":207,"column":7}},"type":"if","locations":[{"start":{"line":169,"column":6},"end":{"line":207,"column":7}},{"start":{},"end":{}}],"line":169},"13":{"loc":{"start":{"line":169,"column":10},"end":{"line":169,"column":104}},"type":"binary-expr","locations":[{"start":{"line":169,"column":10},"end":{"line":169,"column":43}},{"start":{"line":169,"column":47},"end":{"line":169,"column":71}},{"start":{"line":169,"column":75},"end":{"line":169,"column":104}}],"line":169},"14":{"loc":{"start":{"line":172,"column":8},"end":{"line":206,"column":9}},"type":"if","locations":[{"start":{"line":172,"column":8},"end":{"line":206,"column":9}},{"start":{"line":188,"column":13},"end":{"line":206,"column":9}}],"line":172},"15":{"loc":{"start":{"line":172,"column":12},"end":{"line":172,"column":131}},"type":"binary-expr","locations":[{"start":{"line":172,"column":12},"end":{"line":172,"column":43}},{"start":{"line":172,"column":47},"end":{"line":172,"column":131}}],"line":172},"16":{"loc":{"start":{"line":174,"column":112},"end":{"line":174,"column":194}},"type":"cond-expr","locations":[{"start":{"line":174,"column":155},"end":{"line":174,"column":186}},{"start":{"line":174,"column":189},"end":{"line":174,"column":194}}],"line":174},"17":{"loc":{"start":{"line":190,"column":96},"end":{"line":190,"column":178}},"type":"cond-expr","locations":[{"start":{"line":190,"column":139},"end":{"line":190,"column":170}},{"start":{"line":190,"column":173},"end":{"line":190,"column":178}}],"line":190},"18":{"loc":{"start":{"line":192,"column":10},"end":{"line":205,"column":11}},"type":"if","locations":[{"start":{"line":192,"column":10},"end":{"line":205,"column":11}},{"start":{},"end":{}}],"line":192},"19":{"loc":{"start":{"line":233,"column":4},"end":{"line":239,"column":5}},"type":"if","locations":[{"start":{"line":233,"column":4},"end":{"line":239,"column":5}},{"start":{"line":237,"column":9},"end":{"line":239,"column":5}}],"line":233},"20":{"loc":{"start":{"line":249,"column":4},"end":{"line":256,"column":5}},"type":"if","locations":[{"start":{"line":249,"column":4},"end":{"line":256,"column":5}},{"start":{"line":254,"column":9},"end":{"line":256,"column":5}}],"line":249}},"s":{"0":6,"1":5,"2":6,"3":6,"4":6,"5":6,"6":2,"7":2,"8":2,"9":2,"10":2,"11":6,"12":5,"13":5,"14":5,"15":5,"16":5,"17":5,"18":6,"19":2,"20":5,"21":2,"22":2,"23":2,"24":2,"25":2,"26":2,"27":2,"28":2,"29":2,"30":0,"31":6,"32":3,"33":3,"34":3,"35":3,"36":6,"37":6,"38":3,"39":6,"40":6,"41":1,"42":1,"43":1,"44":1,"45":0,"46":0,"47":0,"48":1,"49":1,"50":1,"51":1,"52":0,"53":6,"54":0,"55":0,"56":0,"57":0,"58":0,"59":0,"60":0,"61":0,"62":0,"63":0,"64":0,"65":0,"66":0,"67":0,"68":0,"69":0,"70":0,"71":0,"72":0,"73":6,"74":0,"75":0,"76":6,"77":0,"78":0,"79":0,"80":0,"81":0,"82":0,"83":6,"84":7,"85":11,"86":7,"87":5,"88":5,"89":5,"90":2,"91":5,"92":3,"93":3,"94":3,"95":3,"96":3,"97":5,"98":1,"99":1,"100":1,"101":1,"102":1},"f":{"0":6,"1":2,"2":2,"3":5,"4":2,"5":5,"6":3,"7":3,"8":3,"9":6,"10":6,"11":3,"12":6,"13":1,"14":1,"15":0,"16":0,"17":0,"18":0,"19":0,"20":7,"21":11,"22":3,"23":1},"b":{"0":[2,0],"1":[2,0],"2":[2,0],"3":[3,0],"4":[0,3],"5":[3,0],"6":[0,6],"7":[6,0],"8":[1,0],"9":[0,1],"10":[0,0],"11":[0,0],"12":[0,0],"13":[0,0,0],"14":[0,0],"15":[0,0],"16":[0,0],"17":[0,0],"18":[0,0],"19":[0,0],"20":[5,2]},"_coverageSchema":"1a1c01bbd47fc00a2c39e90264f33305004495a9","hash":"18140920fb84bec6a4ddf172f0073200c4db8ee3"}
,"C:\\Users\\coley\\OneDrive\\Desktop\\ReactStuff\\SE6387_BE\\System_BE\\src\\TSObjects\\RecommendationSystem.ts": {"path":"C:\\Users\\coley\\OneDrive\\Desktop\\ReactStuff\\SE6387_BE\\System_BE\\src\\TSObjects\\RecommendationSystem.ts","statementMap":{"0":{"start":{"line":17,"column":4},"end":{"line":17,"column":43}},"1":{"start":{"line":25,"column":29},"end":{"line":28,"column":3}},"2":{"start":{"line":26,"column":49},"end":{"line":26,"column":102}},"3":{"start":{"line":27,"column":4},"end":{"line":27,"column":83}},"4":{"start":{"line":36,"column":32},"end":{"line":61,"column":3}},"5":{"start":{"line":37,"column":41},"end":{"line":37,"column":45}},"6":{"start":{"line":38,"column":41},"end":{"line":38,"column":45}},"7":{"start":{"line":39,"column":4},"end":{"line":53,"column":5}},"8":{"start":{"line":43,"column":26},"end":{"line":46,"column":52}},"9":{"start":{"line":45,"column":63},"end":{"line":45,"column":114}},"10":{"start":{"line":47,"column":21},"end":{"line":50,"column":34}},"11":{"start":{"line":50,"column":23},"end":{"line":50,"column":33}},"12":{"start":{"line":51,"column":6},"end":{"line":51,"column":42}},"13":{"start":{"line":52,"column":6},"end":{"line":52,"column":42}},"14":{"start":{"line":54,"column":58},"end":{"line":57,"column":23}},"15":{"start":{"line":55,"column":57},"end":{"line":55,"column":166}},"16":{"start":{"line":60,"column":4},"end":{"line":60,"column":90}},"17":{"start":{"line":68,"column":45},"end":{"line":86,"column":3}},"18":{"start":{"line":69,"column":4},"end":{"line":85,"column":5}},"19":{"start":{"line":71,"column":8},"end":{"line":75,"column":10}},"20":{"start":{"line":71,"column":76},"end":{"line":74,"column":11}},"21":{"start":{"line":77,"column":8},"end":{"line":81,"column":10}},"22":{"start":{"line":77,"column":76},"end":{"line":80,"column":11}},"23":{"start":{"line":84,"column":8},"end":{"line":84,"column":136}},"24":{"start":{"line":84,"column":76},"end":{"line":84,"column":134}}},"fnMap":{"0":{"name":"(anonymous_0)","decl":{"start":{"line":16,"column":2},"end":{"line":16,"column":3}},"loc":{"start":{"line":16,"column":55},"end":{"line":18,"column":3}},"line":16},"1":{"name":"(anonymous_1)","decl":{"start":{"line":25,"column":29},"end":{"line":25,"column":30}},"loc":{"start":{"line":25,"column":135},"end":{"line":28,"column":3}},"line":25},"2":{"name":"(anonymous_2)","decl":{"start":{"line":36,"column":32},"end":{"line":36,"column":33}},"loc":{"start":{"line":36,"column":163},"end":{"line":61,"column":3}},"line":36},"3":{"name":"(anonymous_3)","decl":{"start":{"line":45,"column":33},"end":{"line":45,"column":34}},"loc":{"start":{"line":45,"column":63},"end":{"line":45,"column":114}},"line":45},"4":{"name":"(anonymous_4)","decl":{"start":{"line":50,"column":14},"end":{"line":50,"column":15}},"loc":{"start":{"line":50,"column":23},"end":{"line":50,"column":33}},"line":50},"5":{"name":"(anonymous_5)","decl":{"start":{"line":55,"column":28},"end":{"line":55,"column":29}},"loc":{"start":{"line":55,"column":56},"end":{"line":55,"column":167}},"line":55},"6":{"name":"(anonymous_6)","decl":{"start":{"line":68,"column":45},"end":{"line":68,"column":46}},"loc":{"start":{"line":68,"column":149},"end":{"line":86,"column":3}},"line":68},"7":{"name":"(anonymous_7)","decl":{"start":{"line":71,"column":15},"end":{"line":71,"column":16}},"loc":{"start":{"line":71,"column":76},"end":{"line":74,"column":11}},"line":71},"8":{"name":"(anonymous_8)","decl":{"start":{"line":77,"column":15},"end":{"line":77,"column":16}},"loc":{"start":{"line":77,"column":76},"end":{"line":80,"column":11}},"line":77},"9":{"name":"(anonymous_9)","decl":{"start":{"line":84,"column":15},"end":{"line":84,"column":16}},"loc":{"start":{"line":84,"column":76},"end":{"line":84,"column":134}},"line":84}},"branchMap":{"0":{"loc":{"start":{"line":39,"column":4},"end":{"line":53,"column":5}},"type":"if","locations":[{"start":{"line":39,"column":4},"end":{"line":53,"column":5}},{"start":{},"end":{}}],"line":39},"1":{"loc":{"start":{"line":39,"column":8},"end":{"line":41,"column":71}},"type":"binary-expr","locations":[{"start":{"line":39,"column":8},"end":{"line":39,"column":55}},{"start":{"line":40,"column":6},"end":{"line":40,"column":64}},{"start":{"line":41,"column":6},"end":{"line":41,"column":71}}],"line":39},"2":{"loc":{"start":{"line":54,"column":58},"end":{"line":57,"column":23}},"type":"cond-expr","locations":[{"start":{"line":55,"column":6},"end":{"line":55,"column":168}},{"start":{"line":57,"column":6},"end":{"line":57,"column":23}}],"line":54},"3":{"loc":{"start":{"line":54,"column":58},"end":{"line":54,"column":106}},"type":"binary-expr","locations":[{"start":{"line":54,"column":58},"end":{"line":54,"column":80}},{"start":{"line":54,"column":84},"end":{"line":54,"column":106}}],"line":54},"4":{"loc":{"start":{"line":69,"column":4},"end":{"line":85,"column":5}},"type":"switch","locations":[{"start":{"line":70,"column":6},"end":{"line":75,"column":10}},{"start":{"line":76,"column":6},"end":{"line":81,"column":10}},{"start":{"line":82,"column":6},"end":{"line":82,"column":14}},{"start":{"line":83,"column":6},"end":{"line":84,"column":136}}],"line":69},"5":{"loc":{"start":{"line":71,"column":76},"end":{"line":74,"column":11}},"type":"cond-expr","locations":[{"start":{"line":72,"column":11},"end":{"line":72,"column":61}},{"start":{"line":74,"column":10},"end":{"line":74,"column":11}}],"line":71},"6":{"loc":{"start":{"line":71,"column":76},"end":{"line":71,"column":146}},"type":"binary-expr","locations":[{"start":{"line":71,"column":76},"end":{"line":71,"column":109}},{"start":{"line":71,"column":113},"end":{"line":71,"column":146}}],"line":71},"7":{"loc":{"start":{"line":72,"column":11},"end":{"line":72,"column":61}},"type":"cond-expr","locations":[{"start":{"line":72,"column":55},"end":{"line":72,"column":56}},{"start":{"line":72,"column":59},"end":{"line":72,"column":61}}],"line":72},"8":{"loc":{"start":{"line":77,"column":76},"end":{"line":80,"column":11}},"type":"cond-expr","locations":[{"start":{"line":78,"column":11},"end":{"line":78,"column":61}},{"start":{"line":80,"column":10},"end":{"line":80,"column":11}}],"line":77},"9":{"loc":{"start":{"line":77,"column":76},"end":{"line":77,"column":146}},"type":"binary-expr","locations":[{"start":{"line":77,"column":76},"end":{"line":77,"column":109}},{"start":{"line":77,"column":113},"end":{"line":77,"column":146}}],"line":77},"10":{"loc":{"start":{"line":78,"column":11},"end":{"line":78,"column":61}},"type":"cond-expr","locations":[{"start":{"line":78,"column":55},"end":{"line":78,"column":56}},{"start":{"line":78,"column":59},"end":{"line":78,"column":61}}],"line":78},"11":{"loc":{"start":{"line":84,"column":76},"end":{"line":84,"column":134}},"type":"cond-expr","locations":[{"start":{"line":84,"column":128},"end":{"line":84,"column":130}},{"start":{"line":84,"column":133},"end":{"line":84,"column":134}}],"line":84}},"s":{"0":7,"1":7,"2":7,"3":7,"4":7,"5":7,"6":7,"7":7,"8":5,"9":13,"10":5,"11":5,"12":5,"13":5,"14":7,"15":13,"16":7,"17":5,"18":7,"19":4,"20":6,"21":1,"22":2,"23":2,"24":4},"f":{"0":7,"1":7,"2":7,"3":13,"4":5,"5":13,"6":7,"7":6,"8":2,"9":4},"b":{"0":[5,2],"1":[7,5,5],"2":[5,2],"3":[7,5],"4":[4,1,0,2],"5":[6,0],"6":[6,6],"7":[0,6],"8":[2,0],"9":[2,2],"10":[0,2],"11":[2,2]},"_coverageSchema":"1a1c01bbd47fc00a2c39e90264f33305004495a9","hash":"a5367a7d401c7e6e135106dcc5341f0800a4e820"}
,"C:\\Users\\coley\\OneDrive\\Desktop\\ReactStuff\\SE6387_BE\\System_BE\\src\\TSObjects\\ReroutingSystem.ts": {"path":"C:\\Users\\coley\\OneDrive\\Desktop\\ReactStuff\\SE6387_BE\\System_BE\\src\\TSObjects\\ReroutingSystem.ts","statementMap":{"0":{"start":{"line":11,"column":30},"end":{"line":32,"column":3}},"1":{"start":{"line":12,"column":4},"end":{"line":14,"column":5}},"2":{"start":{"line":13,"column":6},"end":{"line":13,"column":19}},"3":{"start":{"line":15,"column":48},"end":{"line":15,"column":157}},"4":{"start":{"line":15,"column":93},"end":{"line":15,"column":150}},"5":{"start":{"line":16,"column":48},"end":{"line":16,"column":157}},"6":{"start":{"line":16,"column":93},"end":{"line":16,"column":150}},"7":{"start":{"line":17,"column":40},"end":{"line":17,"column":106}},"8":{"start":{"line":18,"column":44},"end":{"line":18,"column":121}},"9":{"start":{"line":19,"column":44},"end":{"line":19,"column":121}},"10":{"start":{"line":21,"column":4},"end":{"line":23,"column":5}},"11":{"start":{"line":22,"column":6},"end":{"line":22,"column":18}},"12":{"start":{"line":24,"column":4},"end":{"line":29,"column":5}},"13":{"start":{"line":24,"column":17},"end":{"line":24,"column":36}},"14":{"start":{"line":26,"column":6},"end":{"line":28,"column":7}},"15":{"start":{"line":27,"column":8},"end":{"line":27,"column":20}},"16":{"start":{"line":31,"column":4},"end":{"line":31,"column":17}}},"fnMap":{"0":{"name":"(anonymous_0)","decl":{"start":{"line":11,"column":30},"end":{"line":11,"column":31}},"loc":{"start":{"line":11,"column":75},"end":{"line":32,"column":3}},"line":11},"1":{"name":"(anonymous_1)","decl":{"start":{"line":15,"column":72},"end":{"line":15,"column":73}},"loc":{"start":{"line":15,"column":93},"end":{"line":15,"column":150}},"line":15},"2":{"name":"(anonymous_2)","decl":{"start":{"line":16,"column":72},"end":{"line":16,"column":73}},"loc":{"start":{"line":16,"column":93},"end":{"line":16,"column":150}},"line":16}},"branchMap":{"0":{"loc":{"start":{"line":12,"column":4},"end":{"line":14,"column":5}},"type":"if","locations":[{"start":{"line":12,"column":4},"end":{"line":14,"column":5}},{"start":{},"end":{}}],"line":12},"1":{"loc":{"start":{"line":15,"column":48},"end":{"line":15,"column":157}},"type":"binary-expr","locations":[{"start":{"line":15,"column":48},"end":{"line":15,"column":151}},{"start":{"line":15,"column":155},"end":{"line":15,"column":157}}],"line":15},"2":{"loc":{"start":{"line":16,"column":48},"end":{"line":16,"column":157}},"type":"binary-expr","locations":[{"start":{"line":16,"column":48},"end":{"line":16,"column":151}},{"start":{"line":16,"column":155},"end":{"line":16,"column":157}}],"line":16},"3":{"loc":{"start":{"line":18,"column":44},"end":{"line":18,"column":121}},"type":"cond-expr","locations":[{"start":{"line":18,"column":98},"end":{"line":18,"column":99}},{"start":{"line":18,"column":102},"end":{"line":18,"column":121}}],"line":18},"4":{"loc":{"start":{"line":19,"column":44},"end":{"line":19,"column":121}},"type":"cond-expr","locations":[{"start":{"line":19,"column":98},"end":{"line":19,"column":99}},{"start":{"line":19,"column":102},"end":{"line":19,"column":121}}],"line":19},"5":{"loc":{"start":{"line":21,"column":4},"end":{"line":23,"column":5}},"type":"if","locations":[{"start":{"line":21,"column":4},"end":{"line":23,"column":5}},{"start":{},"end":{}}],"line":21},"6":{"loc":{"start":{"line":26,"column":6},"end":{"line":28,"column":7}},"type":"if","locations":[{"start":{"line":26,"column":6},"end":{"line":28,"column":7}},{"start":{},"end":{}}],"line":26}},"s":{"0":6,"1":0,"2":0,"3":0,"4":0,"5":0,"6":0,"7":0,"8":0,"9":0,"10":0,"11":0,"12":0,"13":0,"14":0,"15":0,"16":0},"f":{"0":0,"1":0,"2":0},"b":{"0":[0,0],"1":[0,0],"2":[0,0],"3":[0,0],"4":[0,0],"5":[0,0],"6":[0,0]},"_coverageSchema":"1a1c01bbd47fc00a2c39e90264f33305004495a9","hash":"a978877e23d5fbb195b4cc1b649373f541006b39"}
}
