TN:
SF:src\Routers\AmenitiesRouter.ts
FN:33,(anonymous_0)
FN:57,(anonymous_1)
FN:84,(anonymous_2)
FN:112,(anonymous_3)
FN:134,(anonymous_4)
FN:156,(anonymous_5)
FNF:6
FNH:6
FNDA:2,(anonymous_0)
FNDA:2,(anonymous_1)
FNDA:2,(anonymous_2)
FNDA:2,(anonymous_3)
FNDA:2,(anonymous_4)
FNDA:3,(anonymous_5)
DA:21,1
DA:23,1
DA:24,1
DA:25,1
DA:26,1
DA:33,1
DA:35,2
DA:36,2
DA:38,2
DA:39,1
DA:40,1
DA:41,1
DA:45,1
DA:46,1
DA:47,1
DA:48,1
DA:57,1
DA:60,2
DA:61,2
DA:63,2
DA:64,1
DA:65,1
DA:66,1
DA:70,1
DA:71,1
DA:72,1
DA:73,1
DA:74,1
DA:84,1
DA:88,2
DA:89,2
DA:91,2
DA:92,1
DA:93,1
DA:94,1
DA:98,1
DA:99,1
DA:100,1
DA:101,1
DA:103,1
DA:104,1
DA:112,1
DA:114,2
DA:115,2
DA:117,2
DA:118,1
DA:119,1
DA:120,1
DA:124,1
DA:125,1
DA:126,1
DA:134,1
DA:136,2
DA:137,2
DA:139,2
DA:140,1
DA:141,1
DA:142,1
DA:146,1
DA:147,1
DA:148,1
DA:156,1
DA:159,3
DA:160,3
DA:162,3
DA:163,1
DA:164,1
DA:165,1
DA:169,2
DA:170,2
DA:171,2
DA:173,2
DA:175,2
DA:195,2
DA:196,1
DA:199,1
DA:204,1
LF:77
LH:77
BRDA:38,0,0,1
BRDA:38,0,1,1
BRDA:63,1,0,1
BRDA:63,1,1,1
BRDA:91,2,0,1
BRDA:91,2,1,1
BRDA:117,3,0,1
BRDA:117,3,1,1
BRDA:139,4,0,1
BRDA:139,4,1,1
BRDA:162,5,0,1
BRDA:162,5,1,2
BRDA:175,6,0,2
BRDA:175,6,1,0
BRDA:176,7,0,2
BRDA:176,7,1,0
BRDA:195,8,0,1
BRDA:195,8,1,1
BRF:18
BRH:16
end_of_record
TN:
SF:src\Routers\InfrastructureRouter.ts
FN:13,(anonymous_0)
FNF:1
FNH:1
FNDA:3,(anonymous_0)
DA:6,1
DA:13,1
DA:16,3
DA:17,3
DA:19,3
DA:20,1
DA:21,1
DA:22,1
DA:26,2
DA:27,2
DA:28,2
DA:30,2
DA:41,2
DA:42,1
DA:45,1
LF:15
LH:15
BRDA:19,0,0,1
BRDA:19,0,1,2
BRDA:30,1,0,2
BRDA:30,1,1,0
BRDA:31,2,0,2
BRDA:31,2,1,0
BRDA:41,3,0,1
BRDA:41,3,1,1
BRF:8
BRH:6
end_of_record
TN:
SF:src\Routers\NavRouter.ts
FN:35,(anonymous_0)
FN:42,(anonymous_1)
FN:70,(anonymous_2)
FN:75,(anonymous_3)
FN:109,(anonymous_4)
FN:158,(anonymous_5)
FN:183,(anonymous_6)
FN:197,(anonymous_7)
FN:226,(anonymous_8)
FN:239,(anonymous_9)
FN:252,(anonymous_10)
FN:265,(anonymous_11)
FN:266,(anonymous_12)
FN:268,(anonymous_13)
FNF:14
FNH:5
FNDA:2,(anonymous_0)
FNDA:0,(anonymous_1)
FNDA:0,(anonymous_2)
FNDA:0,(anonymous_3)
FNDA:2,(anonymous_4)
FNDA:0,(anonymous_5)
FNDA:4,(anonymous_6)
FNDA:5,(anonymous_7)
FNDA:4,(anonymous_8)
FNDA:0,(anonymous_9)
FNDA:0,(anonymous_10)
FNDA:0,(anonymous_11)
FNDA:0,(anonymous_12)
FNDA:0,(anonymous_13)
DA:16,1
DA:17,1
DA:19,1
DA:20,1
DA:21,1
DA:22,1
DA:23,1
DA:35,2
DA:36,1
DA:37,1
DA:42,1
DA:43,0
DA:44,0
DA:45,0
DA:46,0
DA:47,0
DA:48,0
DA:55,0
DA:56,0
DA:57,0
DA:60,0
DA:64,0
DA:69,0
DA:70,0
DA:71,0
DA:75,1
DA:76,0
DA:109,1
DA:114,2
DA:115,2
DA:117,2
DA:118,1
DA:119,1
DA:120,1
DA:124,1
DA:126,1
DA:127,1
DA:129,1
DA:130,1
DA:133,1
DA:134,1
DA:136,1
DA:137,1
DA:145,1
DA:147,1
DA:148,1
DA:152,1
DA:154,0
DA:155,0
DA:157,1
DA:158,1
DA:159,0
DA:160,0
DA:161,0
DA:163,1
DA:165,0
DA:166,0
DA:183,1
DA:194,4
DA:195,4
DA:197,4
DA:198,5
DA:199,5
DA:200,5
DA:201,5
DA:202,4
DA:204,0
DA:205,0
DA:207,2
DA:208,2
DA:211,2
DA:212,2
DA:213,2
DA:216,0
DA:217,0
DA:218,0
DA:222,1
DA:226,4
DA:227,4
DA:228,4
DA:239,1
DA:240,0
DA:241,0
DA:242,0
DA:245,0
DA:252,1
DA:253,0
DA:254,0
DA:255,0
DA:258,0
DA:265,1
DA:266,0
DA:267,0
DA:268,0
DA:269,0
DA:271,0
LF:96
LH:56
BRDA:25,0,0,1
BRDA:25,0,1,0
BRDA:26,1,0,1
BRDA:26,1,1,0
BRDA:30,2,0,1
BRDA:30,2,1,0
BRDA:31,3,0,1
BRDA:31,3,1,0
BRDA:45,4,0,0
BRDA:45,4,1,0
BRDA:45,5,0,0
BRDA:45,5,1,0
BRDA:46,6,0,0
BRDA:46,6,1,0
BRDA:55,7,0,0
BRDA:55,7,1,0
BRDA:117,8,0,1
BRDA:117,8,1,1
BRDA:148,9,0,1
BRDA:148,9,1,0
BRDA:152,10,0,0
BRDA:152,10,1,1
BRDA:160,11,0,0
BRDA:160,11,1,0
BRDA:202,12,0,0
BRDA:202,12,1,2
BRDA:202,12,2,2
BRDA:202,12,3,0
BRF:28
BRH:10
end_of_record
TN:
SF:src\Routers\TestRouter.ts
FN:6,(anonymous_0)
FNF:1
FNH:0
FNDA:0,(anonymous_0)
DA:3,1
DA:6,1
DA:7,0
LF:3
LH:2
BRF:0
BRH:0
end_of_record
TN:
SF:src\TSObjects\AmenityManager.ts
FN:10,(anonymous_0)
FN:14,(anonymous_1)
FN:25,(anonymous_2)
FN:33,(anonymous_3)
FN:43,(anonymous_4)
FN:47,(anonymous_5)
FNF:6
FNH:6
FNDA:3,(anonymous_0)
FNDA:2,(anonymous_1)
FNDA:5,(anonymous_2)
FNDA:4,(anonymous_3)
FNDA:5,(anonymous_4)
FNDA:4,(anonymous_5)
DA:10,12
DA:11,3
DA:12,2
DA:14,2
DA:15,2
DA:17,1
DA:25,12
DA:26,5
DA:27,4
DA:33,4
DA:34,4
DA:36,1
DA:43,12
DA:44,5
DA:45,4
DA:47,4
DA:48,4
DA:50,1
LF:18
LH:18
BRDA:11,0,0,2
BRDA:11,0,1,1
BRDA:11,1,0,3
BRDA:11,1,1,2
BRDA:26,2,0,4
BRDA:26,2,1,1
BRDA:26,3,0,5
BRDA:26,3,1,4
BRDA:44,4,0,4
BRDA:44,4,1,1
BRDA:44,5,0,5
BRDA:44,5,1,4
BRF:12
BRH:12
end_of_record
TN:
SF:src\TSObjects\FilteringSystem.ts
FN:11,(anonymous_0)
FN:20,(anonymous_1)
FN:30,(anonymous_2)
FN:41,(anonymous_3)
FN:43,(anonymous_4)
FN:53,(anonymous_5)
FN:54,(anonymous_6)
FN:54,(anonymous_7)
FN:91,(anonymous_8)
FNF:9
FNH:9
FNDA:7,(anonymous_0)
FNDA:15,(anonymous_1)
FNDA:5,(anonymous_2)
FNDA:4,(anonymous_3)
FNDA:5,(anonymous_4)
FNDA:24,(anonymous_5)
FNDA:72,(anonymous_6)
FNDA:69,(anonymous_7)
FNDA:15,(anonymous_8)
DA:12,7
DA:20,7
DA:21,15
DA:22,15
DA:30,7
DA:31,5
DA:32,5
DA:41,7
DA:42,4
DA:43,5
DA:44,4
DA:53,7
DA:54,72
DA:55,69
DA:56,48
DA:61,21
DA:63,15
DA:64,15
DA:65,3
DA:67,15
DA:68,3
DA:70,15
DA:71,3
DA:73,15
DA:74,6
DA:76,15
DA:79,6
DA:91,7
DA:93,15
LF:29
LH:29
BRDA:55,0,0,48
BRDA:55,0,1,21
BRDA:57,1,0,48
BRDA:57,1,1,32
BRDA:57,1,2,20
BRDA:61,2,0,15
BRDA:61,2,1,6
BRDA:61,3,0,21
BRDA:61,3,1,21
BRDA:64,4,0,3
BRDA:64,4,1,12
BRDA:65,5,0,3
BRDA:65,5,1,3
BRDA:67,6,0,3
BRDA:67,6,1,12
BRDA:68,7,0,3
BRDA:68,7,1,3
BRDA:70,8,0,3
BRDA:70,8,1,12
BRDA:71,9,0,3
BRDA:71,9,1,3
BRDA:73,10,0,6
BRDA:73,10,1,9
BRDA:74,11,0,6
BRDA:74,11,1,6
BRDA:76,12,0,15
BRDA:76,12,1,15
BRF:27
BRH:27
end_of_record
TN:
SF:src\TSObjects\InfrastructuralResourcesManager.ts
FNF:0
FNH:0
LF:0
LH:0
BRF:0
BRH:0
end_of_record
TN:
SF:src\TSObjects\NavigationSystem.ts
FN:21,(anonymous_0)
FN:31,(anonymous_1)
FN:40,(anonymous_2)
FN:50,(anonymous_3)
FN:79,(anonymous_4)
FN:80,(anonymous_5)
FN:106,(anonymous_6)
FN:114,(anonymous_7)
FN:118,(anonymous_8)
FN:119,(anonymous_9)
FN:119,(anonymous_10)
FN:121,(anonymous_11)
FN:122,(anonymous_12)
FN:133,(anonymous_13)
FN:134,(anonymous_14)
FN:165,(anonymous_15)
FN:166,(anonymous_16)
FN:219,(anonymous_17)
FN:231,(anonymous_18)
FN:232,(anonymous_19)
FN:247,(anonymous_20)
FN:248,(anonymous_21)
FN:267,(anonymous_22)
FN:284,(anonymous_23)
FNF:24
FNH:19
FNDA:6,(anonymous_0)
FNDA:2,(anonymous_1)
FNDA:2,(anonymous_2)
FNDA:5,(anonymous_3)
FNDA:2,(anonymous_4)
FNDA:5,(anonymous_5)
FNDA:3,(anonymous_6)
FNDA:3,(anonymous_7)
FNDA:3,(anonymous_8)
FNDA:6,(anonymous_9)
FNDA:6,(anonymous_10)
FNDA:3,(anonymous_11)
FNDA:6,(anonymous_12)
FNDA:1,(anonymous_13)
FNDA:1,(anonymous_14)
FNDA:0,(anonymous_15)
FNDA:0,(anonymous_16)
FNDA:0,(anonymous_17)
FNDA:0,(anonymous_18)
FNDA:0,(anonymous_19)
FNDA:7,(anonymous_20)
FNDA:11,(anonymous_21)
FNDA:3,(anonymous_22)
FNDA:1,(anonymous_23)
DA:15,6
DA:16,5
DA:17,6
DA:22,6
DA:23,6
DA:31,6
DA:33,2
DA:34,2
DA:36,2
DA:40,2
DA:41,2
DA:50,6
DA:51,5
DA:60,5
DA:61,5
DA:62,5
DA:66,5
DA:67,5
DA:79,6
DA:80,5
DA:81,2
DA:82,2
DA:83,2
DA:84,2
DA:85,2
DA:86,2
DA:87,2
DA:91,2
DA:92,2
DA:95,0
DA:106,6
DA:107,3
DA:114,3
DA:115,3
DA:119,6
DA:122,6
DA:133,6
DA:134,1
DA:135,1
DA:136,1
DA:137,0
DA:138,0
DA:141,0
DA:145,1
DA:147,1
DA:148,1
DA:152,1
DA:155,0
DA:165,6
DA:166,0
DA:167,0
DA:169,0
DA:171,0
DA:172,0
DA:174,0
DA:176,0
DA:178,0
DA:182,0
DA:186,0
DA:190,0
DA:191,0
DA:192,0
DA:194,0
DA:196,0
DA:200,0
DA:204,0
DA:210,0
DA:219,6
DA:220,0
DA:221,0
DA:231,6
DA:232,0
DA:233,0
DA:234,0
DA:235,0
DA:238,0
DA:247,6
DA:248,11
DA:249,7
DA:250,5
DA:251,5
DA:252,5
DA:255,2
DA:267,5
DA:268,3
DA:269,3
DA:270,3
DA:271,3
DA:272,3
DA:284,5
DA:285,1
DA:286,1
DA:287,1
DA:288,1
DA:289,1
LF:95
LH:65
BRDA:34,0,0,2
BRDA:34,0,1,0
BRDA:38,1,0,2
BRDA:38,1,1,0
BRDA:81,2,0,2
BRDA:81,2,1,0
BRDA:107,3,0,3
BRDA:107,3,1,0
BRDA:110,4,0,0
BRDA:110,4,1,3
BRDA:112,5,0,3
BRDA:112,5,1,0
BRDA:122,6,0,0
BRDA:122,6,1,6
BRDA:122,7,0,6
BRDA:122,7,1,0
BRDA:135,8,0,1
BRDA:135,8,1,0
BRDA:136,9,0,0
BRDA:136,9,1,1
BRDA:137,10,0,0
BRDA:137,10,1,0
BRDA:167,11,0,0
BRDA:167,11,1,0
BRDA:169,12,0,0
BRDA:169,12,1,0
BRDA:169,13,0,0
BRDA:169,13,1,0
BRDA:169,13,2,0
BRDA:172,14,0,0
BRDA:172,14,1,0
BRDA:172,15,0,0
BRDA:172,15,1,0
BRDA:174,16,0,0
BRDA:174,16,1,0
BRDA:190,17,0,0
BRDA:190,17,1,0
BRDA:192,18,0,0
BRDA:192,18,1,0
BRDA:233,19,0,0
BRDA:233,19,1,0
BRDA:249,20,0,5
BRDA:249,20,1,2
BRF:43
BRH:12
end_of_record
TN:
SF:src\TSObjects\RecommendationSystem.ts
FN:16,(anonymous_0)
FN:25,(anonymous_1)
FN:36,(anonymous_2)
FN:45,(anonymous_3)
FN:50,(anonymous_4)
FN:55,(anonymous_5)
FN:68,(anonymous_6)
FN:71,(anonymous_7)
FN:77,(anonymous_8)
FN:84,(anonymous_9)
FNF:10
FNH:10
FNDA:7,(anonymous_0)
FNDA:7,(anonymous_1)
FNDA:7,(anonymous_2)
FNDA:13,(anonymous_3)
FNDA:5,(anonymous_4)
FNDA:13,(anonymous_5)
FNDA:7,(anonymous_6)
FNDA:6,(anonymous_7)
FNDA:2,(anonymous_8)
FNDA:4,(anonymous_9)
DA:17,7
DA:25,7
DA:26,7
DA:27,7
DA:36,7
DA:37,7
DA:38,7
DA:39,7
DA:43,5
DA:45,13
DA:47,5
DA:50,5
DA:51,5
DA:52,5
DA:54,7
DA:55,13
DA:60,7
DA:68,5
DA:69,7
DA:71,6
DA:77,2
DA:84,4
LF:22
LH:22
BRDA:39,0,0,5
BRDA:39,0,1,2
BRDA:39,1,0,7
BRDA:39,1,1,5
BRDA:39,1,2,5
BRDA:54,2,0,5
BRDA:54,2,1,2
BRDA:54,3,0,7
BRDA:54,3,1,5
BRDA:69,4,0,4
BRDA:69,4,1,1
BRDA:69,4,2,0
BRDA:69,4,3,2
BRDA:71,5,0,6
BRDA:71,5,1,0
BRDA:71,6,0,6
BRDA:71,6,1,6
BRDA:72,7,0,0
BRDA:72,7,1,6
BRDA:77,8,0,2
BRDA:77,8,1,0
BRDA:77,9,0,2
BRDA:77,9,1,2
BRDA:78,10,0,0
BRDA:78,10,1,2
BRDA:84,11,0,2
BRDA:84,11,1,2
BRF:27
BRH:22
end_of_record
TN:
SF:src\TSObjects\ReroutingSystem.ts
FN:11,(anonymous_0)
FN:15,(anonymous_1)
FN:16,(anonymous_2)
FNF:3
FNH:0
FNDA:0,(anonymous_0)
FNDA:0,(anonymous_1)
FNDA:0,(anonymous_2)
DA:11,6
DA:12,0
DA:13,0
DA:15,0
DA:16,0
DA:17,0
DA:18,0
DA:19,0
DA:21,0
DA:22,0
DA:24,0
DA:26,0
DA:27,0
DA:31,0
LF:14
LH:1
BRDA:12,0,0,0
BRDA:12,0,1,0
BRDA:15,1,0,0
BRDA:15,1,1,0
BRDA:16,2,0,0
BRDA:16,2,1,0
BRDA:18,3,0,0
BRDA:18,3,1,0
BRDA:19,4,0,0
BRDA:19,4,1,0
BRDA:21,5,0,0
BRDA:21,5,1,0
BRDA:26,6,0,0
BRDA:26,6,1,0
BRF:14
BRH:0
end_of_record
