TN:
SF:src\Routers\AmenitiesRouter.ts
FN:33,(anonymous_0)
FN:57,(anonymous_1)
FN:84,(anonymous_2)
FN:112,(anonymous_3)
FN:134,(anonymous_4)
FN:156,(anonymous_5)
FNF:6
FNH:6
FNDA:2,(anonymous_0)
FNDA:2,(anonymous_1)
FNDA:2,(anonymous_2)
FNDA:2,(anonymous_3)
FNDA:2,(anonymous_4)
FNDA:3,(anonymous_5)
DA:21,6
DA:23,6
DA:24,6
DA:25,6
DA:26,6
DA:33,6
DA:35,2
DA:36,2
DA:38,2
DA:39,1
DA:40,1
DA:41,1
DA:45,1
DA:46,1
DA:47,1
DA:48,1
DA:57,6
DA:60,2
DA:61,2
DA:63,2
DA:64,1
DA:65,1
DA:66,1
DA:70,1
DA:71,1
DA:72,1
DA:73,1
DA:74,1
DA:84,6
DA:88,2
DA:89,2
DA:91,2
DA:92,1
DA:93,1
DA:94,1
DA:98,1
DA:99,1
DA:100,1
DA:101,1
DA:103,1
DA:104,1
DA:112,6
DA:114,2
DA:115,2
DA:117,2
DA:118,1
DA:119,1
DA:120,1
DA:124,1
DA:125,1
DA:126,1
DA:134,6
DA:136,2
DA:137,2
DA:139,2
DA:140,1
DA:141,1
DA:142,1
DA:146,1
DA:147,1
DA:148,1
DA:156,6
DA:159,3
DA:160,3
DA:162,3
DA:163,1
DA:164,1
DA:165,1
DA:169,2
DA:170,2
DA:171,2
DA:173,2
DA:175,2
DA:195,2
DA:196,1
DA:199,1
DA:204,6
LF:77
LH:77
BRDA:38,0,0,1
BRDA:38,0,1,1
BRDA:63,1,0,1
BRDA:63,1,1,1
BRDA:91,2,0,1
BRDA:91,2,1,1
BRDA:117,3,0,1
BRDA:117,3,1,1
BRDA:139,4,0,1
BRDA:139,4,1,1
BRDA:162,5,0,1
BRDA:162,5,1,2
BRDA:175,6,0,2
BRDA:175,6,1,0
BRDA:176,7,0,2
BRDA:176,7,1,0
BRDA:195,8,0,1
BRDA:195,8,1,1
BRF:18
BRH:16
end_of_record
TN:
SF:src\Routers\InfrastructureRouter.ts
FN:13,(anonymous_0)
FNF:1
FNH:1
FNDA:3,(anonymous_0)
DA:6,6
DA:13,6
DA:16,3
DA:17,3
DA:19,3
DA:20,1
DA:21,1
DA:22,1
DA:26,2
DA:27,2
DA:28,2
DA:30,2
DA:41,2
DA:42,1
DA:45,1
LF:15
LH:15
BRDA:19,0,0,1
BRDA:19,0,1,2
BRDA:30,1,0,2
BRDA:30,1,1,0
BRDA:31,2,0,2
BRDA:31,2,1,0
BRDA:41,3,0,1
BRDA:41,3,1,1
BRF:8
BRH:6
end_of_record
TN:
SF:src\Routers\NavRouter.ts
FN:35,(anonymous_0)
FN:43,(anonymous_1)
FN:72,(anonymous_2)
FN:78,(anonymous_3)
FN:116,(anonymous_4)
FN:165,(anonymous_5)
FN:190,(anonymous_6)
FN:204,(anonymous_7)
FN:233,(anonymous_8)
FN:246,(anonymous_9)
FN:260,(anonymous_10)
FN:274,(anonymous_11)
FN:275,(anonymous_12)
FN:277,(anonymous_13)
FNF:14
FNH:13
FNDA:12,(anonymous_0)
FNDA:19,(anonymous_1)
FNDA:8,(anonymous_2)
FNDA:6,(anonymous_3)
FNDA:2,(anonymous_4)
FNDA:0,(anonymous_5)
FNDA:9,(anonymous_6)
FNDA:13,(anonymous_7)
FNDA:9,(anonymous_8)
FNDA:3,(anonymous_9)
FNDA:2,(anonymous_10)
FNDA:11,(anonymous_11)
FNDA:22,(anonymous_12)
FNDA:10,(anonymous_13)
DA:16,6
DA:17,6
DA:19,6
DA:20,6
DA:21,6
DA:22,6
DA:23,6
DA:35,12
DA:36,6
DA:37,6
DA:38,6
DA:43,6
DA:44,19
DA:45,18
DA:46,36
DA:47,36
DA:48,36
DA:49,12
DA:50,12
DA:57,12
DA:58,12
DA:59,12
DA:62,0
DA:66,0
DA:71,18
DA:72,18
DA:73,8
DA:78,6
DA:79,6
DA:80,6
DA:81,1
DA:82,1
DA:116,6
DA:121,2
DA:122,2
DA:124,2
DA:125,1
DA:126,1
DA:127,1
DA:131,1
DA:133,1
DA:134,1
DA:136,1
DA:137,1
DA:140,1
DA:141,1
DA:143,1
DA:144,1
DA:152,1
DA:154,1
DA:155,1
DA:159,1
DA:161,0
DA:162,0
DA:164,1
DA:165,1
DA:166,0
DA:167,0
DA:168,0
DA:170,1
DA:172,0
DA:173,0
DA:190,6
DA:201,9
DA:202,9
DA:204,9
DA:205,13
DA:206,13
DA:207,13
DA:208,13
DA:209,12
DA:211,2
DA:212,1
DA:214,2
DA:215,2
DA:218,7
DA:219,7
DA:220,7
DA:223,1
DA:224,1
DA:225,1
DA:229,2
DA:233,9
DA:234,9
DA:235,9
DA:246,6
DA:247,3
DA:248,3
DA:249,3
DA:250,3
DA:253,0
DA:260,6
DA:261,2
DA:262,2
DA:263,2
DA:264,2
DA:267,0
DA:274,6
DA:275,22
DA:276,11
DA:277,11
DA:278,10
DA:280,11
LF:103
LH:92
BRDA:25,0,0,6
BRDA:25,0,1,0
BRDA:26,1,0,6
BRDA:26,1,1,0
BRDA:30,2,0,6
BRDA:30,2,1,0
BRDA:31,3,0,6
BRDA:31,3,1,0
BRDA:44,4,0,18
BRDA:44,4,1,1
BRDA:44,5,0,19
BRDA:44,5,1,19
BRDA:47,6,0,36
BRDA:47,6,1,0
BRDA:47,7,0,36
BRDA:47,7,1,36
BRDA:48,8,0,12
BRDA:48,8,1,24
BRDA:57,9,0,12
BRDA:57,9,1,0
BRDA:80,10,0,1
BRDA:80,10,1,5
BRDA:124,11,0,1
BRDA:124,11,1,1
BRDA:155,12,0,1
BRDA:155,12,1,0
BRDA:159,13,0,0
BRDA:159,13,1,1
BRDA:167,14,0,0
BRDA:167,14,1,0
BRDA:209,15,0,2
BRDA:209,15,1,2
BRDA:209,15,2,7
BRDA:209,15,3,1
BRF:34
BRH:24
end_of_record
TN:
SF:src\Routers\TestRouter.ts
FN:6,(anonymous_0)
FNF:1
FNH:1
FNDA:5,(anonymous_0)
DA:3,6
DA:6,6
DA:7,5
LF:3
LH:3
BRF:0
BRH:0
end_of_record
TN:
SF:src\TSObjects\AmenityManager.ts
FN:10,(anonymous_0)
FN:14,(anonymous_1)
FN:25,(anonymous_2)
FN:33,(anonymous_3)
FN:43,(anonymous_4)
FN:47,(anonymous_5)
FNF:6
FNH:6
FNDA:3,(anonymous_0)
FNDA:2,(anonymous_1)
FNDA:5,(anonymous_2)
FNDA:4,(anonymous_3)
FNDA:9,(anonymous_4)
FNDA:8,(anonymous_5)
DA:10,24
DA:11,3
DA:12,2
DA:14,2
DA:15,2
DA:17,1
DA:25,24
DA:26,5
DA:27,4
DA:33,4
DA:34,4
DA:36,1
DA:43,24
DA:44,9
DA:45,8
DA:47,8
DA:48,8
DA:50,1
LF:18
LH:18
BRDA:11,0,0,2
BRDA:11,0,1,1
BRDA:11,1,0,3
BRDA:11,1,1,2
BRDA:26,2,0,4
BRDA:26,2,1,1
BRDA:26,3,0,5
BRDA:26,3,1,4
BRDA:44,4,0,8
BRDA:44,4,1,1
BRDA:44,5,0,9
BRDA:44,5,1,8
BRF:12
BRH:12
end_of_record
TN:
SF:src\TSObjects\FilteringSystem.ts
FN:10,(anonymous_0)
FN:19,(anonymous_1)
FN:29,(anonymous_2)
FN:40,(anonymous_3)
FN:42,(anonymous_4)
FN:52,(anonymous_5)
FN:53,(anonymous_6)
FN:53,(anonymous_7)
FN:90,(anonymous_8)
FNF:9
FNH:9
FNDA:18,(anonymous_0)
FNDA:19,(anonymous_1)
FNDA:5,(anonymous_2)
FNDA:4,(anonymous_3)
FNDA:5,(anonymous_4)
FNDA:28,(anonymous_5)
FNDA:84,(anonymous_6)
FNDA:93,(anonymous_7)
FNDA:19,(anonymous_8)
DA:11,18
DA:19,18
DA:20,19
DA:21,19
DA:29,18
DA:30,5
DA:31,5
DA:40,18
DA:41,4
DA:42,5
DA:43,4
DA:52,18
DA:53,84
DA:54,93
DA:55,60
DA:60,33
DA:62,27
DA:63,27
DA:64,3
DA:66,27
DA:67,15
DA:69,27
DA:70,3
DA:72,27
DA:73,6
DA:75,27
DA:78,6
DA:90,18
DA:92,19
LF:29
LH:29
BRDA:54,0,0,60
BRDA:54,0,1,33
BRDA:56,1,0,60
BRDA:56,1,1,44
BRDA:56,1,2,32
BRDA:60,2,0,27
BRDA:60,2,1,6
BRDA:60,3,0,33
BRDA:60,3,1,33
BRDA:63,4,0,3
BRDA:63,4,1,24
BRDA:64,5,0,3
BRDA:64,5,1,3
BRDA:66,6,0,15
BRDA:66,6,1,12
BRDA:67,7,0,15
BRDA:67,7,1,15
BRDA:69,8,0,3
BRDA:69,8,1,24
BRDA:70,9,0,3
BRDA:70,9,1,3
BRDA:72,10,0,6
BRDA:72,10,1,21
BRDA:73,11,0,6
BRDA:73,11,1,6
BRDA:75,12,0,27
BRDA:75,12,1,23
BRF:27
BRH:27
end_of_record
TN:
SF:src\TSObjects\InfrastructuralResourcesManager.ts
FNF:0
FNH:0
LF:0
LH:0
BRF:0
BRH:0
end_of_record
TN:
SF:src\TSObjects\NavigationSystem.ts
FN:21,(anonymous_0)
FN:31,(anonymous_1)
FN:40,(anonymous_2)
FN:50,(anonymous_3)
FN:79,(anonymous_4)
FN:80,(anonymous_5)
FN:106,(anonymous_6)
FN:114,(anonymous_7)
FN:118,(anonymous_8)
FN:119,(anonymous_9)
FN:119,(anonymous_10)
FN:121,(anonymous_11)
FN:122,(anonymous_12)
FN:133,(anonymous_13)
FN:134,(anonymous_14)
FN:165,(anonymous_15)
FN:166,(anonymous_16)
FN:219,(anonymous_17)
FN:231,(anonymous_18)
FN:232,(anonymous_19)
FN:247,(anonymous_20)
FN:248,(anonymous_21)
FN:267,(anonymous_22)
FN:284,(anonymous_23)
FNF:24
FNH:24
FNDA:12,(anonymous_0)
FNDA:2,(anonymous_1)
FNDA:2,(anonymous_2)
FNDA:12,(anonymous_3)
FNDA:10,(anonymous_4)
FNDA:12,(anonymous_5)
FNDA:16,(anonymous_6)
FNDA:16,(anonymous_7)
FNDA:16,(anonymous_8)
FNDA:44,(anonymous_9)
FNDA:83,(anonymous_10)
FNDA:16,(anonymous_11)
FNDA:44,(anonymous_12)
FNDA:5,(anonymous_13)
FNDA:4,(anonymous_14)
FNDA:11,(anonymous_15)
FNDA:16,(anonymous_16)
FNDA:5,(anonymous_17)
FNDA:2,(anonymous_18)
FNDA:1,(anonymous_19)
FNDA:14,(anonymous_20)
FNDA:19,(anonymous_21)
FNDA:3,(anonymous_22)
FNDA:1,(anonymous_23)
DA:15,12
DA:16,6
DA:17,12
DA:22,12
DA:23,12
DA:31,12
DA:33,2
DA:34,2
DA:36,2
DA:40,2
DA:41,2
DA:50,12
DA:51,12
DA:60,12
DA:61,12
DA:62,12
DA:66,12
DA:67,12
DA:79,12
DA:80,12
DA:81,10
DA:82,9
DA:83,9
DA:84,9
DA:85,9
DA:86,9
DA:87,9
DA:91,9
DA:92,9
DA:95,1
DA:106,12
DA:107,16
DA:114,16
DA:115,16
DA:119,83
DA:122,44
DA:133,12
DA:134,5
DA:135,5
DA:136,4
DA:137,2
DA:138,1
DA:141,1
DA:145,2
DA:147,3
DA:148,3
DA:152,3
DA:155,1
DA:165,12
DA:166,16
DA:167,11
DA:169,10
DA:171,6
DA:172,6
DA:174,4
DA:176,4
DA:178,4
DA:182,4
DA:186,4
DA:190,2
DA:191,2
DA:192,2
DA:194,1
DA:196,1
DA:200,1
DA:204,1
DA:210,1
DA:219,12
DA:220,5
DA:221,7
DA:231,12
DA:232,2
DA:233,2
DA:234,1
DA:235,1
DA:238,1
DA:247,12
DA:248,19
DA:249,14
DA:250,12
DA:251,12
DA:252,12
DA:255,2
DA:267,6
DA:268,3
DA:269,3
DA:270,3
DA:271,3
DA:272,3
DA:284,6
DA:285,1
DA:286,1
DA:287,1
DA:288,1
DA:289,1
LF:95
LH:95
BRDA:34,0,0,2
BRDA:34,0,1,0
BRDA:38,1,0,2
BRDA:38,1,1,0
BRDA:81,2,0,9
BRDA:81,2,1,1
BRDA:107,3,0,16
BRDA:107,3,1,0
BRDA:110,4,0,2
BRDA:110,4,1,14
BRDA:112,5,0,16
BRDA:112,5,1,0
BRDA:122,6,0,21
BRDA:122,6,1,23
BRDA:122,7,0,26
BRDA:122,7,1,18
BRDA:135,8,0,4
BRDA:135,8,1,1
BRDA:136,9,0,2
BRDA:136,9,1,2
BRDA:137,10,0,1
BRDA:137,10,1,1
BRDA:167,11,0,10
BRDA:167,11,1,1
BRDA:169,12,0,6
BRDA:169,12,1,4
BRDA:169,13,0,10
BRDA:169,13,1,6
BRDA:169,13,2,6
BRDA:172,14,0,4
BRDA:172,14,1,2
BRDA:172,15,0,6
BRDA:172,15,1,6
BRDA:174,16,0,4
BRDA:174,16,1,0
BRDA:190,17,0,2
BRDA:190,17,1,0
BRDA:192,18,0,1
BRDA:192,18,1,1
BRDA:233,19,0,1
BRDA:233,19,1,1
BRDA:249,20,0,12
BRDA:249,20,1,2
BRF:43
BRH:37
end_of_record
TN:
SF:src\TSObjects\RecommendationSystem.ts
FN:16,(anonymous_0)
FN:25,(anonymous_1)
FN:36,(anonymous_2)
FN:45,(anonymous_3)
FN:50,(anonymous_4)
FN:55,(anonymous_5)
FN:68,(anonymous_6)
FN:71,(anonymous_7)
FN:77,(anonymous_8)
FN:84,(anonymous_9)
FNF:10
FNH:10
FNDA:18,(anonymous_0)
FNDA:11,(anonymous_1)
FNDA:11,(anonymous_2)
FNDA:21,(anonymous_3)
FNDA:9,(anonymous_4)
FNDA:21,(anonymous_5)
FNDA:11,(anonymous_6)
FNDA:10,(anonymous_7)
FNDA:2,(anonymous_8)
FNDA:4,(anonymous_9)
DA:17,18
DA:25,18
DA:26,11
DA:27,11
DA:36,18
DA:37,11
DA:38,11
DA:39,11
DA:43,9
DA:45,21
DA:47,9
DA:50,9
DA:51,9
DA:52,9
DA:54,11
DA:55,21
DA:60,11
DA:68,6
DA:69,11
DA:71,10
DA:77,2
DA:84,4
LF:22
LH:22
BRDA:39,0,0,9
BRDA:39,0,1,2
BRDA:39,1,0,11
BRDA:39,1,1,9
BRDA:39,1,2,9
BRDA:54,2,0,9
BRDA:54,2,1,2
BRDA:54,3,0,11
BRDA:54,3,1,9
BRDA:69,4,0,8
BRDA:69,4,1,1
BRDA:69,4,2,0
BRDA:69,4,3,2
BRDA:71,5,0,10
BRDA:71,5,1,0
BRDA:71,6,0,10
BRDA:71,6,1,10
BRDA:72,7,0,0
BRDA:72,7,1,10
BRDA:77,8,0,2
BRDA:77,8,1,0
BRDA:77,9,0,2
BRDA:77,9,1,2
BRDA:78,10,0,0
BRDA:78,10,1,2
BRDA:84,11,0,2
BRDA:84,11,1,2
BRF:27
BRH:22
end_of_record
TN:
SF:src\TSObjects\ReroutingSystem.ts
FN:11,(anonymous_0)
FN:15,(anonymous_1)
FN:16,(anonymous_2)
FNF:3
FNH:3
FNDA:7,(anonymous_0)
FNDA:7,(anonymous_1)
FNDA:7,(anonymous_2)
DA:11,18
DA:12,7
DA:13,1
DA:15,7
DA:16,7
DA:17,6
DA:18,6
DA:19,6
DA:21,6
DA:22,2
DA:24,4
DA:26,8
DA:27,1
DA:31,3
LF:14
LH:14
BRDA:12,0,0,1
BRDA:12,0,1,6
BRDA:15,1,0,6
BRDA:15,1,1,0
BRDA:16,2,0,6
BRDA:16,2,1,0
BRDA:18,3,0,6
BRDA:18,3,1,0
BRDA:19,4,0,6
BRDA:19,4,1,0
BRDA:21,5,0,2
BRDA:21,5,1,4
BRDA:26,6,0,1
BRDA:26,6,1,7
BRF:14
BRH:10
end_of_record
